<?xml version="1.0" encoding="UTF-8"?>
<coverage generated="1656965695974" clover="3.2.0">
  <project timestamp="1656965695974" name="All files">
    <metrics statements="2166" coveredstatements="2163" conditionals="645" coveredconditionals="617" methods="592" coveredmethods="585" elements="3403" coveredelements="3365" complexity="0" loc="2166" ncloc="2166" packages="12" files="88" classes="88"/>
    <package name="src">
      <metrics statements="713" coveredstatements="713" conditionals="174" coveredconditionals="167" methods="171" coveredmethods="169"/>
      <file name="activeRecord.ts" path="/home/denis/Documents/croct/forks/sdk-js/src/activeRecord.ts">
        <metrics statements="39" coveredstatements="39" conditionals="4" coveredconditionals="2" methods="14" coveredmethods="14"/>
        <line num="4" count="8" type="stmt"/>
        <line num="16" count="8" type="stmt"/>
        <line num="28" count="8" type="stmt"/>
        <line num="29" count="13" type="stmt"/>
        <line num="35" count="8" type="stmt"/>
        <line num="36" count="4" type="cond" truecount="1" falsecount="0"/>
        <line num="37" count="3" type="stmt"/>
        <line num="44" count="1" type="stmt"/>
        <line num="51" count="8" type="stmt"/>
        <line num="52" count="5" type="stmt"/>
        <line num="59" count="8" type="stmt"/>
        <line num="60" count="1" type="stmt"/>
        <line num="71" count="8" type="stmt"/>
        <line num="72" count="2" type="cond" truecount="1" falsecount="0"/>
        <line num="73" count="1" type="stmt"/>
        <line num="80" count="1" type="stmt"/>
        <line num="87" count="8" type="cond" truecount="0" falsecount="1"/>
        <line num="88" count="1" type="stmt"/>
        <line num="95" count="8" type="cond" truecount="0" falsecount="1"/>
        <line num="96" count="1" type="stmt"/>
        <line num="103" count="8" type="stmt"/>
        <line num="104" count="1" type="stmt"/>
        <line num="110" count="8" type="stmt"/>
        <line num="111" count="1" type="stmt"/>
        <line num="117" count="8" type="stmt"/>
        <line num="118" count="1" type="stmt"/>
        <line num="125" count="8" type="stmt"/>
        <line num="126" count="17" type="stmt"/>
        <line num="128" count="17" type="stmt"/>
        <line num="130" count="17" type="stmt"/>
        <line num="132" count="17" type="stmt"/>
        <line num="135" count="8" type="stmt"/>
        <line num="136" count="5" type="stmt"/>
        <line num="138" count="5" type="stmt"/>
        <line num="143" count="8" type="stmt"/>
        <line num="144" count="12" type="stmt"/>
        <line num="147" count="8" type="stmt"/>
        <line num="148" count="5" type="stmt"/>
        <line num="150" count="8" type="stmt"/>
      </file>
      <file name="base64Url.ts" path="/home/denis/Documents/croct/forks/sdk-js/src/base64Url.ts">
        <metrics statements="6" coveredstatements="6" conditionals="0" coveredconditionals="0" methods="4" coveredmethods="4"/>
        <line num="2" count="259" type="stmt"/>
        <line num="6" count="349" type="stmt"/>
        <line num="12" count="19" type="stmt"/>
        <line num="13" count="349" type="stmt"/>
        <line num="16" count="19" type="stmt"/>
        <line num="17" count="259" type="stmt"/>
      </file>
      <file name="constants.ts" path="/home/denis/Documents/croct/forks/sdk-js/src/constants.ts">
        <metrics statements="5" coveredstatements="5" conditionals="0" coveredconditionals="0" methods="0" coveredmethods="0"/>
        <line num="1" count="10" type="stmt"/>
        <line num="2" count="10" type="stmt"/>
        <line num="3" count="10" type="stmt"/>
        <line num="4" count="10" type="stmt"/>
        <line num="5" count="10" type="stmt"/>
      </file>
      <file name="container.ts" path="/home/denis/Documents/croct/forks/sdk-js/src/container.ts">
        <metrics statements="133" coveredstatements="133" conditionals="20" coveredconditionals="20" methods="28" coveredmethods="27"/>
        <line num="1" count="9" type="stmt"/>
        <line num="2" count="9" type="stmt"/>
        <line num="3" count="9" type="stmt"/>
        <line num="4" count="9" type="stmt"/>
        <line num="5" count="9" type="stmt"/>
        <line num="8" count="9" type="stmt"/>
        <line num="9" count="9" type="stmt"/>
        <line num="10" count="9" type="stmt"/>
        <line num="11" count="9" type="stmt"/>
        <line num="12" count="9" type="stmt"/>
        <line num="14" count="9" type="stmt"/>
        <line num="16" count="9" type="stmt"/>
        <line num="17" count="9" type="stmt"/>
        <line num="43" count="9" type="stmt"/>
        <line num="62" count="82" type="stmt"/>
        <line num="65" count="82" type="stmt"/>
        <line num="68" count="9" type="stmt"/>
        <line num="69" count="66" type="stmt"/>
        <line num="72" count="9" type="stmt"/>
        <line num="73" count="5" type="cond" truecount="1" falsecount="0"/>
        <line num="74" count="4" type="stmt"/>
        <line num="77" count="5" type="stmt"/>
        <line num="80" count="9" type="stmt"/>
        <line num="81" count="4" type="stmt"/>
        <line num="89" count="9" type="stmt"/>
        <line num="90" count="23" type="cond" truecount="1" falsecount="0"/>
        <line num="91" count="19" type="stmt"/>
        <line num="94" count="23" type="stmt"/>
        <line num="97" count="9" type="stmt"/>
        <line num="98" count="19" type="stmt"/>
        <line num="100" count="19" type="stmt"/>
        <line num="109" count="19" type="stmt"/>
        <line num="111" count="19" type="stmt"/>
        <line num="112" count="19" type="stmt"/>
        <line num="114" count="19" type="stmt"/>
        <line num="117" count="9" type="stmt"/>
        <line num="118" count="25" type="cond" truecount="1" falsecount="0"/>
        <line num="119" count="21" type="stmt"/>
        <line num="120" count="21" type="stmt"/>
        <line num="123" count="25" type="stmt"/>
        <line num="126" count="9" type="stmt"/>
        <line num="127" count="151" type="cond" truecount="1" falsecount="0"/>
        <line num="128" count="73" type="stmt"/>
        <line num="131" count="151" type="stmt"/>
        <line num="134" count="9" type="stmt"/>
        <line num="135" count="73" type="stmt"/>
        <line num="136" count="73" type="stmt"/>
        <line num="137" count="73" type="stmt"/>
        <line num="138" count="73" type="stmt"/>
        <line num="139" count="73" type="stmt"/>
        <line num="141" count="73" type="stmt"/>
        <line num="143" count="73" type="stmt"/>
        <line num="155" count="9" type="stmt"/>
        <line num="156" count="19" type="cond" truecount="1" falsecount="0"/>
        <line num="157" count="19" type="stmt"/>
        <line num="160" count="19" type="stmt"/>
        <line num="163" count="9" type="stmt"/>
        <line num="164" count="19" type="cond" truecount="1" falsecount="0"/>
        <line num="165" count="1" type="stmt"/>
        <line num="168" count="18" type="stmt"/>
        <line num="169" count="18" type="stmt"/>
        <line num="171" count="18" type="stmt"/>
        <line num="179" count="4" type="stmt"/>
        <line num="199" count="18" type="stmt"/>
        <line num="203" count="18" type="stmt"/>
        <line num="206" count="9" type="stmt"/>
        <line num="207" count="29" type="cond" truecount="1" falsecount="0"/>
        <line num="208" count="25" type="stmt"/>
        <line num="211" count="29" type="stmt"/>
        <line num="214" count="9" type="stmt"/>
        <line num="215" count="25" type="cond" truecount="1" falsecount="0"/>
        <line num="216" count="7" type="stmt"/>
        <line num="219" count="18" type="cond" truecount="1" falsecount="0"/>
        <line num="220" count="1" type="stmt"/>
        <line num="223" count="17" type="stmt"/>
        <line num="225" count="17" type="stmt"/>
        <line num="235" count="9" type="stmt"/>
        <line num="236" count="41" type="cond" truecount="1" falsecount="0"/>
        <line num="237" count="20" type="stmt"/>
        <line num="240" count="41" type="stmt"/>
        <line num="243" count="9" type="stmt"/>
        <line num="244" count="20" type="stmt"/>
        <line num="245" count="20" type="stmt"/>
        <line num="247" count="20" type="stmt"/>
        <line num="256" count="438" type="stmt"/>
        <line num="257" count="177" type="cond" truecount="2" falsecount="0"/>
        <line num="259" count="177" type="cond" truecount="1" falsecount="0"/>
        <line num="260" count="45" type="stmt"/>
        <line num="263" count="132" type="cond" truecount="1" falsecount="0"/>
        <line num="264" count="2" type="stmt"/>
        <line num="267" count="130" type="stmt"/>
        <line num="270" count="9" type="stmt"/>
        <line num="271" count="2" type="stmt"/>
        <line num="274" count="9" type="stmt"/>
        <line num="275" count="2" type="stmt"/>
        <line num="278" count="48" type="stmt"/>
        <line num="279" count="22" type="stmt"/>
        <line num="285" count="9" type="stmt"/>
        <line num="286" count="2" type="stmt"/>
        <line num="292" count="348" type="stmt"/>
        <line num="293" count="170" type="stmt"/>
        <line num="296" count="9" type="stmt"/>
        <line num="297" count="92" type="stmt"/>
        <line num="300" count="9" type="stmt"/>
        <line num="301" count="95" type="stmt"/>
        <line num="304" count="9" type="stmt"/>
        <line num="305" count="87" type="stmt"/>
        <line num="308" count="9" type="stmt"/>
        <line num="309" count="4" type="stmt"/>
        <line num="311" count="5" type="cond" truecount="1" falsecount="0"/>
        <line num="312" count="3" type="stmt"/>
        <line num="314" count="6" type="stmt"/>
        <line num="317" count="4" type="cond" truecount="1" falsecount="0"/>
        <line num="318" count="4" type="stmt"/>
        <line num="320" count="4" type="stmt"/>
        <line num="323" count="5" type="cond" truecount="1" falsecount="0"/>
        <line num="324" count="3" type="cond" truecount="1" falsecount="0"/>
        <line num="325" count="3" type="stmt"/>
        <line num="327" count="3" type="stmt"/>
        <line num="328" count="3" type="stmt"/>
        <line num="331" count="3" type="stmt"/>
        <line num="333" count="3" type="stmt"/>
        <line num="335" count="6" type="stmt"/>
        <line num="338" count="4" type="stmt"/>
        <line num="339" count="4" type="stmt"/>
        <line num="340" count="4" type="stmt"/>
        <line num="341" count="4" type="stmt"/>
        <line num="342" count="4" type="stmt"/>
        <line num="343" count="4" type="stmt"/>
        <line num="344" count="4" type="stmt"/>
        <line num="345" count="4" type="stmt"/>
        <line num="347" count="4" type="stmt"/>
        <line num="349" count="9" type="stmt"/>
      </file>
      <file name="context.ts" path="/home/denis/Documents/croct/forks/sdk-js/src/context.ts">
        <metrics statements="55" coveredstatements="55" conditionals="16" coveredconditionals="16" methods="12" coveredmethods="11"/>
        <line num="1" count="12" type="stmt"/>
        <line num="2" count="12" type="stmt"/>
        <line num="3" count="12" type="stmt"/>
        <line num="24" count="52" type="cond" truecount="4" falsecount="0"/>
        <line num="27" count="12" type="stmt"/>
        <line num="37" count="90" type="stmt"/>
        <line num="38" count="90" type="stmt"/>
        <line num="39" count="90" type="stmt"/>
        <line num="40" count="90" type="stmt"/>
        <line num="41" count="90" type="stmt"/>
        <line num="44" count="90" type="stmt"/>
        <line num="45" count="90" type="stmt"/>
        <line num="46" count="90" type="stmt"/>
        <line num="48" count="90" type="cond" truecount="1" falsecount="0"/>
        <line num="49" count="90" type="stmt"/>
        <line num="50" count="90" type="stmt"/>
        <line num="53" count="90" type="stmt"/>
        <line num="55" count="90" type="stmt"/>
        <line num="57" count="90" type="stmt"/>
        <line num="59" count="90" type="cond" truecount="3" falsecount="0"/>
        <line num="61" count="8" type="stmt"/>
        <line num="64" count="73" type="stmt"/>
        <line num="65" count="73" type="stmt"/>
        <line num="67" count="73" type="stmt"/>
        <line num="71" count="9" type="stmt"/>
        <line num="72" count="9" type="stmt"/>
        <line num="74" count="9" type="cond" truecount="1" falsecount="0"/>
        <line num="75" count="9" type="stmt"/>
        <line num="78" count="9" type="stmt"/>
        <line num="79" count="12" type="cond" truecount="1" falsecount="0"/>
        <line num="80" count="3" type="stmt"/>
        <line num="84" count="9" type="stmt"/>
        <line num="89" count="12" type="stmt"/>
        <line num="90" count="104" type="stmt"/>
        <line num="93" count="12" type="stmt"/>
        <line num="94" count="2" type="stmt"/>
        <line num="96" count="2" type="cond" truecount="2" falsecount="0"/>
        <line num="99" count="12" type="stmt"/>
        <line num="100" count="64" type="stmt"/>
        <line num="102" count="64" type="cond" truecount="2" falsecount="0"/>
        <line num="105" count="12" type="stmt"/>
        <line num="106" count="125" type="stmt"/>
        <line num="109" count="12" type="stmt"/>
        <line num="110" count="30" type="stmt"/>
        <line num="112" count="30" type="stmt"/>
        <line num="113" count="30" type="stmt"/>
        <line num="115" count="30" type="cond" truecount="1" falsecount="0"/>
        <line num="116" count="26" type="stmt"/>
        <line num="123" count="12" type="stmt"/>
        <line num="124" count="22" type="stmt"/>
        <line num="125" count="22" type="stmt"/>
        <line num="127" count="22" type="cond" truecount="1" falsecount="0"/>
        <line num="128" count="11" type="stmt"/>
        <line num="130" count="11" type="stmt"/>
        <line num="136" count="12" type="stmt"/>
      </file>
      <file name="error.ts" path="/home/denis/Documents/croct/forks/sdk-js/src/error.ts">
        <metrics statements="15" coveredstatements="15" conditionals="6" coveredconditionals="6" methods="3" coveredmethods="3"/>
        <line num="2" count="60" type="cond" truecount="1" falsecount="0"/>
        <line num="3" count="22" type="stmt"/>
        <line num="6" count="38" type="cond" truecount="3" falsecount="0"/>
        <line num="7" count="30" type="stmt"/>
        <line num="10" count="8" type="stmt"/>
        <line num="13" count="37" type="stmt"/>
        <line num="14" count="60" type="stmt"/>
        <line num="16" count="60" type="cond" truecount="1" falsecount="0"/>
        <line num="17" count="5" type="stmt"/>
        <line num="20" count="55" type="stmt"/>
        <line num="23" count="37" type="stmt"/>
        <line num="24" count="43" type="stmt"/>
        <line num="26" count="43" type="cond" truecount="1" falsecount="0"/>
        <line num="27" count="2" type="stmt"/>
        <line num="30" count="41" type="stmt"/>
      </file>
      <file name="evaluator.ts" path="/home/denis/Documents/croct/forks/sdk-js/src/evaluator.ts">
        <metrics statements="58" coveredstatements="58" conditionals="21" coveredconditionals="18" methods="14" coveredmethods="14"/>
        <line num="3" count="12" type="stmt"/>
        <line num="4" count="12" type="stmt"/>
        <line num="5" count="12" type="stmt"/>
        <line num="41" count="12" type="cond" truecount="2" falsecount="0"/>
        <line num="42" count="12" type="stmt"/>
        <line num="43" count="12" type="stmt"/>
        <line num="44" count="12" type="stmt"/>
        <line num="45" count="12" type="stmt"/>
        <line num="46" count="12" type="stmt"/>
        <line num="47" count="12" type="stmt"/>
        <line num="48" count="12" type="stmt"/>
        <line num="58" count="12" type="stmt"/>
        <line num="62" count="11" type="cond" truecount="1" falsecount="1"/>
        <line num="64" count="11" type="stmt"/>
        <line num="66" count="11" type="stmt"/>
        <line num="68" count="12" type="stmt"/>
        <line num="79" count="12" type="stmt"/>
        <line num="81" count="5" type="cond" truecount="1" falsecount="1"/>
        <line num="83" count="5" type="stmt"/>
        <line num="85" count="12" type="stmt"/>
        <line num="87" count="12" type="stmt"/>
        <line num="88" count="12" type="stmt"/>
        <line num="93" count="15" type="stmt"/>
        <line num="99" count="22" type="cond" truecount="1" falsecount="0"/>
        <line num="100" count="12" type="stmt"/>
        <line num="102" count="12" type="cond" truecount="1" falsecount="0"/>
        <line num="103" count="1" type="stmt"/>
        <line num="115" count="1" type="stmt"/>
        <line num="118" count="11" type="stmt"/>
        <line num="119" count="11" type="stmt"/>
        <line num="121" count="11" type="cond" truecount="1" falsecount="0"/>
        <line num="122" count="1" type="stmt"/>
        <line num="125" count="11" type="stmt"/>
        <line num="126" count="11" type="cond" truecount="1" falsecount="0"/>
        <line num="127" count="1" type="stmt"/>
        <line num="129" count="1" type="stmt"/>
        <line num="136" count="1" type="stmt"/>
        <line num="142" count="11" type="stmt"/>
        <line num="144" count="11" type="stmt"/>
        <line num="146" count="8" type="cond" truecount="1" falsecount="0"/>
        <line num="147" count="4" type="stmt"/>
        <line num="149" count="4" type="stmt"/>
        <line num="152" count="4" type="stmt"/>
        <line num="153" count="4" type="stmt"/>
        <line num="155" count="4" type="cond" truecount="4" falsecount="0"/>
        <line num="159" count="3" type="stmt"/>
        <line num="160" count="3" type="stmt"/>
        <line num="163" count="1" type="stmt"/>
        <line num="164" count="1" type="stmt"/>
        <line num="169" count="2" type="stmt"/>
        <line num="176" count="2" type="stmt"/>
        <line num="182" count="12" type="stmt"/>
        <line num="183" count="11" type="stmt"/>
        <line num="184" count="11" type="stmt"/>
        <line num="185" count="11" type="stmt"/>
        <line num="187" count="10" type="stmt"/>
        <line num="193" count="10" type="stmt"/>
        <line num="199" count="12" type="stmt"/>
      </file>
      <file name="eventManager.ts" path="/home/denis/Documents/croct/forks/sdk-js/src/eventManager.ts">
        <metrics statements="18" coveredstatements="18" conditionals="7" coveredconditionals="7" methods="5" coveredmethods="5"/>
        <line num="21" count="15" type="stmt"/>
        <line num="22" count="241" type="stmt"/>
        <line num="24" count="15" type="stmt"/>
        <line num="25" count="167" type="cond" truecount="4" falsecount="0"/>
        <line num="26" count="167" type="stmt"/>
        <line num="28" count="167" type="stmt"/>
        <line num="31" count="15" type="stmt"/>
        <line num="32" count="13" type="stmt"/>
        <line num="34" count="13" type="cond" truecount="1" falsecount="0"/>
        <line num="35" count="2" type="stmt"/>
        <line num="38" count="11" type="stmt"/>
        <line num="40" count="11" type="cond" truecount="1" falsecount="0"/>
        <line num="41" count="11" type="stmt"/>
        <line num="45" count="15" type="stmt"/>
        <line num="46" count="304" type="stmt"/>
        <line num="48" count="304" type="cond" truecount="1" falsecount="0"/>
        <line num="49" count="108" type="stmt"/>
        <line num="52" count="15" type="stmt"/>
      </file>
      <file name="index.ts" path="/home/denis/Documents/croct/forks/sdk-js/src/index.ts">
        <metrics statements="3" coveredstatements="3" conditionals="0" coveredconditionals="0" methods="2" coveredmethods="2"/>
        <line num="1" count="2" type="stmt"/>
        <line num="2" count="2" type="stmt"/>
        <line num="4" count="84" type="stmt"/>
      </file>
      <file name="namespacedStorage.ts" path="/home/denis/Documents/croct/forks/sdk-js/src/namespacedStorage.ts">
        <metrics statements="34" coveredstatements="34" conditionals="5" coveredconditionals="5" methods="11" coveredmethods="11"/>
        <line num="1" count="10" type="stmt"/>
        <line num="7" count="32" type="cond" truecount="1" falsecount="0"/>
        <line num="8" count="2" type="stmt"/>
        <line num="11" count="30" type="stmt"/>
        <line num="12" count="30" type="stmt"/>
        <line num="15" count="10" type="stmt"/>
        <line num="16" count="4" type="stmt"/>
        <line num="19" count="10" type="stmt"/>
        <line num="20" count="1" type="stmt"/>
        <line num="21" count="1" type="stmt"/>
        <line num="25" count="10" type="stmt"/>
        <line num="26" count="25" type="stmt"/>
        <line num="29" count="10" type="stmt"/>
        <line num="30" count="2" type="stmt"/>
        <line num="32" count="2" type="cond" truecount="1" falsecount="0"/>
        <line num="33" count="1" type="stmt"/>
        <line num="36" count="1" type="stmt"/>
        <line num="39" count="10" type="stmt"/>
        <line num="40" count="3" type="stmt"/>
        <line num="43" count="10" type="stmt"/>
        <line num="44" count="32" type="stmt"/>
        <line num="47" count="10" type="stmt"/>
        <line num="48" count="7" type="stmt"/>
        <line num="49" count="7" type="stmt"/>
        <line num="51" count="7" type="stmt"/>
        <line num="52" count="12" type="stmt"/>
        <line num="54" count="12" type="cond" truecount="3" falsecount="0"/>
        <line num="55" count="5" type="stmt"/>
        <line num="59" count="7" type="stmt"/>
        <line num="62" count="10" type="stmt"/>
        <line num="63" count="60" type="stmt"/>
        <line num="66" count="10" type="stmt"/>
        <line num="67" count="67" type="stmt"/>
        <line num="69" count="10" type="stmt"/>
      </file>
      <file name="sdk.ts" path="/home/denis/Documents/croct/forks/sdk-js/src/sdk.ts">
        <metrics statements="60" coveredstatements="60" conditionals="26" coveredconditionals="25" methods="14" coveredmethods="14"/>
        <line num="1" count="8" type="stmt"/>
        <line num="4" count="8" type="stmt"/>
        <line num="5" count="8" type="stmt"/>
        <line num="6" count="8" type="stmt"/>
        <line num="30" count="64" type="cond" truecount="3" falsecount="0"/>
        <line num="31" count="1" type="stmt"/>
        <line num="34" count="63" type="stmt"/>
        <line num="35" count="63" type="stmt"/>
        <line num="37" count="1" type="stmt"/>
        <line num="41" count="8" type="stmt"/>
        <line num="47" count="62" type="stmt"/>
        <line num="50" count="8" type="stmt"/>
        <line num="51" count="64" type="stmt"/>
        <line num="53" count="62" type="cond" truecount="2" falsecount="0"/>
        <line num="55" count="62" type="stmt"/>
        <line num="59" count="62" type="stmt"/>
        <line num="60" count="1" type="stmt"/>
        <line num="63" count="62" type="stmt"/>
        <line num="72" count="62" type="stmt"/>
        <line num="73" count="62" type="stmt"/>
        <line num="75" count="62" type="stmt"/>
        <line num="85" count="62" type="stmt"/>
        <line num="86" count="62" type="stmt"/>
        <line num="88" count="62" type="stmt"/>
        <line num="89" count="62" type="stmt"/>
        <line num="90" count="62" type="stmt"/>
        <line num="92" count="62" type="cond" truecount="1" falsecount="1"/>
        <line num="93" count="62" type="stmt"/>
        <line num="94" count="62" type="cond" truecount="2" falsecount="0"/>
        <line num="95" count="62" type="stmt"/>
        <line num="96" count="62" type="stmt"/>
        <line num="98" count="62" type="stmt"/>
        <line num="101" count="8" type="stmt"/>
        <line num="102" count="3" type="stmt"/>
        <line num="104" count="3" type="stmt"/>
        <line num="107" count="8" type="stmt"/>
        <line num="108" count="1" type="stmt"/>
        <line num="111" count="8" type="stmt"/>
        <line num="112" count="23" type="stmt"/>
        <line num="115" count="8" type="stmt"/>
        <line num="116" count="16" type="stmt"/>
        <line num="119" count="8" type="stmt"/>
        <line num="120" count="1" type="stmt"/>
        <line num="123" count="8" type="stmt"/>
        <line num="124" count="13" type="stmt"/>
        <line num="127" count="56" type="stmt"/>
        <line num="128" count="27" type="stmt"/>
        <line num="131" count="8" type="stmt"/>
        <line num="132" count="1" type="stmt"/>
        <line num="135" count="8" type="stmt"/>
        <line num="136" count="1" type="stmt"/>
        <line num="139" count="8" type="stmt"/>
        <line num="140" count="3" type="cond" truecount="1" falsecount="0"/>
        <line num="141" count="1" type="stmt"/>
        <line num="144" count="2" type="stmt"/>
        <line num="146" count="2" type="stmt"/>
        <line num="147" count="2" type="stmt"/>
        <line num="148" count="4" type="stmt"/>
        <line num="150" count="2" type="stmt"/>
        <line num="152" count="8" type="stmt"/>
      </file>
      <file name="sourceLocation.ts" path="/home/denis/Documents/croct/forks/sdk-js/src/sourceLocation.ts">
        <metrics statements="28" coveredstatements="28" conditionals="8" coveredconditionals="8" methods="3" coveredmethods="3"/>
        <line num="12" count="13" type="stmt"/>
        <line num="13" count="18" type="stmt"/>
        <line num="16" count="13" type="stmt"/>
        <line num="17" count="13" type="stmt"/>
        <line num="20" count="13" type="stmt"/>
        <line num="21" count="23" type="cond" truecount="1" falsecount="0"/>
        <line num="22" count="2" type="stmt"/>
        <line num="25" count="21" type="cond" truecount="1" falsecount="0"/>
        <line num="26" count="2" type="stmt"/>
        <line num="32" count="19" type="stmt"/>
        <line num="33" count="19" type="stmt"/>
        <line num="34" count="19" type="stmt"/>
        <line num="36" count="19" type="stmt"/>
        <line num="37" count="107" type="stmt"/>
        <line num="39" count="107" type="cond" truecount="1" falsecount="0"/>
        <line num="40" count="15" type="stmt"/>
        <line num="47" count="107" type="cond" truecount="1" falsecount="0"/>
        <line num="48" count="13" type="stmt"/>
        <line num="54" count="13" type="stmt"/>
        <line num="57" count="94" type="cond" truecount="2" falsecount="0"/>
        <line num="58" count="4" type="stmt"/>
        <line num="59" count="4" type="stmt"/>
        <line num="61" count="90" type="stmt"/>
        <line num="65" count="19" type="cond" truecount="1" falsecount="0"/>
        <line num="66" count="4" type="stmt"/>
        <line num="73" count="19" type="cond" truecount="1" falsecount="0"/>
        <line num="74" count="6" type="stmt"/>
        <line num="81" count="19" type="stmt"/>
      </file>
      <file name="tab.ts" path="/home/denis/Documents/croct/forks/sdk-js/src/tab.ts">
        <metrics statements="59" coveredstatements="59" conditionals="4" coveredconditionals="4" methods="19" coveredmethods="19"/>
        <line num="1" count="14" type="stmt"/>
        <line num="18" count="14" type="stmt"/>
        <line num="26" count="14" type="stmt"/>
        <line num="33" count="156" type="stmt"/>
        <line num="36" count="156" type="stmt"/>
        <line num="37" count="156" type="stmt"/>
        <line num="38" count="156" type="stmt"/>
        <line num="40" count="156" type="stmt"/>
        <line num="43" count="156" type="stmt"/>
        <line num="44" count="156" type="stmt"/>
        <line num="45" count="14" type="stmt"/>
        <line num="48" count="156" type="stmt"/>
        <line num="49" count="156" type="stmt"/>
        <line num="50" count="156" type="stmt"/>
        <line num="51" count="156" type="stmt"/>
        <line num="53" count="156" type="stmt"/>
        <line num="56" count="19" type="stmt"/>
        <line num="66" count="156" type="stmt"/>
        <line num="67" count="250" type="stmt"/>
        <line num="71" count="14" type="stmt"/>
        <line num="72" count="162" type="stmt"/>
        <line num="75" count="14" type="stmt"/>
        <line num="76" count="5" type="stmt"/>
        <line num="79" count="14" type="stmt"/>
        <line num="80" count="20" type="cond" truecount="2" falsecount="0"/>
        <line num="83" count="14" type="stmt"/>
        <line num="84" count="20" type="stmt"/>
        <line num="87" count="14" type="stmt"/>
        <line num="88" count="2" type="stmt"/>
        <line num="91" count="14" type="stmt"/>
        <line num="92" count="162" type="stmt"/>
        <line num="95" count="14" type="stmt"/>
        <line num="96" count="11" type="stmt"/>
        <line num="99" count="14" type="stmt"/>
        <line num="100" count="416" type="stmt"/>
        <line num="102" count="416" type="cond" truecount="1" falsecount="0"/>
        <line num="103" count="41" type="stmt"/>
        <line num="106" count="375" type="stmt"/>
        <line num="109" count="14" type="stmt"/>
        <line num="110" count="283" type="stmt"/>
        <line num="113" count="14" type="stmt"/>
        <line num="114" count="156" type="stmt"/>
        <line num="116" count="156" type="stmt"/>
        <line num="117" count="1275" type="stmt"/>
        <line num="119" count="1275" type="cond" truecount="1" falsecount="0"/>
        <line num="120" count="250" type="stmt"/>
        <line num="122" count="250" type="stmt"/>
        <line num="126" count="156" type="stmt"/>
        <line num="128" count="475" type="stmt"/>
        <line num="129" count="95" type="stmt"/>
        <line num="131" count="95" type="stmt"/>
        <line num="133" count="95" type="stmt"/>
        <line num="136" count="156" type="stmt"/>
        <line num="138" count="5900" type="stmt"/>
        <line num="139" count="1180" type="stmt"/>
        <line num="141" count="1180" type="stmt"/>
        <line num="143" count="1180" type="stmt"/>
        <line num="146" count="156" type="stmt"/>
        <line num="148" count="14" type="stmt"/>
      </file>
      <file name="tracker.ts" path="/home/denis/Documents/croct/forks/sdk-js/src/tracker.ts">
        <metrics statements="170" coveredstatements="170" conditionals="48" coveredconditionals="47" methods="38" coveredmethods="38"/>
        <line num="1" count="16" type="stmt"/>
        <line num="4" count="16" type="stmt"/>
        <line num="7" count="16" type="stmt"/>
        <line num="51" count="16" type="stmt"/>
        <line num="53" count="16" type="stmt"/>
        <line num="66" count="64" type="stmt"/>
        <line num="68" count="64" type="stmt"/>
        <line num="70" count="64" type="stmt"/>
        <line num="76" count="64" type="stmt"/>
        <line num="80" count="64" type="stmt"/>
        <line num="81" count="64" type="stmt"/>
        <line num="82" count="64" type="stmt"/>
        <line num="83" count="64" type="stmt"/>
        <line num="84" count="64" type="stmt"/>
        <line num="85" count="64" type="cond" truecount="4" falsecount="0"/>
        <line num="86" count="64" type="stmt"/>
        <line num="91" count="64" type="stmt"/>
        <line num="92" count="64" type="stmt"/>
        <line num="93" count="64" type="stmt"/>
        <line num="94" count="64" type="stmt"/>
        <line num="95" count="64" type="stmt"/>
        <line num="96" count="64" type="stmt"/>
        <line num="97" count="64" type="stmt"/>
        <line num="98" count="64" type="stmt"/>
        <line num="101" count="16" type="stmt"/>
        <line num="102" count="2" type="stmt"/>
        <line num="105" count="16" type="stmt"/>
        <line num="106" count="1" type="stmt"/>
        <line num="108" count="1" type="stmt"/>
        <line num="109" count="2" type="stmt"/>
        <line num="110" count="2" type="stmt"/>
        <line num="114" count="16" type="stmt"/>
        <line num="115" count="5" type="stmt"/>
        <line num="119" count="5" type="stmt"/>
        <line num="122" count="16" type="stmt"/>
        <line num="123" count="12" type="stmt"/>
        <line num="126" count="16" type="stmt"/>
        <line num="127" count="12" type="stmt"/>
        <line num="130" count="16" type="stmt"/>
        <line num="131" count="19" type="cond" truecount="1" falsecount="0"/>
        <line num="132" count="1" type="stmt"/>
        <line num="135" count="18" type="stmt"/>
        <line num="137" count="18" type="stmt"/>
        <line num="139" count="18" type="cond" truecount="1" falsecount="0"/>
        <line num="140" count="1" type="stmt"/>
        <line num="143" count="17" type="stmt"/>
        <line num="145" count="17" type="cond" truecount="1" falsecount="0"/>
        <line num="146" count="16" type="stmt"/>
        <line num="147" count="16" type="stmt"/>
        <line num="150" count="17" type="stmt"/>
        <line num="151" count="17" type="stmt"/>
        <line num="152" count="17" type="stmt"/>
        <line num="155" count="16" type="stmt"/>
        <line num="156" count="5" type="cond" truecount="1" falsecount="0"/>
        <line num="157" count="1" type="stmt"/>
        <line num="160" count="4" type="stmt"/>
        <line num="162" count="4" type="stmt"/>
        <line num="164" count="4" type="cond" truecount="1" falsecount="0"/>
        <line num="165" count="1" type="stmt"/>
        <line num="168" count="3" type="stmt"/>
        <line num="169" count="3" type="stmt"/>
        <line num="170" count="3" type="stmt"/>
        <line num="172" count="3" type="stmt"/>
        <line num="175" count="16" type="stmt"/>
        <line num="176" count="10" type="cond" truecount="1" falsecount="0"/>
        <line num="177" count="1" type="stmt"/>
        <line num="180" count="9" type="stmt"/>
        <line num="182" count="9" type="cond" truecount="1" falsecount="0"/>
        <line num="183" count="2" type="stmt"/>
        <line num="184" count="2" type="stmt"/>
        <line num="187" count="9" type="stmt"/>
        <line num="190" count="16" type="stmt"/>
        <line num="191" count="40" type="cond" truecount="1" falsecount="0"/>
        <line num="192" count="37" type="stmt"/>
        <line num="195" count="3" type="stmt"/>
        <line num="197" count="3" type="stmt"/>
        <line num="199" count="3" type="cond" truecount="1" falsecount="0"/>
        <line num="200" count="1" type="stmt"/>
        <line num="201" count="1" type="stmt"/>
        <line num="205" count="16" type="stmt"/>
        <line num="206" count="16" type="cond" truecount="1" falsecount="0"/>
        <line num="207" count="14" type="stmt"/>
        <line num="210" count="16" type="stmt"/>
        <line num="212" count="16" type="cond" truecount="3" falsecount="0"/>
        <line num="213" count="13" type="stmt"/>
        <line num="215" count="13" type="stmt"/>
        <line num="218" count="16" type="cond" truecount="1" falsecount="0"/>
        <line num="219" count="14" type="stmt"/>
        <line num="221" count="14" type="stmt"/>
        <line num="228" count="16" type="stmt"/>
        <line num="229" count="212" type="cond" truecount="1" falsecount="0"/>
        <line num="230" count="5" type="stmt"/>
        <line num="232" count="5" type="stmt"/>
        <line num="236" count="97" type="stmt"/>
        <line num="237" count="97" type="stmt"/>
        <line num="239" count="97" type="stmt"/>
        <line num="241" count="97" type="stmt"/>
        <line num="243" count="97" type="stmt"/>
        <line num="244" count="100" type="cond" truecount="1" falsecount="0"/>
        <line num="245" count="90" type="stmt"/>
        <line num="247" count="90" type="stmt"/>
        <line num="250" count="10" type="stmt"/>
        <line num="252" count="10" type="stmt"/>
        <line num="254" count="3" type="stmt"/>
        <line num="255" count="3" type="stmt"/>
        <line num="261" count="97" type="stmt"/>
        <line num="264" count="92" type="cond" truecount="1" falsecount="0"/>
        <line num="265" count="48" type="stmt"/>
        <line num="268" count="16" type="stmt"/>
        <line num="269" count="14" type="stmt"/>
        <line num="276" count="16" type="stmt"/>
        <line num="277" count="1" type="stmt"/>
        <line num="285" count="16" type="stmt"/>
        <line num="286" count="13" type="stmt"/>
        <line num="292" count="50" type="stmt"/>
        <line num="293" count="50" type="stmt"/>
        <line num="300" count="16" type="stmt"/>
        <line num="301" count="2" type="stmt"/>
        <line num="308" count="16" type="stmt"/>
        <line num="309" count="3" type="stmt"/>
        <line num="315" count="166" type="cond" truecount="1" falsecount="0"/>
        <line num="316" count="83" type="stmt"/>
        <line num="321" count="16" type="stmt"/>
        <line num="322" count="245" type="stmt"/>
        <line num="325" count="131" type="stmt"/>
        <line num="326" count="131" type="cond" truecount="1" falsecount="0"/>
        <line num="327" count="112" type="stmt"/>
        <line num="330" count="131" type="stmt"/>
        <line num="331" count="131" type="stmt"/>
        <line num="337" count="131" type="stmt"/>
        <line num="344" count="131" type="cond" truecount="1" falsecount="0"/>
        <line num="345" count="2" type="stmt"/>
        <line num="347" count="2" type="stmt"/>
        <line num="349" count="2" type="stmt"/>
        <line num="352" count="129" type="stmt"/>
        <line num="354" count="129" type="stmt"/>
        <line num="356" count="129" type="stmt"/>
        <line num="357" count="129" type="stmt"/>
        <line num="359" count="103" type="stmt"/>
        <line num="361" count="103" type="stmt"/>
        <line num="363" count="103" type="stmt"/>
        <line num="366" count="11" type="stmt"/>
        <line num="368" count="11" type="stmt"/>
        <line num="370" count="11" type="stmt"/>
        <line num="374" count="129" type="stmt"/>
        <line num="376" count="129" type="stmt"/>
        <line num="377" count="114" type="stmt"/>
        <line num="380" count="129" type="cond" truecount="3" falsecount="0"/>
        <line num="381" count="80" type="stmt"/>
        <line num="386" count="16" type="stmt"/>
        <line num="387" count="48" type="cond" truecount="1" falsecount="0"/>
        <line num="388" count="6" type="cond" truecount="2" falsecount="0"/>
        <line num="390" count="6" type="stmt"/>
        <line num="399" count="42" type="stmt"/>
        <line num="402" count="16" type="stmt"/>
        <line num="403" count="129" type="stmt"/>
        <line num="405" count="129" type="stmt"/>
        <line num="413" count="16" type="stmt"/>
        <line num="414" count="129" type="cond" truecount="1" falsecount="0"/>
        <line num="415" count="115" type="stmt"/>
        <line num="418" count="14" type="cond" truecount="3" falsecount="0"/>
        <line num="419" count="2" type="stmt"/>
        <line num="421" count="1" type="stmt"/>
        <line num="436" count="13" type="stmt"/>
        <line num="438" count="13" type="stmt"/>
        <line num="444" count="16" type="stmt"/>
        <line num="445" count="129" type="cond" truecount="2" falsecount="0"/>
        <line num="447" count="6" type="stmt"/>
        <line num="453" count="123" type="stmt"/>
        <line num="456" count="16" type="stmt"/>
      </file>
      <file name="trackingEvents.ts" path="/home/denis/Documents/croct/forks/sdk-js/src/trackingEvents.ts">
        <metrics statements="12" coveredstatements="12" conditionals="0" coveredconditionals="0" methods="2" coveredmethods="2"/>
        <line num="76" count="16" type="stmt"/>
        <line num="81" count="16" type="stmt"/>
        <line num="87" count="16" type="stmt"/>
        <line num="93" count="16" type="stmt"/>
        <line num="99" count="16" type="stmt"/>
        <line num="105" count="16" type="stmt"/>
        <line num="110" count="16" type="stmt"/>
        <line num="120" count="16" type="stmt"/>
        <line num="423" count="16" type="stmt"/>
        <line num="424" count="129" type="stmt"/>
        <line num="427" count="16" type="stmt"/>
        <line num="428" count="48" type="stmt"/>
      </file>
      <file name="transformer.ts" path="/home/denis/Documents/croct/forks/sdk-js/src/transformer.ts">
        <metrics statements="2" coveredstatements="2" conditionals="0" coveredconditionals="0" methods="1" coveredmethods="1"/>
        <line num="5" count="9" type="stmt"/>
        <line num="6" count="20" type="stmt"/>
      </file>
      <file name="uuid.ts" path="/home/denis/Documents/croct/forks/sdk-js/src/uuid.ts">
        <metrics statements="16" coveredstatements="16" conditionals="9" coveredconditionals="9" methods="1" coveredmethods="1"/>
        <line num="1" count="474" type="cond" truecount="1" falsecount="0"/>
        <line num="2" count="332" type="stmt"/>
        <line num="4" count="332" type="cond" truecount="1" falsecount="0"/>
        <line num="5" count="190" type="stmt"/>
        <line num="6" count="190" type="stmt"/>
        <line num="9" count="332" type="stmt"/>
        <line num="10" count="9482" type="cond" truecount="6" falsecount="0"/>
        <line num="15" count="1138" type="stmt"/>
        <line num="16" count="1138" type="stmt"/>
        <line num="20" count="332" type="stmt"/>
        <line num="21" count="332" type="stmt"/>
        <line num="24" count="8012" type="stmt"/>
        <line num="26" count="8012" type="cond" truecount="1" falsecount="0"/>
        <line num="28" count="332" type="stmt"/>
        <line num="31" count="8012" type="stmt"/>
        <line num="36" count="332" type="stmt"/>
      </file>
    </package>
    <package name="src.cache">
      <metrics statements="65" coveredstatements="65" conditionals="14" coveredconditionals="14" methods="27" coveredmethods="27"/>
      <file name="fallbackCache.ts" path="/home/denis/Documents/croct/forks/sdk-js/src/cache/fallbackCache.ts">
        <metrics statements="14" coveredstatements="14" conditionals="1" coveredconditionals="1" methods="7" coveredmethods="7"/>
        <line num="3" count="15" type="stmt"/>
        <line num="6" count="12" type="stmt"/>
        <line num="7" count="3" type="stmt"/>
        <line num="10" count="15" type="stmt"/>
        <line num="11" count="3" type="stmt"/>
        <line num="12" count="3" type="stmt"/>
        <line num="14" count="3" type="cond" truecount="1" falsecount="0"/>
        <line num="15" count="1" type="stmt"/>
        <line num="19" count="1" type="stmt"/>
        <line num="22" count="15" type="stmt"/>
        <line num="23" count="2" type="stmt"/>
        <line num="26" count="15" type="stmt"/>
        <line num="27" count="2" type="stmt"/>
        <line num="29" count="15" type="stmt"/>
      </file>
      <file name="inMemoryCache.ts" path="/home/denis/Documents/croct/forks/sdk-js/src/cache/inMemoryCache.ts">
        <metrics statements="9" coveredstatements="9" conditionals="4" coveredconditionals="4" methods="5" coveredmethods="5"/>
        <line num="3" count="15" type="stmt"/>
        <line num="7" count="7" type="stmt"/>
        <line num="10" count="15" type="stmt"/>
        <line num="11" count="15" type="cond" truecount="4" falsecount="0"/>
        <line num="14" count="15" type="stmt"/>
        <line num="15" count="7" type="stmt"/>
        <line num="18" count="15" type="stmt"/>
        <line num="19" count="2" type="stmt"/>
        <line num="21" count="15" type="stmt"/>
      </file>
      <file name="index.ts" path="/home/denis/Documents/croct/forks/sdk-js/src/cache/index.ts">
        <metrics statements="4" coveredstatements="4" conditionals="0" coveredconditionals="0" methods="3" coveredmethods="3"/>
        <line num="1" count="15" type="stmt"/>
        <line num="2" count="18" type="stmt"/>
        <line num="3" count="22" type="stmt"/>
        <line num="4" count="378" type="stmt"/>
      </file>
      <file name="localStorageCache.ts" path="/home/denis/Documents/croct/forks/sdk-js/src/cache/localStorageCache.ts">
        <metrics statements="38" coveredstatements="38" conditionals="9" coveredconditionals="9" methods="12" coveredmethods="12"/>
        <line num="3" count="15" type="stmt"/>
        <line num="10" count="286" type="stmt"/>
        <line num="13" count="286" type="stmt"/>
        <line num="14" count="286" type="stmt"/>
        <line num="15" count="286" type="stmt"/>
        <line num="18" count="15" type="stmt"/>
        <line num="19" count="74" type="stmt"/>
        <line num="21" count="74" type="stmt"/>
        <line num="23" count="74" type="stmt"/>
        <line num="26" count="15" type="stmt"/>
        <line num="27" count="326" type="stmt"/>
        <line num="30" count="15" type="stmt"/>
        <line num="31" count="45" type="stmt"/>
        <line num="33" count="45" type="cond" truecount="1" falsecount="0"/>
        <line num="34" count="37" type="stmt"/>
        <line num="35" count="37" type="stmt"/>
        <line num="39" count="15" type="stmt"/>
        <line num="40" count="98" type="stmt"/>
        <line num="42" count="98" type="cond" truecount="1" falsecount="0"/>
        <line num="43" count="6" type="stmt"/>
        <line num="44" count="6" type="stmt"/>
        <line num="48" count="15" type="stmt"/>
        <line num="49" count="75" type="cond" truecount="1" falsecount="0"/>
        <line num="50" count="75" type="stmt"/>
        <line num="54" count="15" type="stmt"/>
        <line num="55" count="1" type="stmt"/>
        <line num="57" count="1" type="cond" truecount="1" falsecount="0"/>
        <line num="58" count="1" type="stmt"/>
        <line num="62" count="15" type="stmt"/>
        <line num="63" count="52" type="stmt"/>
        <line num="66" count="15" type="stmt"/>
        <line num="67" count="10" type="cond" truecount="4" falsecount="0"/>
        <line num="69" count="1" type="stmt"/>
        <line num="78" count="9" type="stmt"/>
        <line num="80" count="9" type="cond" truecount="1" falsecount="0"/>
        <line num="81" count="9" type="stmt"/>
        <line num="82" count="9" type="stmt"/>
        <line num="85" count="15" type="stmt"/>
      </file>
    </package>
    <package name="src.channel">
      <metrics statements="319" coveredstatements="319" conditionals="86" coveredconditionals="84" methods="88" coveredmethods="86"/>
      <file name="beaconSocketChannel.ts" path="/home/denis/Documents/croct/forks/sdk-js/src/channel/beaconSocketChannel.ts">
        <metrics statements="52" coveredstatements="52" conditionals="20" coveredconditionals="20" methods="11" coveredmethods="10"/>
        <line num="3" count="17" type="stmt"/>
        <line num="30" count="17" type="stmt"/>
        <line num="45" count="26" type="stmt"/>
        <line num="51" count="26" type="stmt"/>
        <line num="54" count="26" type="stmt"/>
        <line num="55" count="26" type="cond" truecount="4" falsecount="0"/>
        <line num="56" count="26" type="cond" truecount="4" falsecount="0"/>
        <line num="57" count="26" type="stmt"/>
        <line num="58" count="26" type="stmt"/>
        <line num="59" count="26" type="stmt"/>
        <line num="60" count="26" type="stmt"/>
        <line num="61" count="26" type="stmt"/>
        <line num="64" count="24" type="stmt"/>
        <line num="65" count="24" type="stmt"/>
        <line num="67" count="25" type="cond" truecount="3" falsecount="0"/>
        <line num="68" count="44" type="cond" truecount="1" falsecount="0"/>
        <line num="69" count="2" type="stmt"/>
        <line num="71" count="2" type="stmt"/>
        <line num="73" count="4" type="stmt"/>
        <line num="76" count="22" type="stmt"/>
        <line num="77" count="22" type="stmt"/>
        <line num="80" count="12" type="cond" truecount="1" falsecount="0"/>
        <line num="91" count="17" type="stmt"/>
        <line num="92" count="22" type="stmt"/>
        <line num="93" count="13" type="stmt"/>
        <line num="95" count="11" type="cond" truecount="1" falsecount="0"/>
        <line num="96" count="1" type="stmt"/>
        <line num="99" count="11" type="stmt"/>
        <line num="104" count="11" type="stmt"/>
        <line num="106" count="11" type="stmt"/>
        <line num="108" count="11" type="stmt"/>
        <line num="111" count="17" type="stmt"/>
        <line num="112" count="17" type="cond" truecount="1" falsecount="0"/>
        <line num="113" count="17" type="stmt"/>
        <line num="117" count="17" type="stmt"/>
        <line num="118" count="15" type="stmt"/>
        <line num="120" count="15" type="cond" truecount="1" falsecount="0"/>
        <line num="121" count="15" type="stmt"/>
        <line num="125" count="17" type="stmt"/>
        <line num="128" count="6" type="stmt"/>
        <line num="129" count="6" type="stmt"/>
        <line num="131" count="1" type="stmt"/>
        <line num="133" count="1" type="stmt"/>
        <line num="136" count="10" type="cond" truecount="2" falsecount="0"/>
        <line num="138" count="5" type="stmt"/>
        <line num="140" count="5" type="cond" truecount="1" falsecount="0"/>
        <line num="141" count="5" type="stmt"/>
        <line num="145" count="17" type="stmt"/>
        <line num="146" count="5" type="cond" truecount="1" falsecount="0"/>
        <line num="147" count="3" type="stmt"/>
        <line num="150" count="2" type="stmt"/>
        <line num="152" count="17" type="stmt"/>
      </file>
      <file name="encodedChannel.ts" path="/home/denis/Documents/croct/forks/sdk-js/src/channel/encodedChannel.ts">
        <metrics statements="8" coveredstatements="8" conditionals="0" coveredconditionals="0" methods="5" coveredmethods="5"/>
        <line num="4" count="17" type="stmt"/>
        <line num="10" count="20" type="stmt"/>
        <line num="11" count="20" type="stmt"/>
        <line num="14" count="21" type="stmt"/>
        <line num="15" count="21" type="stmt"/>
        <line num="18" count="17" type="stmt"/>
        <line num="19" count="4" type="stmt"/>
        <line num="21" count="17" type="stmt"/>
      </file>
      <file name="guaranteedChannel.ts" path="/home/denis/Documents/croct/forks/sdk-js/src/channel/guaranteedChannel.ts">
        <metrics statements="50" coveredstatements="50" conditionals="12" coveredconditionals="11" methods="12" coveredmethods="12"/>
        <line num="1" count="17" type="stmt"/>
        <line num="8" count="17" type="stmt"/>
        <line num="9" count="17" type="stmt"/>
        <line num="10" count="16" type="stmt"/>
        <line num="12" count="17" type="stmt"/>
        <line num="29" count="17" type="stmt"/>
        <line num="38" count="23" type="stmt"/>
        <line num="40" count="23" type="stmt"/>
        <line num="41" count="23" type="stmt"/>
        <line num="42" count="23" type="cond" truecount="4" falsecount="0"/>
        <line num="43" count="23" type="stmt"/>
        <line num="44" count="23" type="stmt"/>
        <line num="50" count="19" type="stmt"/>
        <line num="51" count="19" type="cond" truecount="1" falsecount="0"/>
        <line num="52" count="1" type="stmt"/>
        <line num="55" count="18" type="stmt"/>
        <line num="56" count="18" type="stmt"/>
        <line num="60" count="18" type="stmt"/>
        <line num="61" count="18" type="stmt"/>
        <line num="63" count="18" type="stmt"/>
        <line num="64" count="5" type="cond" truecount="1" falsecount="0"/>
        <line num="65" count="4" type="stmt"/>
        <line num="67" count="4" type="stmt"/>
        <line num="69" count="4" type="stmt"/>
        <line num="70" count="4" type="stmt"/>
        <line num="72" count="4" type="stmt"/>
        <line num="74" count="4" type="stmt"/>
        <line num="76" count="4" type="stmt"/>
        <line num="80" count="18" type="stmt"/>
        <line num="82" count="18" type="stmt"/>
        <line num="83" count="13" type="stmt"/>
        <line num="84" count="13" type="stmt"/>
        <line num="86" count="13" type="stmt"/>
        <line num="88" count="13" type="stmt"/>
        <line num="90" count="13" type="stmt"/>
        <line num="93" count="18" type="stmt"/>
        <line num="94" count="7" type="cond" truecount="1" falsecount="0"/>
        <line num="95" count="1" type="stmt"/>
        <line num="98" count="6" type="stmt"/>
        <line num="100" count="36" type="cond" truecount="1" falsecount="0"/>
        <line num="102" count="2" type="stmt"/>
        <line num="108" count="6" type="stmt"/>
        <line num="110" count="6" type="stmt"/>
        <line num="112" count="1" type="stmt"/>
        <line num="118" count="18" type="stmt"/>
        <line num="120" count="18" type="stmt"/>
        <line num="124" count="17" type="stmt"/>
        <line num="125" count="6" type="stmt"/>
        <line num="127" count="6" type="stmt"/>
        <line num="129" count="17" type="stmt"/>
      </file>
      <file name="index.ts" path="/home/denis/Documents/croct/forks/sdk-js/src/channel/index.ts">
        <metrics statements="8" coveredstatements="8" conditionals="0" coveredconditionals="0" methods="7" coveredmethods="7"/>
        <line num="1" count="17" type="stmt"/>
        <line num="2" count="43" type="stmt"/>
        <line num="3" count="37" type="stmt"/>
        <line num="4" count="35" type="stmt"/>
        <line num="5" count="44" type="stmt"/>
        <line num="6" count="42" type="stmt"/>
        <line num="7" count="42" type="stmt"/>
        <line num="8" count="35" type="stmt"/>
      </file>
      <file name="queuedChannel.ts" path="/home/denis/Documents/croct/forks/sdk-js/src/channel/queuedChannel.ts">
        <metrics statements="47" coveredstatements="47" conditionals="13" coveredconditionals="13" methods="10" coveredmethods="10"/>
        <line num="3" count="17" type="stmt"/>
        <line num="5" count="17" type="stmt"/>
        <line num="14" count="27" type="stmt"/>
        <line num="17" count="27" type="stmt"/>
        <line num="18" count="27" type="stmt"/>
        <line num="19" count="27" type="cond" truecount="4" falsecount="0"/>
        <line num="22" count="17" type="stmt"/>
        <line num="23" count="26" type="cond" truecount="1" falsecount="0"/>
        <line num="24" count="22" type="stmt"/>
        <line num="27" count="4" type="stmt"/>
        <line num="30" count="28" type="stmt"/>
        <line num="31" count="28" type="cond" truecount="1" falsecount="0"/>
        <line num="32" count="2" type="stmt"/>
        <line num="35" count="26" type="cond" truecount="1" falsecount="0"/>
        <line num="36" count="1" type="stmt"/>
        <line num="38" count="1" type="stmt"/>
        <line num="41" count="25" type="cond" truecount="1" falsecount="0"/>
        <line num="42" count="3" type="cond" truecount="2" falsecount="0"/>
        <line num="47" count="25" type="stmt"/>
        <line num="49" count="25" type="stmt"/>
        <line num="51" count="25" type="stmt"/>
        <line num="54" count="17" type="stmt"/>
        <line num="55" count="25" type="stmt"/>
        <line num="56" count="25" type="stmt"/>
        <line num="58" count="25" type="stmt"/>
        <line num="61" count="17" type="stmt"/>
        <line num="62" count="13" type="stmt"/>
        <line num="63" count="13" type="stmt"/>
        <line num="65" count="13" type="stmt"/>
        <line num="68" count="24" type="stmt"/>
        <line num="69" count="24" type="cond" truecount="1" falsecount="0"/>
        <line num="70" count="1" type="stmt"/>
        <line num="73" count="23" type="stmt"/>
        <line num="75" count="23" type="cond" truecount="1" falsecount="0"/>
        <line num="76" count="19" type="stmt"/>
        <line num="79" count="4" type="stmt"/>
        <line num="81" count="4" type="stmt"/>
        <line num="82" count="4" type="stmt"/>
        <line num="84" count="6" type="stmt"/>
        <line num="85" count="6" type="stmt"/>
        <line num="88" count="4" type="stmt"/>
        <line num="91" count="17" type="stmt"/>
        <line num="92" count="6" type="stmt"/>
        <line num="94" count="12" type="stmt"/>
        <line num="96" count="8" type="cond" truecount="1" falsecount="0"/>
        <line num="98" count="8" type="stmt"/>
        <line num="104" count="17" type="stmt"/>
      </file>
      <file name="retryChannel.ts" path="/home/denis/Documents/croct/forks/sdk-js/src/channel/retryChannel.ts">
        <metrics statements="35" coveredstatements="35" conditionals="11" coveredconditionals="11" methods="9" coveredmethods="9"/>
        <line num="2" count="17" type="stmt"/>
        <line num="11" count="17" type="stmt"/>
        <line num="18" count="25" type="stmt"/>
        <line num="20" count="25" type="stmt"/>
        <line num="21" count="25" type="stmt"/>
        <line num="22" count="25" type="stmt"/>
        <line num="23" count="25" type="cond" truecount="4" falsecount="0"/>
        <line num="26" count="21" type="stmt"/>
        <line num="27" count="21" type="cond" truecount="1" falsecount="0"/>
        <line num="28" count="1" type="stmt"/>
        <line num="31" count="20" type="stmt"/>
        <line num="34" count="17" type="stmt"/>
        <line num="35" count="15" type="stmt"/>
        <line num="37" count="17" type="cond" truecount="1" falsecount="0"/>
        <line num="38" count="16" type="cond" truecount="1" falsecount="0"/>
        <line num="39" count="2" type="stmt"/>
        <line num="42" count="14" type="stmt"/>
        <line num="44" count="14" type="stmt"/>
        <line num="46" count="15" type="cond" truecount="1" falsecount="0"/>
        <line num="47" count="13" type="stmt"/>
        <line num="49" count="16" type="stmt"/>
        <line num="50" count="13" type="stmt"/>
        <line num="52" count="7" type="cond" truecount="1" falsecount="0"/>
        <line num="54" count="1" type="stmt"/>
        <line num="56" count="1" type="stmt"/>
        <line num="62" count="13" type="stmt"/>
        <line num="64" count="2" type="stmt"/>
        <line num="66" count="2" type="stmt"/>
        <line num="74" count="6" type="cond" truecount="1" falsecount="0"/>
        <line num="76" count="2" type="stmt"/>
        <line num="80" count="1" type="cond" truecount="1" falsecount="0"/>
        <line num="83" count="17" type="stmt"/>
        <line num="84" count="7" type="stmt"/>
        <line num="86" count="7" type="stmt"/>
        <line num="88" count="17" type="stmt"/>
      </file>
      <file name="sandboxChannel.ts" path="/home/denis/Documents/croct/forks/sdk-js/src/channel/sandboxChannel.ts">
        <metrics statements="22" coveredstatements="22" conditionals="2" coveredconditionals="2" methods="8" coveredmethods="8"/>
        <line num="3" count="17" type="stmt"/>
        <line num="4" count="25" type="stmt"/>
        <line num="6" count="25" type="stmt"/>
        <line num="8" count="25" type="stmt"/>
        <line num="10" count="17" type="stmt"/>
        <line num="11" count="24" type="stmt"/>
        <line num="13" count="24" type="stmt"/>
        <line num="16" count="17" type="stmt"/>
        <line num="17" count="7" type="stmt"/>
        <line num="20" count="17" type="stmt"/>
        <line num="21" count="11" type="cond" truecount="1" falsecount="0"/>
        <line num="22" count="11" type="stmt"/>
        <line num="26" count="17" type="stmt"/>
        <line num="27" count="5" type="stmt"/>
        <line num="29" count="5" type="cond" truecount="1" falsecount="0"/>
        <line num="30" count="5" type="stmt"/>
        <line num="34" count="17" type="stmt"/>
        <line num="35" count="6" type="stmt"/>
        <line num="37" count="6" type="stmt"/>
        <line num="40" count="17" type="stmt"/>
        <line num="41" count="4" type="stmt"/>
        <line num="43" count="17" type="stmt"/>
      </file>
      <file name="socketChannel.ts" path="/home/denis/Documents/croct/forks/sdk-js/src/channel/socketChannel.ts">
        <metrics statements="97" coveredstatements="97" conditionals="28" coveredconditionals="27" methods="26" coveredmethods="25"/>
        <line num="1" count="17" type="stmt"/>
        <line num="3" count="17" type="stmt"/>
        <line num="20" count="17" type="stmt"/>
        <line num="27" count="18" type="stmt"/>
        <line num="31" count="18" type="stmt"/>
        <line num="33" count="18" type="stmt"/>
        <line num="34" count="18" type="stmt"/>
        <line num="35" count="18" type="cond" truecount="4" falsecount="0"/>
        <line num="36" count="18" type="stmt"/>
        <line num="44" count="17" type="stmt"/>
        <line num="45" count="3" type="cond" truecount="1" falsecount="0"/>
        <line num="46" count="2" type="stmt"/>
        <line num="49" count="1" type="stmt"/>
        <line num="52" count="22" type="stmt"/>
        <line num="53" count="22" type="stmt"/>
        <line num="54" count="17" type="stmt"/>
        <line num="56" count="15" type="stmt"/>
        <line num="60" count="17" type="stmt"/>
        <line num="61" count="5" type="cond" truecount="1" falsecount="0"/>
        <line num="62" count="5" type="stmt"/>
        <line num="66" count="17" type="stmt"/>
        <line num="67" count="1" type="stmt"/>
        <line num="69" count="1" type="cond" truecount="1" falsecount="0"/>
        <line num="70" count="1" type="stmt"/>
        <line num="74" count="17" type="stmt"/>
        <line num="75" count="5" type="stmt"/>
        <line num="78" count="24" type="stmt"/>
        <line num="79" count="24" type="cond" truecount="1" falsecount="0"/>
        <line num="80" count="1" type="stmt"/>
        <line num="83" count="23" type="cond" truecount="1" falsecount="0"/>
        <line num="84" count="4" type="stmt"/>
        <line num="85" count="4" type="stmt"/>
        <line num="87" count="4" type="cond" truecount="1" falsecount="0"/>
        <line num="88" count="2" type="stmt"/>
        <line num="91" count="2" type="stmt"/>
        <line num="94" count="2" type="stmt"/>
        <line num="96" count="2" type="stmt"/>
        <line num="100" count="19" type="stmt"/>
        <line num="101" count="19" type="stmt"/>
        <line num="103" count="19" type="stmt"/>
        <line num="105" count="19" type="cond" truecount="1" falsecount="0"/>
        <line num="106" count="1" type="stmt"/>
        <line num="109" count="19" type="stmt"/>
        <line num="110" count="1" type="stmt"/>
        <line num="112" count="1" type="stmt"/>
        <line num="114" count="1" type="stmt"/>
        <line num="116" count="1" type="stmt"/>
        <line num="119" count="19" type="stmt"/>
        <line num="121" count="19" type="stmt"/>
        <line num="122" count="15" type="stmt"/>
        <line num="124" count="15" type="stmt"/>
        <line num="126" count="15" type="stmt"/>
        <line num="128" count="15" type="stmt"/>
        <line num="131" count="19" type="stmt"/>
        <line num="132" count="2" type="cond" truecount="1" falsecount="0"/>
        <line num="133" count="2" type="stmt"/>
        <line num="137" count="19" type="stmt"/>
        <line num="138" count="5" type="stmt"/>
        <line num="140" count="5" type="stmt"/>
        <line num="143" count="19" type="stmt"/>
        <line num="144" count="17" type="stmt"/>
        <line num="146" count="17" type="cond" truecount="2" falsecount="0"/>
        <line num="147" count="17" type="stmt"/>
        <line num="149" count="17" type="cond" truecount="1" falsecount="0"/>
        <line num="150" count="13" type="stmt"/>
        <line num="153" count="17" type="stmt"/>
        <line num="154" count="17" type="stmt"/>
        <line num="155" count="17" type="stmt"/>
        <line num="156" count="17" type="stmt"/>
        <line num="158" count="17" type="stmt"/>
        <line num="161" count="19" type="stmt"/>
        <line num="162" count="19" type="stmt"/>
        <line num="163" count="19" type="stmt"/>
        <line num="164" count="19" type="stmt"/>
        <line num="167" count="19" type="stmt"/>
        <line num="170" count="17" type="stmt"/>
        <line num="171" count="6" type="stmt"/>
        <line num="173" count="6" type="stmt"/>
        <line num="174" count="6" type="stmt"/>
        <line num="176" count="6" type="cond" truecount="1" falsecount="0"/>
        <line num="177" count="1" type="stmt"/>
        <line num="179" count="1" type="stmt"/>
        <line num="181" count="1" type="stmt"/>
        <line num="184" count="5" type="stmt"/>
        <line num="188" count="4" type="stmt"/>
        <line num="189" count="1" type="stmt"/>
        <line num="191" count="1" type="stmt"/>
        <line num="194" count="4" type="stmt"/>
        <line num="195" count="5" type="stmt"/>
        <line num="197" count="5" type="stmt"/>
        <line num="199" count="5" type="stmt"/>
        <line num="202" count="4" type="stmt"/>
        <line num="203" count="4" type="stmt"/>
        <line num="205" count="4" type="stmt"/>
        <line num="208" count="1" type="stmt"/>
        <line num="210" count="1" type="stmt"/>
        <line num="215" count="17" type="stmt"/>
      </file>
    </package>
    <package name="src.cid">
      <metrics statements="44" coveredstatements="44" conditionals="11" coveredconditionals="11" methods="14" coveredmethods="14"/>
      <file name="cachedAssigner.ts" path="/home/denis/Documents/croct/forks/sdk-js/src/cid/cachedAssigner.ts">
        <metrics statements="15" coveredstatements="15" conditionals="5" coveredconditionals="5" methods="3" coveredmethods="3"/>
        <line num="1" count="14" type="stmt"/>
        <line num="5" count="14" type="stmt"/>
        <line num="13" count="19" type="stmt"/>
        <line num="14" count="19" type="stmt"/>
        <line num="15" count="19" type="cond" truecount="4" falsecount="0"/>
        <line num="18" count="14" type="stmt"/>
        <line num="19" count="6" type="stmt"/>
        <line num="21" count="6" type="cond" truecount="1" falsecount="0"/>
        <line num="22" count="2" type="stmt"/>
        <line num="24" count="2" type="stmt"/>
        <line num="27" count="4" type="stmt"/>
        <line num="29" count="3" type="stmt"/>
        <line num="31" count="3" type="stmt"/>
        <line num="33" count="3" type="stmt"/>
        <line num="35" count="14" type="stmt"/>
      </file>
      <file name="fixedAssigner.ts" path="/home/denis/Documents/croct/forks/sdk-js/src/cid/fixedAssigner.ts">
        <metrics statements="5" coveredstatements="5" conditionals="0" coveredconditionals="0" methods="3" coveredmethods="3"/>
        <line num="3" count="14" type="stmt"/>
        <line num="7" count="26" type="stmt"/>
        <line num="10" count="14" type="stmt"/>
        <line num="11" count="29" type="stmt"/>
        <line num="13" count="14" type="stmt"/>
      </file>
      <file name="index.ts" path="/home/denis/Documents/croct/forks/sdk-js/src/cid/index.ts">
        <metrics statements="4" coveredstatements="4" conditionals="0" coveredconditionals="0" methods="3" coveredmethods="3"/>
        <line num="1" count="14" type="stmt"/>
        <line num="2" count="33" type="stmt"/>
        <line num="3" count="40" type="stmt"/>
        <line num="4" count="34" type="stmt"/>
      </file>
      <file name="remoteAssigner.ts" path="/home/denis/Documents/croct/forks/sdk-js/src/cid/remoteAssigner.ts">
        <metrics statements="20" coveredstatements="20" conditionals="6" coveredconditionals="6" methods="5" coveredmethods="5"/>
        <line num="1" count="14" type="stmt"/>
        <line num="2" count="14" type="stmt"/>
        <line num="5" count="14" type="stmt"/>
        <line num="13" count="20" type="stmt"/>
        <line num="14" count="20" type="cond" truecount="4" falsecount="0"/>
        <line num="17" count="14" type="stmt"/>
        <line num="18" count="7" type="cond" truecount="1" falsecount="0"/>
        <line num="19" count="6" type="stmt"/>
        <line num="20" count="6" type="stmt"/>
        <line num="24" count="7" type="stmt"/>
        <line num="27" count="14" type="stmt"/>
        <line num="28" count="6" type="stmt"/>
        <line num="33" count="6" type="stmt"/>
        <line num="35" count="5" type="cond" truecount="1" falsecount="0"/>
        <line num="36" count="1" type="stmt"/>
        <line num="38" count="1" type="stmt"/>
        <line num="40" count="1" type="stmt"/>
        <line num="43" count="4" type="stmt"/>
        <line num="45" count="4" type="stmt"/>
        <line num="47" count="14" type="stmt"/>
      </file>
    </package>
    <package name="src.facade">
      <metrics statements="238" coveredstatements="238" conditionals="80" coveredconditionals="79" methods="66" coveredmethods="64"/>
      <file name="evaluatorFacade.ts" path="/home/denis/Documents/croct/forks/sdk-js/src/facade/evaluatorFacade.ts">
        <metrics statements="57" coveredstatements="57" conditionals="21" coveredconditionals="20" methods="10" coveredmethods="10"/>
        <line num="4" count="7" type="stmt"/>
        <line num="5" count="7" type="stmt"/>
        <line num="13" count="6" type="cond" truecount="3" falsecount="0"/>
        <line num="14" count="2" type="stmt"/>
        <line num="17" count="4" type="stmt"/>
        <line num="18" count="4" type="stmt"/>
        <line num="20" count="2" type="stmt"/>
        <line num="28" count="7" type="stmt"/>
        <line num="34" count="5" type="stmt"/>
        <line num="35" count="5" type="stmt"/>
        <line num="38" count="10" type="cond" truecount="1" falsecount="0"/>
        <line num="39" count="8" type="cond" truecount="3" falsecount="0"/>
        <line num="40" count="2" type="stmt"/>
        <line num="43" count="6" type="stmt"/>
        <line num="45" count="2" type="stmt"/>
        <line num="50" count="7" type="stmt"/>
        <line num="52" count="7" type="stmt"/>
        <line num="53" count="7" type="stmt"/>
        <line num="54" count="2" type="cond" truecount="1" falsecount="0"/>
        <line num="55" count="1" type="stmt"/>
        <line num="58" count="1" type="stmt"/>
        <line num="60" count="7" type="stmt"/>
        <line num="62" count="7" type="stmt"/>
        <line num="66" count="3" type="stmt"/>
        <line num="69" count="7" type="stmt"/>
        <line num="70" count="3" type="stmt"/>
        <line num="71" count="3" type="stmt"/>
        <line num="73" count="3" type="stmt"/>
        <line num="78" count="3" type="stmt"/>
        <line num="80" count="3" type="cond" truecount="1" falsecount="0"/>
        <line num="81" count="2" type="stmt"/>
        <line num="84" count="3" type="stmt"/>
        <line num="86" count="3" type="cond" truecount="1" falsecount="1"/>
        <line num="88" count="3" type="cond" truecount="1" falsecount="0"/>
        <line num="89" count="3" type="stmt"/>
        <line num="92" count="3" type="stmt"/>
        <line num="94" count="3" type="cond" truecount="1" falsecount="0"/>
        <line num="95" count="2" type="stmt"/>
        <line num="98" count="3" type="cond" truecount="3" falsecount="0"/>
        <line num="99" count="2" type="stmt"/>
        <line num="102" count="3" type="stmt"/>
        <line num="105" count="7" type="stmt"/>
        <line num="106" count="3" type="stmt"/>
        <line num="108" count="10" type="stmt"/>
        <line num="109" count="10" type="cond" truecount="5" falsecount="0"/>
        <line num="111" count="2" type="stmt"/>
        <line num="112" count="2" type="stmt"/>
        <line num="115" count="2" type="stmt"/>
        <line num="116" count="2" type="stmt"/>
        <line num="119" count="2" type="stmt"/>
        <line num="120" count="2" type="stmt"/>
        <line num="123" count="2" type="stmt"/>
        <line num="124" count="2" type="stmt"/>
        <line num="127" count="2" type="stmt"/>
        <line num="128" count="2" type="stmt"/>
        <line num="132" count="3" type="stmt"/>
        <line num="134" count="7" type="stmt"/>
      </file>
      <file name="index.ts" path="/home/denis/Documents/croct/forks/sdk-js/src/facade/index.ts">
        <metrics statements="7" coveredstatements="7" conditionals="0" coveredconditionals="0" methods="9" coveredmethods="8"/>
        <line num="1" count="12" type="stmt"/>
        <line num="2" count="7" type="stmt"/>
        <line num="3" count="10" type="stmt"/>
        <line num="4" count="9" type="stmt"/>
        <line num="5" count="29" type="stmt"/>
        <line num="6" count="11" type="stmt"/>
        <line num="7" count="9" type="stmt"/>
      </file>
      <file name="sdkFacade.ts" path="/home/denis/Documents/croct/forks/sdk-js/src/facade/sdkFacade.ts">
        <metrics statements="104" coveredstatements="104" conditionals="48" coveredconditionals="48" methods="23" coveredmethods="22"/>
        <line num="1" count="7" type="stmt"/>
        <line num="2" count="7" type="stmt"/>
        <line num="4" count="7" type="stmt"/>
        <line num="5" count="7" type="stmt"/>
        <line num="6" count="7" type="stmt"/>
        <line num="7" count="7" type="stmt"/>
        <line num="8" count="7" type="stmt"/>
        <line num="9" count="7" type="stmt"/>
        <line num="34" count="48" type="cond" truecount="3" falsecount="0"/>
        <line num="35" count="2" type="stmt"/>
        <line num="38" count="46" type="stmt"/>
        <line num="39" count="46" type="stmt"/>
        <line num="41" count="2" type="stmt"/>
        <line num="45" count="7" type="stmt"/>
        <line num="57" count="42" type="stmt"/>
        <line num="60" count="7" type="stmt"/>
        <line num="61" count="48" type="stmt"/>
        <line num="63" count="132" type="cond" truecount="2" falsecount="0"/>
        <line num="65" count="44" type="cond" truecount="3" falsecount="0"/>
        <line num="66" count="2" type="stmt"/>
        <line num="69" count="42" type="stmt"/>
        <line num="78" count="42" type="cond" truecount="2" falsecount="0"/>
        <line num="79" count="2" type="stmt"/>
        <line num="80" count="40" type="cond" truecount="1" falsecount="0"/>
        <line num="81" count="3" type="cond" truecount="2" falsecount="0"/>
        <line num="82" count="1" type="stmt"/>
        <line num="84" count="2" type="stmt"/>
        <line num="88" count="42" type="cond" truecount="1" falsecount="0"/>
        <line num="89" count="2" type="stmt"/>
        <line num="92" count="42" type="stmt"/>
        <line num="95" count="7" type="stmt"/>
        <line num="96" count="61" type="stmt"/>
        <line num="99" count="7" type="stmt"/>
        <line num="100" count="1" type="stmt"/>
        <line num="103" count="7" type="stmt"/>
        <line num="104" count="5" type="cond" truecount="1" falsecount="0"/>
        <line num="105" count="3" type="stmt"/>
        <line num="108" count="5" type="stmt"/>
        <line num="111" count="7" type="stmt"/>
        <line num="112" count="3" type="cond" truecount="1" falsecount="0"/>
        <line num="113" count="1" type="stmt"/>
        <line num="116" count="3" type="stmt"/>
        <line num="119" count="7" type="stmt"/>
        <line num="120" count="3" type="cond" truecount="1" falsecount="0"/>
        <line num="121" count="1" type="stmt"/>
        <line num="124" count="3" type="stmt"/>
        <line num="127" count="7" type="stmt"/>
        <line num="128" count="1" type="cond" truecount="1" falsecount="0"/>
        <line num="129" count="1" type="stmt"/>
        <line num="135" count="1" type="stmt"/>
        <line num="138" count="7" type="stmt"/>
        <line num="139" count="14" type="stmt"/>
        <line num="141" count="14" type="stmt"/>
        <line num="145" count="12" type="cond" truecount="1" falsecount="0"/>
        <line num="146" count="11" type="stmt"/>
        <line num="153" count="1" type="stmt"/>
        <line num="158" count="7" type="stmt"/>
        <line num="159" count="3" type="stmt"/>
        <line num="162" count="7" type="stmt"/>
        <line num="163" count="1" type="cond" truecount="1" falsecount="0"/>
        <line num="164" count="1" type="stmt"/>
        <line num="168" count="7" type="stmt"/>
        <line num="169" count="34" type="stmt"/>
        <line num="172" count="7" type="stmt"/>
        <line num="173" count="21" type="stmt"/>
        <line num="175" count="21" type="cond" truecount="3" falsecount="0"/>
        <line num="176" count="1" type="stmt"/>
        <line num="179" count="20" type="cond" truecount="8" falsecount="0"/>
        <line num="180" count="20" type="stmt"/>
        <line num="181" count="20" type="stmt"/>
        <line num="183" count="20" type="cond" truecount="1" falsecount="0"/>
        <line num="184" count="4" type="stmt"/>
        <line num="186" count="4" type="stmt"/>
        <line num="188" count="4" type="stmt"/>
        <line num="191" count="16" type="cond" truecount="1" falsecount="0"/>
        <line num="192" count="2" type="stmt"/>
        <line num="197" count="2" type="stmt"/>
        <line num="200" count="16" type="stmt"/>
        <line num="202" count="16" type="cond" truecount="1" falsecount="0"/>
        <line num="203" count="15" type="stmt"/>
        <line num="208" count="15" type="stmt"/>
        <line num="211" count="16" type="stmt"/>
        <line num="214" count="7" type="stmt"/>
        <line num="215" count="5" type="stmt"/>
        <line num="217" count="5" type="cond" truecount="1" falsecount="0"/>
        <line num="218" count="1" type="stmt"/>
        <line num="221" count="4" type="stmt"/>
        <line num="222" count="4" type="stmt"/>
        <line num="224" count="4" type="cond" truecount="1" falsecount="0"/>
        <line num="225" count="4" type="stmt"/>
        <line num="230" count="4" type="stmt"/>
        <line num="233" count="4" type="stmt"/>
        <line num="235" count="4" type="stmt"/>
        <line num="238" count="7" type="stmt"/>
        <line num="239" count="21" type="stmt"/>
        <line num="244" count="54" type="stmt"/>
        <line num="245" count="26" type="stmt"/>
        <line num="248" count="7" type="stmt"/>
        <line num="249" count="1" type="stmt"/>
        <line num="252" count="7" type="stmt"/>
        <line num="253" count="1" type="stmt"/>
        <line num="256" count="7" type="stmt"/>
        <line num="257" count="1" type="stmt"/>
        <line num="259" count="7" type="stmt"/>
      </file>
      <file name="sessionFacade.ts" path="/home/denis/Documents/croct/forks/sdk-js/src/facade/sessionFacade.ts">
        <metrics statements="6" coveredstatements="6" conditionals="0" coveredconditionals="0" methods="3" coveredmethods="3"/>
        <line num="2" count="7" type="stmt"/>
        <line num="4" count="7" type="stmt"/>
        <line num="8" count="4" type="stmt"/>
        <line num="11" count="7" type="stmt"/>
        <line num="12" count="3" type="stmt"/>
        <line num="14" count="7" type="stmt"/>
      </file>
      <file name="sessionPatch.ts" path="/home/denis/Documents/croct/forks/sdk-js/src/facade/sessionPatch.ts">
        <metrics statements="11" coveredstatements="11" conditionals="3" coveredconditionals="3" methods="3" coveredmethods="3"/>
        <line num="1" count="7" type="stmt"/>
        <line num="5" count="7" type="stmt"/>
        <line num="9" count="5" type="cond" truecount="2" falsecount="0"/>
        <line num="11" count="5" type="stmt"/>
        <line num="14" count="7" type="stmt"/>
        <line num="15" count="4" type="cond" truecount="1" falsecount="0"/>
        <line num="17" count="2" type="stmt"/>
        <line num="23" count="2" type="stmt"/>
        <line num="28" count="2" type="stmt"/>
        <line num="30" count="2" type="stmt"/>
        <line num="32" count="7" type="stmt"/>
      </file>
      <file name="trackerFacade.ts" path="/home/denis/Documents/croct/forks/sdk-js/src/facade/trackerFacade.ts">
[...]
        <line num="15" count="18" type="stmt"/>
        <line num="22" count="42" type="stmt"/>
      </file>
      <file name="index.ts" path="/home/denis/Documents/croct/forks/sdk-js/src/validation/index.ts">
        <metrics statements="12" coveredstatements="12" conditionals="0" coveredconditionals="0" methods="13" coveredmethods="13"/>
        <line num="1" count="42" type="stmt"/>
        <line num="2" count="42" type="stmt"/>
        <line num="3" count="413" type="stmt"/>
        <line num="4" count="434" type="stmt"/>
        <line num="5" count="230" type="stmt"/>
        <line num="6" count="186" type="stmt"/>
        <line num="7" count="43" type="stmt"/>
        <line num="8" count="318" type="stmt"/>
        <line num="9" count="1300" type="stmt"/>
        <line num="10" count="1398" type="stmt"/>
        <line num="11" count="2810" type="stmt"/>
        <line num="12" count="439" type="stmt"/>
      </file>
      <file name="jsonType.ts" path="/home/denis/Documents/croct/forks/sdk-js/src/validation/jsonType.ts">
        <metrics statements="59" coveredstatements="59" conditionals="30" coveredconditionals="30" methods="23" coveredmethods="23"/>
        <line num="2" count="42" type="stmt"/>
        <line num="3" count="42" type="stmt"/>
        <line num="6" count="807" type="cond" truecount="4" falsecount="0"/>
        <line num="10" count="146" type="cond" truecount="2" falsecount="0"/>
        <line num="14" count="395" type="cond" truecount="3" falsecount="0"/>
        <line num="18" count="179" type="cond" truecount="2" falsecount="0"/>
        <line num="23" count="299" type="stmt"/>
        <line num="31" count="42" type="stmt"/>
        <line num="34" count="159" type="cond" truecount="1" falsecount="0"/>
        <line num="35" count="110" type="stmt"/>
        <line num="38" count="42" type="stmt"/>
        <line num="39" count="23" type="stmt"/>
        <line num="42" count="42" type="stmt"/>
        <line num="43" count="118" type="stmt"/>
        <line num="46" count="140" type="cond" truecount="1" falsecount="0"/>
        <line num="47" count="116" type="cond" truecount="1" falsecount="0"/>
        <line num="48" count="18" type="stmt"/>
        <line num="55" count="98" type="cond" truecount="3" falsecount="0"/>
        <line num="56" count="5" type="stmt"/>
        <line num="59" count="163" type="stmt"/>
        <line num="60" count="163" type="stmt"/>
        <line num="62" count="163" type="cond" truecount="1" falsecount="0"/>
        <line num="63" count="160" type="stmt"/>
        <line num="66" count="141" type="cond" truecount="1" falsecount="0"/>
        <line num="67" count="140" type="stmt"/>
        <line num="71" count="42" type="stmt"/>
        <line num="77" count="42" type="stmt"/>
        <line num="80" count="69" type="cond" truecount="1" falsecount="0"/>
        <line num="81" count="50" type="stmt"/>
        <line num="84" count="42" type="stmt"/>
        <line num="85" count="23" type="stmt"/>
        <line num="88" count="42" type="stmt"/>
        <line num="89" count="139" type="stmt"/>
        <line num="92" count="64" type="cond" truecount="1" falsecount="0"/>
        <line num="93" count="43" type="cond" truecount="1" falsecount="0"/>
        <line num="94" count="16" type="stmt"/>
        <line num="101" count="27" type="cond" truecount="1" falsecount="0"/>
        <line num="102" count="2" type="stmt"/>
        <line num="105" count="25" type="stmt"/>
        <line num="106" count="69" type="stmt"/>
        <line num="109" count="42" type="stmt"/>
        <line num="111" count="42" type="stmt"/>
        <line num="112" count="42" type="stmt"/>
        <line num="113" count="55" type="stmt"/>
        <line num="116" count="42" type="stmt"/>
        <line num="117" count="404" type="stmt"/>
        <line num="120" count="227" type="cond" truecount="1" falsecount="0"/>
        <line num="121" count="212" type="cond" truecount="1" falsecount="0"/>
        <line num="122" count="44" type="stmt"/>
        <line num="129" count="42" type="stmt"/>
        <line num="131" count="42" type="stmt"/>
        <line num="132" count="42" type="stmt"/>
        <line num="133" count="3" type="stmt"/>
        <line num="136" count="42" type="stmt"/>
        <line num="137" count="8" type="cond" truecount="3" falsecount="0"/>
        <line num="140" count="42" type="cond" truecount="1" falsecount="0"/>
        <line num="141" count="11" type="cond" truecount="1" falsecount="0"/>
        <line num="142" count="2" type="stmt"/>
        <line num="149" count="42" type="stmt"/>
      </file>
      <file name="mixedSchema.ts" path="/home/denis/Documents/croct/forks/sdk-js/src/validation/mixedSchema.ts">
        <metrics statements="3" coveredstatements="3" conditionals="0" coveredconditionals="0" methods="2" coveredmethods="2"/>
        <line num="3" count="42" type="stmt"/>
        <line num="4" count="42" type="stmt"/>
        <line num="7" count="42" type="stmt"/>
      </file>
      <file name="nullType.ts" path="/home/denis/Documents/croct/forks/sdk-js/src/validation/nullType.ts">
        <metrics statements="11" coveredstatements="11" conditionals="2" coveredconditionals="2" methods="4" coveredmethods="4"/>
        <line num="1" count="42" type="stmt"/>
        <line num="2" count="42" type="stmt"/>
        <line num="4" count="42" type="stmt"/>
        <line num="5" count="42" type="stmt"/>
        <line num="6" count="15" type="stmt"/>
        <line num="9" count="42" type="stmt"/>
        <line num="10" count="192" type="stmt"/>
        <line num="13" count="42" type="cond" truecount="1" falsecount="0"/>
        <line num="14" count="24" type="cond" truecount="1" falsecount="0"/>
        <line num="15" count="10" type="stmt"/>
        <line num="22" count="42" type="stmt"/>
      </file>
      <file name="numberType.ts" path="/home/denis/Documents/croct/forks/sdk-js/src/validation/numberType.ts">
        <metrics statements="18" coveredstatements="18" conditionals="22" coveredconditionals="22" methods="5" coveredmethods="5"/>
        <line num="1" count="42" type="stmt"/>
        <line num="2" count="42" type="stmt"/>
        <line num="10" count="42" type="stmt"/>
        <line num="13" count="1791" type="cond" truecount="1" falsecount="0"/>
        <line num="14" count="1258" type="stmt"/>
        <line num="22" count="42" type="stmt"/>
        <line num="23" count="98" type="cond" truecount="2" falsecount="0"/>
        <line num="26" count="42" type="stmt"/>
        <line num="27" count="1018" type="cond" truecount="3" falsecount="0"/>
        <line num="30" count="867" type="cond" truecount="1" falsecount="0"/>
        <line num="31" count="849" type="cond" truecount="1" falsecount="0"/>
        <line num="32" count="76" type="stmt"/>
        <line num="34" count="76" type="stmt"/>
        <line num="41" count="773" type="cond" truecount="1" falsecount="0"/>
        <line num="42" count="50" type="stmt"/>
        <line num="50" count="723" type="cond" truecount="1" falsecount="0"/>
        <line num="51" count="2" type="stmt"/>
        <line num="59" count="42" type="stmt"/>
      </file>
      <file name="objectType.ts" path="/home/denis/Documents/croct/forks/sdk-js/src/validation/objectType.ts">
        <metrics statements="46" coveredstatements="46" conditionals="51" coveredconditionals="49" methods="5" coveredmethods="5"/>
        <line num="1" count="42" type="stmt"/>
        <line num="2" count="42" type="stmt"/>
        <line num="3" count="42" type="stmt"/>
        <line num="19" count="42" type="stmt"/>
        <line num="22" count="1366" type="cond" truecount="1" falsecount="0"/>
        <line num="23" count="1356" type="stmt"/>
        <line num="34" count="42" type="stmt"/>
        <line num="35" count="35" type="cond" truecount="1" falsecount="0"/>
        <line num="36" count="4" type="stmt"/>
        <line num="39" count="31" type="stmt"/>
        <line num="42" count="42" type="stmt"/>
        <line num="43" count="1759" type="cond" truecount="1" falsecount="0"/>
        <line num="44" count="6" type="stmt"/>
        <line num="47" count="1753" type="stmt"/>
        <line num="50" count="2833" type="cond" truecount="1" falsecount="0"/>
        <line num="51" count="1725" type="cond" truecount="1" falsecount="0"/>
        <line num="52" count="34" type="stmt"/>
        <line num="54" count="34" type="stmt"/>
        <line num="62" count="1691" type="stmt"/>
        <line num="64" count="1691" type="stmt"/>
        <line num="66" count="1691" type="cond" truecount="3" falsecount="0"/>
        <line num="67" count="10" type="stmt"/>
        <line num="76" count="1681" type="cond" truecount="3" falsecount="0"/>
        <line num="77" count="12" type="stmt"/>
        <line num="86" count="1669" type="stmt"/>
        <line num="88" count="3114" type="stmt"/>
        <line num="89" count="3114" type="cond" truecount="1" falsecount="0"/>
        <line num="90" count="99" type="stmt"/>
        <line num="96" count="4035" type="stmt"/>
        <line num="97" count="4035" type="stmt"/>
        <line num="99" count="4035" type="stmt"/>
        <line num="101" count="4017" type="stmt"/>
        <line num="103" count="4017" type="cond" truecount="1" falsecount="0"/>
        <line num="104" count="3851" type="stmt"/>
        <line num="106" count="3175" type="stmt"/>
        <line num="108" count="3175" type="stmt"/>
        <line num="111" count="166" type="cond" truecount="1" falsecount="0"/>
        <line num="112" count="4" type="stmt"/>
        <line num="117" count="162" type="cond" truecount="1" falsecount="0"/>
        <line num="118" count="154" type="stmt"/>
        <line num="122" count="824" type="stmt"/>
        <line num="124" count="824" type="cond" truecount="1" falsecount="0"/>
        <line num="125" count="8" type="stmt"/>
        <line num="127" count="8" type="cond" truecount="3" falsecount="0"/>
        <line num="128" count="8" type="stmt"/>
        <line num="132" count="42" type="stmt"/>
      </file>
      <file name="schema.ts" path="/home/denis/Documents/croct/forks/sdk-js/src/validation/schema.ts">
        <metrics statements="5" coveredstatements="5" conditionals="2" coveredconditionals="1" methods="2" coveredmethods="2"/>
        <line num="11" count="42" type="stmt"/>
        <line num="17" count="959" type="cond" truecount="1" falsecount="1"/>
        <line num="18" count="959" type="stmt"/>
        <line num="19" count="959" type="stmt"/>
        <line num="21" count="42" type="stmt"/>
      </file>
      <file name="stringType.ts" path="/home/denis/Documents/croct/forks/sdk-js/src/validation/stringType.ts">
        <metrics statements="39" coveredstatements="38" conditionals="40" coveredconditionals="37" methods="11" coveredmethods="11"/>
        <line num="1" count="42" type="stmt"/>
        <line num="2" count="42" type="stmt"/>
        <line num="8" count="42" type="stmt"/>
        <line num="10" count="243" type="stmt"/>
        <line num="13" count="314" type="stmt"/>
        <line num="16" count="287" type="stmt"/>
        <line num="19" count="12" type="stmt"/>
        <line num="22" count="125" type="stmt"/>
        <line num="24" count="125" type="stmt"/>
        <line num="26" count="36" type="stmt"/>
        <line num="29" count="89" type="stmt"/>
        <line num="32" count="9" type="stmt"/>
        <line num="36" count="9" type="stmt"/>
        <line num="38" count="0" type="stmt"/>
        <line num="41" count="9" type="stmt"/>
        <line num="53" count="42" type="stmt"/>
        <line num="56" count="3000" type="cond" truecount="1" falsecount="0"/>
        <line num="57" count="2768" type="stmt"/>
        <line num="65" count="42" type="stmt"/>
        <line num="66" count="26" type="stmt"/>
        <line num="69" count="42" type="stmt"/>
        <line num="70" count="2913" type="stmt"/>
        <line num="73" count="2822" type="cond" truecount="1" falsecount="0"/>
        <line num="74" count="2686" type="cond" truecount="1" falsecount="0"/>
        <line num="75" count="58" type="stmt"/>
        <line num="82" count="2628" type="stmt"/>
        <line num="84" count="2628" type="cond" truecount="3" falsecount="0"/>
        <line num="85" count="96" type="stmt"/>
        <line num="94" count="2532" type="cond" truecount="3" falsecount="0"/>
        <line num="95" count="120" type="stmt"/>
        <line num="104" count="2412" type="stmt"/>
        <line num="106" count="2412" type="cond" truecount="3" falsecount="0"/>
        <line num="107" count="12" type="stmt"/>
        <line num="120" count="2400" type="stmt"/>
        <line num="122" count="2400" type="cond" truecount="3" falsecount="0"/>
        <line num="123" count="168" type="stmt"/>
        <line num="126" count="2232" type="cond" truecount="3" falsecount="0"/>
        <line num="127" count="10" type="stmt"/>
        <line num="130" count="42" type="stmt"/>
      </file>
      <file name="unionType.ts" path="/home/denis/Documents/croct/forks/sdk-js/src/validation/unionType.ts">
        <metrics statements="25" coveredstatements="25" conditionals="4" coveredconditionals="4" methods="5" coveredmethods="5"/>
        <line num="1" count="42" type="stmt"/>
        <line num="2" count="42" type="stmt"/>
        <line num="4" count="42" type="stmt"/>
        <line num="7" count="1490" type="stmt"/>
        <line num="8" count="397" type="stmt"/>
        <line num="11" count="42" type="stmt"/>
        <line num="12" count="47" type="stmt"/>
        <line num="14" count="128" type="stmt"/>
        <line num="15" count="158" type="stmt"/>
        <line num="16" count="158" type="cond" truecount="1" falsecount="0"/>
        <line num="17" count="158" type="stmt"/>
        <line num="22" count="47" type="stmt"/>
        <line num="25" count="42" type="stmt"/>
        <line num="26" count="15" type="stmt"/>
        <line num="27" count="15" type="cond" truecount="1" falsecount="0"/>
        <line num="28" count="3" type="stmt"/>
        <line num="32" count="5" type="stmt"/>
        <line num="35" count="522" type="cond" truecount="1" falsecount="0"/>
        <line num="36" count="1199" type="stmt"/>
        <line num="37" count="1199" type="cond" truecount="1" falsecount="0"/>
        <line num="38" count="465" type="stmt"/>
        <line num="40" count="355" type="stmt"/>
        <line num="44" count="46" type="stmt"/>
        <line num="46" count="46" type="stmt"/>
        <line num="53" count="42" type="stmt"/>
      </file>
      <file name="violation.ts" path="/home/denis/Documents/croct/forks/sdk-js/src/validation/violation.ts">
        <metrics statements="12" coveredstatements="12" conditionals="6" coveredconditionals="6" methods="2" coveredmethods="2"/>
        <line num="1" count="43" type="stmt"/>
        <line num="2" count="359" type="cond" truecount="1" falsecount="0"/>
        <line num="3" count="65" type="stmt"/>
        <line num="6" count="294" type="cond" truecount="1" falsecount="0"/>
        <line num="7" count="61" type="stmt"/>
        <line num="10" count="233" type="cond" truecount="1" falsecount="0"/>
        <line num="11" count="70" type="cond" truecount="2" falsecount="0"/>
        <line num="14" count="163" type="cond" truecount="1" falsecount="0"/>
        <line num="16" count="73" type="stmt"/>
        <line num="19" count="90" type="stmt"/>
        <line num="22" count="43" type="stmt"/>
        <line num="23" count="958" type="stmt"/>
      </file>
    </package>
    <package name="test.utils">
      <metrics statements="73" coveredstatements="71" conditionals="13" coveredconditionals="12" methods="22" coveredmethods="21"/>
      <file name="dumbStorage.ts" path="/home/denis/Documents/croct/forks/sdk-js/test/utils/dumbStorage.ts">
        <metrics statements="25" coveredstatements="24" conditionals="4" coveredconditionals="4" methods="8" coveredmethods="7"/>
        <line num="1" count="4" type="stmt"/>
        <line num="2" count="40" type="stmt"/>
        <line num="4" count="40" type="stmt"/>
        <line num="6" count="79" type="cond" truecount="1" falsecount="0"/>
        <line num="7" count="40" type="stmt"/>
        <line num="10" count="4" type="stmt"/>
        <line num="11" count="0" type="stmt"/>
        <line num="14" count="4" type="stmt"/>
        <line num="15" count="20" type="stmt"/>
        <line num="18" count="4" type="stmt"/>
        <line num="19" count="52" type="cond" truecount="1" falsecount="0"/>
        <line num="20" count="1" type="stmt"/>
        <line num="23" count="51" type="cond" truecount="1" falsecount="0"/>
        <line num="24" count="43" type="stmt"/>
        <line num="27" count="8" type="stmt"/>
        <line num="30" count="4" type="stmt"/>
        <line num="31" count="15" type="stmt"/>
        <line num="33" count="15" type="cond" truecount="1" falsecount="0"/>
        <line num="34" count="1" type="stmt"/>
        <line num="37" count="14" type="stmt"/>
        <line num="40" count="4" type="stmt"/>
        <line num="41" count="21" type="stmt"/>
        <line num="44" count="4" type="stmt"/>
        <line num="45" count="33" type="stmt"/>
        <line num="47" count="4" type="stmt"/>
      </file>
      <file name="tabEventEmulator.ts" path="/home/denis/Documents/croct/forks/sdk-js/test/utils/tabEventEmulator.ts">
        <metrics statements="48" coveredstatements="47" conditionals="9" coveredconditionals="8" methods="14" coveredmethods="14"/>
        <line num="3" count="4" type="stmt"/>
        <line num="4" count="4" type="stmt"/>
        <line num="6" count="4" type="stmt"/>
        <line num="12" count="90" type="stmt"/>
        <line num="13" count="90" type="stmt"/>
        <line num="15" count="90" type="stmt"/>
        <line num="16" count="520" type="stmt"/>
        <line num="19" count="90" type="stmt"/>
        <line num="21" count="90" type="stmt"/>
        <line num="22" count="100" type="stmt"/>
        <line num="26" count="4" type="stmt"/>
        <line num="27" count="620" type="stmt"/>
        <line num="30" count="4" type="stmt"/>
        <line num="31" count="1" type="stmt"/>
        <line num="34" count="4" type="stmt"/>
        <line num="35" count="11" type="stmt"/>
        <line num="37" count="11" type="stmt"/>
        <line num="39" count="11" type="stmt"/>
        <line num="41" count="11" type="stmt"/>
        <line num="44" count="4" type="stmt"/>
        <line num="45" count="5" type="cond" truecount="0" falsecount="1"/>
        <line num="46" count="0" type="stmt"/>
        <line num="49" count="5" type="stmt"/>
        <line num="51" count="5" type="stmt"/>
        <line num="53" count="5" type="stmt"/>
        <line num="56" count="4" type="stmt"/>
        <line num="57" count="4" type="stmt"/>
        <line num="60" count="4" type="stmt"/>
        <line num="61" count="4" type="stmt"/>
        <line num="64" count="4" type="stmt"/>
        <line num="65" count="21" type="stmt"/>
        <line num="70" count="21" type="stmt"/>
        <line num="73" count="4" type="stmt"/>
        <line num="74" count="2" type="stmt"/>
        <line num="77" count="76" type="cond" truecount="1" falsecount="0"/>
        <line num="78" count="221" type="stmt"/>
        <line num="79" count="221" type="cond" truecount="3" falsecount="0"/>
        <line num="80" count="35" type="stmt"/>
        <line num="85" count="4" type="stmt"/>
        <line num="86" count="90" type="cond" truecount="1" falsecount="0"/>
        <line num="87" count="90" type="stmt"/>
        <line num="88" count="90" type="stmt"/>
        <line num="91" count="90" type="cond" truecount="1" falsecount="0"/>
        <line num="92" count="90" type="stmt"/>
        <line num="93" count="90" type="stmt"/>
        <line num="96" count="90" type="stmt"/>
        <line num="97" count="90" type="stmt"/>
        <line num="99" count="4" type="stmt"/>
      </file>
    </package>
  </project>
</coverage>
