{"/home/denis/Documents/croct/forks/sdk-js/src/activeRecord.ts": {"path":"/home/denis/Documents/croct/forks/sdk-js/src/activeRecord.ts","statementMap":{"0":{"start":{"line":4,"column":0},"end":{"line":4,"column":null}},"1":{"start":{"line":16,"column":24},"end":{"line":26,"column":2}},"2":{"start":{"line":28,"column":0},"end":{"line":28,"column":22}},"3":{"start":{"line":29,"column":21},"end":{"line":29,"column":50}},"4":{"start":{"line":35,"column":11},"end":{"line":49,"column":null}},"5":{"start":{"line":36,"column":8},"end":{"line":42,"column":null}},"6":{"start":{"line":37,"column":12},"end":{"line":41,"column":15}},"7":{"start":{"line":44,"column":8},"end":{"line":48,"column":11}},"8":{"start":{"line":51,"column":11},"end":{"line":57,"column":null}},"9":{"start":{"line":52,"column":8},"end":{"line":56,"column":11}},"10":{"start":{"line":59,"column":11},"end":{"line":65,"column":null}},"11":{"start":{"line":60,"column":8},"end":{"line":64,"column":11}},"12":{"start":{"line":71,"column":11},"end":{"line":85,"column":null}},"13":{"start":{"line":72,"column":8},"end":{"line":78,"column":null}},"14":{"start":{"line":73,"column":12},"end":{"line":77,"column":15}},"15":{"start":{"line":80,"column":8},"end":{"line":84,"column":11}},"16":{"start":{"line":87,"column":11},"end":{"line":93,"column":null}},"17":{"start":{"line":87,"column":39},"end":{"line":87,"column":null}},"18":{"start":{"line":88,"column":8},"end":{"line":92,"column":11}},"19":{"start":{"line":95,"column":11},"end":{"line":101,"column":null}},"20":{"start":{"line":95,"column":39},"end":{"line":95,"column":null}},"21":{"start":{"line":96,"column":8},"end":{"line":100,"column":11}},"22":{"start":{"line":103,"column":11},"end":{"line":108,"column":null}},"23":{"start":{"line":104,"column":8},"end":{"line":107,"column":11}},"24":{"start":{"line":110,"column":11},"end":{"line":115,"column":null}},"25":{"start":{"line":111,"column":8},"end":{"line":114,"column":11}},"26":{"start":{"line":117,"column":11},"end":{"line":123,"column":null}},"27":{"start":{"line":118,"column":8},"end":{"line":122,"column":11}},"28":{"start":{"line":125,"column":12},"end":{"line":133,"column":null}},"29":{"start":{"line":126,"column":32},"end":{"line":126,"column":42}},"30":{"start":{"line":126,"column":28},"end":{"line":126,"column":32}},"31":{"start":{"line":128,"column":8},"end":{"line":128,"column":45}},"32":{"start":{"line":130,"column":8},"end":{"line":130,"column":40}},"33":{"start":{"line":132,"column":8},"end":{"line":132,"column":20}},"34":{"start":{"line":135,"column":14},"end":{"line":139,"column":null}},"35":{"start":{"line":136,"column":8},"end":{"line":136,"column":34}},"36":{"start":{"line":138,"column":8},"end":{"line":138,"column":20}},"37":{"start":{"line":143,"column":14},"end":{"line":145,"column":null}},"38":{"start":{"line":144,"column":8},"end":{"line":144,"column":42}},"39":{"start":{"line":147,"column":14},"end":{"line":149,"column":null}},"40":{"start":{"line":148,"column":8},"end":{"line":148,"column":53}},"41":{"start":{"line":150,"column":0},"end":{"line":150,"column":null}},"42":{"start":{"line":28,"column":22},"end":{"line":28,"column":34}}},"fnMap":{"0":{"name":"(anonymous_0)","decl":{"start":{"line":28,"column":0},"end":{"line":28,"column":22}},"loc":{"start":{"line":28,"column":0},"end":{"line":150,"column":null}}},"1":{"name":"(anonymous_2)","decl":{"start":{"line":35,"column":4},"end":{"line":35,"column":11}},"loc":{"start":{"line":35,"column":69},"end":{"line":49,"column":5}}},"2":{"name":"(anonymous_3)","decl":{"start":{"line":51,"column":4},"end":{"line":51,"column":11}},"loc":{"start":{"line":51,"column":49},"end":{"line":57,"column":5}}},"3":{"name":"(anonymous_4)","decl":{"start":{"line":59,"column":4},"end":{"line":59,"column":11}},"loc":{"start":{"line":59,"column":53},"end":{"line":65,"column":5}}},"4":{"name":"(anonymous_5)","decl":{"start":{"line":71,"column":4},"end":{"line":71,"column":11}},"loc":{"start":{"line":71,"column":79},"end":{"line":85,"column":5}}},"5":{"name":"(anonymous_6)","decl":{"start":{"line":87,"column":4},"end":{"line":87,"column":11}},"loc":{"start":{"line":87,"column":49},"end":{"line":93,"column":5}}},"6":{"name":"(anonymous_7)","decl":{"start":{"line":95,"column":4},"end":{"line":95,"column":11}},"loc":{"start":{"line":95,"column":49},"end":{"line":101,"column":5}}},"7":{"name":"(anonymous_8)","decl":{"start":{"line":103,"column":4},"end":{"line":103,"column":11}},"loc":{"start":{"line":103,"column":33},"end":{"line":108,"column":5}}},"8":{"name":"(anonymous_9)","decl":{"start":{"line":110,"column":4},"end":{"line":110,"column":11}},"loc":{"start":{"line":110,"column":33},"end":{"line":115,"column":5}}},"9":{"name":"(anonymous_10)","decl":{"start":{"line":117,"column":4},"end":{"line":117,"column":11}},"loc":{"start":{"line":117,"column":52},"end":{"line":123,"column":5}}},"10":{"name":"(anonymous_11)","decl":{"start":{"line":125,"column":4},"end":{"line":125,"column":12}},"loc":{"start":{"line":125,"column":46},"end":{"line":133,"column":5}}},"11":{"name":"(anonymous_12)","decl":{"start":{"line":135,"column":4},"end":{"line":135,"column":14}},"loc":{"start":{"line":135,"column":4},"end":{"line":139,"column":5}}},"12":{"name":"(anonymous_13)","decl":{"start":{"line":143,"column":4},"end":{"line":143,"column":14}},"loc":{"start":{"line":143,"column":4},"end":{"line":145,"column":5}}},"13":{"name":"(anonymous_14)","decl":{"start":{"line":147,"column":4},"end":{"line":147,"column":14}},"loc":{"start":{"line":147,"column":4},"end":{"line":149,"column":5}}}},"branchMap":{"0":{"loc":{"start":{"line":36,"column":8},"end":{"line":42,"column":null}},"type":"if","locations":[{"start":{"line":36,"column":8},"end":{"line":42,"column":null}}]},"1":{"loc":{"start":{"line":72,"column":8},"end":{"line":78,"column":null}},"type":"if","locations":[{"start":{"line":72,"column":8},"end":{"line":78,"column":null}}]},"2":{"loc":{"start":{"line":87,"column":39},"end":{"line":87,"column":null}},"type":"if","locations":[{"start":{"line":87,"column":39},"end":{"line":87,"column":null}}]},"3":{"loc":{"start":{"line":95,"column":39},"end":{"line":95,"column":null}},"type":"if","locations":[{"start":{"line":95,"column":39},"end":{"line":95,"column":null}}]}},"s":{"0":8,"1":8,"2":8,"3":13,"4":8,"5":4,"6":3,"7":1,"8":8,"9":5,"10":8,"11":1,"12":8,"13":2,"14":1,"15":1,"16":8,"17":1,"18":1,"19":8,"20":1,"21":1,"22":8,"23":1,"24":8,"25":1,"26":8,"27":1,"28":8,"29":17,"30":17,"31":17,"32":17,"33":17,"34":8,"35":5,"36":5,"37":8,"38":12,"39":8,"40":5,"41":8,"42":8},"f":{"0":21,"1":4,"2":5,"3":1,"4":2,"5":1,"6":1,"7":1,"8":1,"9":1,"10":17,"11":5,"12":12,"13":5},"b":{"0":[3],"1":[1],"2":[0],"3":[0]}}
,"/home/denis/Documents/croct/forks/sdk-js/src/base64Url.ts": {"path":"/home/denis/Documents/croct/forks/sdk-js/src/base64Url.ts","statementMap":{"0":{"start":{"line":2,"column":4},"end":{"line":2,"column":95}},"1":{"start":{"line":6,"column":4},"end":{"line":9,"column":27}},"2":{"start":{"line":13,"column":4},"end":{"line":13,"column":44}},"3":{"start":{"line":12,"column":0},"end":{"line":12,"column":16}},"4":{"start":{"line":17,"column":4},"end":{"line":17,"column":46}},"5":{"start":{"line":16,"column":0},"end":{"line":16,"column":16}}},"fnMap":{"0":{"name":"base64Unescape","decl":{"start":{"line":1,"column":9},"end":{"line":1,"column":23}},"loc":{"start":{"line":1,"column":37},"end":{"line":3,"column":1}}},"1":{"name":"base64Escape","decl":{"start":{"line":5,"column":9},"end":{"line":5,"column":21}},"loc":{"start":{"line":5,"column":35},"end":{"line":10,"column":1}}},"2":{"name":"base64UrlEncode","decl":{"start":{"line":12,"column":16},"end":{"line":12,"column":31}},"loc":{"start":{"line":12,"column":45},"end":{"line":14,"column":1}}},"3":{"name":"base64UrlDecode","decl":{"start":{"line":16,"column":16},"end":{"line":16,"column":31}},"loc":{"start":{"line":16,"column":45},"end":{"line":18,"column":1}}}},"branchMap":{},"s":{"0":259,"1":349,"2":349,"3":19,"4":259,"5":19},"f":{"0":259,"1":349,"2":349,"3":259},"b":{}}
,"/home/denis/Documents/croct/forks/sdk-js/src/constants.ts": {"path":"/home/denis/Documents/croct/forks/sdk-js/src/constants.ts","statementMap":{"0":{"start":{"line":1,"column":13},"end":{"line":1,"column":61}},"1":{"start":{"line":2,"column":13},"end":{"line":2,"column":67}},"2":{"start":{"line":3,"column":13},"end":{"line":3,"column":65}},"3":{"start":{"line":4,"column":13},"end":{"line":4,"column":77}},"4":{"start":{"line":5,"column":13},"end":{"line":5,"column":37}}},"fnMap":{},"branchMap":{},"s":{"0":10,"1":10,"2":10,"3":10,"4":10},"f":{},"b":{}}
,"/home/denis/Documents/croct/forks/sdk-js/src/container.ts": {"path":"/home/denis/Documents/croct/forks/sdk-js/src/container.ts","statementMap":{"0":{"start":{"line":1,"column":0},"end":{"line":1,"column":78}},"1":{"start":{"line":2,"column":0},"end":{"line":2,"column":46}},"2":{"start":{"line":3,"column":0},"end":{"line":3,"column":54}},"3":{"start":{"line":4,"column":0},"end":{"line":4,"column":55}},"4":{"start":{"line":5,"column":0},"end":{"line":5,"column":81}},"5":{"start":{"line":8,"column":0},"end":{"line":8,"column":34}},"6":{"start":{"line":9,"column":0},"end":{"line":9,"column":38}},"7":{"start":{"line":10,"column":0},"end":{"line":10,"column":41}},"8":{"start":{"line":11,"column":0},"end":{"line":11,"column":81}},"9":{"start":{"line":12,"column":0},"end":{"line":12,"column":69}},"10":{"start":{"line":14,"column":0},"end":{"line":14,"column":42}},"11":{"start":{"line":16,"column":0},"end":{"line":16,"column":56}},"12":{"start":{"line":17,"column":0},"end":{"line":17,"column":null}},"13":{"start":{"line":43,"column":0},"end":{"line":43,"column":13}},"14":{"start":{"line":62,"column":21},"end":{"line":62,"column":79}},"15":{"start":{"line":65,"column":8},"end":{"line":65,"column":43}},"16":{"start":{"line":68,"column":11},"end":{"line":70,"column":null}},"17":{"start":{"line":69,"column":8},"end":{"line":69,"column":34}},"18":{"start":{"line":72,"column":11},"end":{"line":78,"column":null}},"19":{"start":{"line":73,"column":8},"end":{"line":75,"column":null}},"20":{"start":{"line":74,"column":12},"end":{"line":74,"column":52}},"21":{"start":{"line":77,"column":8},"end":{"line":77,"column":30}},"22":{"start":{"line":80,"column":12},"end":{"line":87,"column":null}},"23":{"start":{"line":81,"column":8},"end":{"line":86,"column":11}},"24":{"start":{"line":89,"column":11},"end":{"line":95,"column":null}},"25":{"start":{"line":90,"column":8},"end":{"line":92,"column":null}},"26":{"start":{"line":91,"column":12},"end":{"line":91,"column":48}},"27":{"start":{"line":94,"column":8},"end":{"line":94,"column":28}},"28":{"start":{"line":97,"column":12},"end":{"line":115,"column":null}},"29":{"start":{"line":98,"column":24},"end":{"line":98,"column":41}},"30":{"start":{"line":100,"column":24},"end":{"line":107,"column":10}},"31":{"start":{"line":109,"column":22},"end":{"line":109,"column":43}},"32":{"start":{"line":111,"column":8},"end":{"line":111,"column":58}},"33":{"start":{"line":112,"column":8},"end":{"line":112,"column":51}},"34":{"start":{"line":114,"column":8},"end":{"line":114,"column":23}},"35":{"start":{"line":117,"column":11},"end":{"line":124,"column":null}},"36":{"start":{"line":118,"column":8},"end":{"line":121,"column":null}},"37":{"start":{"line":119,"column":28},"end":{"line":119,"column":45}},"38":{"start":{"line":120,"column":12},"end":{"line":120,"column":76}},"39":{"start":{"line":123,"column":8},"end":{"line":123,"column":34}},"40":{"start":{"line":126,"column":11},"end":{"line":132,"column":null}},"41":{"start":{"line":127,"column":8},"end":{"line":129,"column":null}},"42":{"start":{"line":128,"column":12},"end":{"line":128,"column":48}},"43":{"start":{"line":131,"column":8},"end":{"line":131,"column":28}},"44":{"start":{"line":134,"column":12},"end":{"line":153,"column":null}},"45":{"start":{"line":135,"column":25},"end":{"line":135,"column":62}},"46":{"start":{"line":136,"column":23},"end":{"line":136,"column":58}},"47":{"start":{"line":137,"column":31},"end":{"line":137,"column":53}},"48":{"start":{"line":138,"column":29},"end":{"line":138,"column":76}},"49":{"start":{"line":139,"column":27},"end":{"line":139,"column":51}},"50":{"start":{"line":141,"column":8},"end":{"line":141,"column":80}},"51":{"start":{"line":143,"column":8},"end":{"line":152,"column":11}},"52":{"start":{"line":155,"column":12},"end":{"line":161,"column":null}},"53":{"start":{"line":156,"column":8},"end":{"line":158,"column":null}},"54":{"start":{"line":157,"column":12},"end":{"line":157,"column":60}},"55":{"start":{"line":160,"column":8},"end":{"line":160,"column":34}},"56":{"start":{"line":163,"column":12},"end":{"line":204,"column":null}},"57":{"start":{"line":164,"column":8},"end":{"line":166,"column":null}},"58":{"start":{"line":165,"column":12},"end":{"line":165,"column":40}},"59":{"start":{"line":168,"column":30},"end":{"line":168,"column":61}},"60":{"start":{"line":169,"column":44},"end":{"line":169,"column":62}},"61":{"start":{"line":169,"column":20},"end":{"line":169,"column":22}},"62":{"start":{"line":169,"column":40},"end":{"line":169,"column":44}},"63":{"start":{"line":171,"column":30},"end":{"line":196,"column":null}},"64":{"start":{"line":179,"column":82},"end":{"line":179,"column":null}},"65":{"start":{"line":199,"column":8},"end":{"line":201,"column":11}},"66":{"start":{"line":203,"column":8},"end":{"line":203,"column":77}},"67":{"start":{"line":206,"column":11},"end":{"line":212,"column":null}},"68":{"start":{"line":207,"column":8},"end":{"line":209,"column":null}},"69":{"start":{"line":208,"column":12},"end":{"line":208,"column":56}},"70":{"start":{"line":211,"column":8},"end":{"line":211,"column":32}},"71":{"start":{"line":214,"column":12},"end":{"line":233,"column":null}},"72":{"start":{"line":215,"column":8},"end":{"line":217,"column":null}},"73":{"start":{"line":216,"column":12},"end":{"line":216,"column":61}},"74":{"start":{"line":219,"column":8},"end":{"line":221,"column":null}},"75":{"start":{"line":220,"column":12},"end":{"line":220,"column":77}},"76":{"start":{"line":223,"column":23},"end":{"line":223,"column":52}},"77":{"start":{"line":225,"column":8},"end":{"line":232,"column":10}},"78":{"start":{"line":235,"column":11},"end":{"line":241,"column":null}},"79":{"start":{"line":236,"column":8},"end":{"line":238,"column":null}},"80":{"start":{"line":237,"column":12},"end":{"line":237,"column":56}},"81":{"start":{"line":240,"column":8},"end":{"line":240,"column":32}},"82":{"start":{"line":243,"column":12},"end":{"line":254,"column":null}},"83":{"start":{"line":244,"column":24},"end":{"line":244,"column":41}},"84":{"start":{"line":245,"column":20},"end":{"line":245,"column":36}},"85":{"start":{"line":247,"column":8},"end":{"line":253,"column":10}},"86":{"start":{"line":256,"column":11},"end":{"line":268,"column":null}},"87":{"start":{"line":256,"column":21},"end":{"line":256,"column":43}},"88":{"start":{"line":257,"column":23},"end":{"line":257,"column":88}},"89":{"start":{"line":259,"column":8},"end":{"line":261,"column":null}},"90":{"start":{"line":260,"column":12},"end":{"line":260,"column":75}},"91":{"start":{"line":263,"column":8},"end":{"line":265,"column":null}},"92":{"start":{"line":264,"column":12},"end":{"line":264,"column":45}},"93":{"start":{"line":267,"column":8},"end":{"line":267,"column":32}},"94":{"start":{"line":270,"column":11},"end":{"line":272,"column":null}},"95":{"start":{"line":270,"column":44},"end":{"line":270,"column":69}},"96":{"start":{"line":271,"column":8},"end":{"line":271,"column":80}},"97":{"start":{"line":274,"column":11},"end":{"line":276,"column":null}},"98":{"start":{"line":274,"column":48},"end":{"line":274,"column":73}},"99":{"start":{"line":275,"column":8},"end":{"line":275,"column":84}},"100":{"start":{"line":278,"column":12},"end":{"line":283,"column":null}},"101":{"start":{"line":278,"column":51},"end":{"line":278,"column":76}},"102":{"start":{"line":279,"column":8},"end":{"line":282,"column":10}},"103":{"start":{"line":285,"column":12},"end":{"line":290,"column":null}},"104":{"start":{"line":285,"column":55},"end":{"line":285,"column":80}},"105":{"start":{"line":286,"column":8},"end":{"line":289,"column":10}},"106":{"start":{"line":292,"column":12},"end":{"line":294,"column":null}},"107":{"start":{"line":292,"column":55},"end":{"line":292,"column":80}},"108":{"start":{"line":293,"column":8},"end":{"line":293,"column":112}},"109":{"start":{"line":296,"column":12},"end":{"line":298,"column":null}},"110":{"start":{"line":297,"column":8},"end":{"line":297,"column":28}},"111":{"start":{"line":300,"column":12},"end":{"line":302,"column":null}},"112":{"start":{"line":301,"column":8},"end":{"line":301,"column":30}},"113":{"start":{"line":304,"column":11},"end":{"line":306,"column":null}},"114":{"start":{"line":305,"column":8},"end":{"line":305,"column":33}},"115":{"start":{"line":308,"column":17},"end":{"line":348,"column":null}},"116":{"start":{"line":309,"column":14},"end":{"line":309,"column":40}},"117":{"start":{"line":311,"column":12},"end":{"line":311,"column":16}},"118":{"start":{"line":312,"column":12},"end":{"line":312,"column":54}},"119":{"start":{"line":314,"column":12},"end":{"line":314,"column":45}},"120":{"start":{"line":317,"column":8},"end":{"line":321,"column":null}},"121":{"start":{"line":318,"column":12},"end":{"line":318,"column":60}},"122":{"start":{"line":320,"column":12},"end":{"line":320,"column":43}},"123":{"start":{"line":323,"column":12},"end":{"line":323,"column":16}},"124":{"start":{"line":324,"column":12},"end":{"line":329,"column":null}},"125":{"start":{"line":325,"column":16},"end":{"line":325,"column":60}},"126":{"start":{"line":327,"column":16},"end":{"line":327,"column":85}},"127":{"start":{"line":328,"column":16},"end":{"line":328,"column":78}},"128":{"start":{"line":331,"column":12},"end":{"line":331,"column":50}},"129":{"start":{"line":333,"column":12},"end":{"line":333,"column":35}},"130":{"start":{"line":335,"column":12},"end":{"line":335,"column":39}},"131":{"start":{"line":338,"column":8},"end":{"line":338,"column":28}},"132":{"start":{"line":339,"column":8},"end":{"line":339,"column":34}},"133":{"start":{"line":340,"column":8},"end":{"line":340,"column":32}},"134":{"start":{"line":341,"column":8},"end":{"line":341,"column":28}},"135":{"start":{"line":342,"column":8},"end":{"line":342,"column":30}},"136":{"start":{"line":343,"column":8},"end":{"line":343,"column":34}},"137":{"start":{"line":344,"column":8},"end":{"line":344,"column":32}},"138":{"start":{"line":345,"column":8},"end":{"line":345,"column":44}},"139":{"start":{"line":347,"column":8},"end":{"line":347,"column":54}},"140":{"start":{"line":349,"column":0},"end":{"line":349,"column":null}},"141":{"start":{"line":43,"column":13},"end":{"line":43,"column":22}}},"fnMap":{"0":{"name":"(anonymous_0)","decl":{"start":{"line":43,"column":0},"end":{"line":43,"column":13}},"loc":{"start":{"line":43,"column":0},"end":{"line":349,"column":null}}},"1":{"name":"Container","decl":{"start":{"line":64,"column":4},"end":{"line":64,"column":23}},"loc":{"start":{"line":64,"column":51},"end":{"line":66,"column":5}}},"2":{"name":"(anonymous_2)","decl":{"start":{"line":68,"column":4},"end":{"line":68,"column":11}},"loc":{"start":{"line":68,"column":4},"end":{"line":70,"column":5}}},"3":{"name":"(anonymous_3)","decl":{"start":{"line":72,"column":4},"end":{"line":72,"column":11}},"loc":{"start":{"line":72,"column":4},"end":{"line":78,"column":5}}},"4":{"name":"(anonymous_4)","decl":{"start":{"line":80,"column":4},"end":{"line":80,"column":12}},"loc":{"start":{"line":80,"column":4},"end":{"line":87,"column":5}}},"5":{"name":"(anonymous_5)","decl":{"start":{"line":89,"column":4},"end":{"line":89,"column":11}},"loc":{"start":{"line":89,"column":4},"end":{"line":95,"column":5}}},"6":{"name":"(anonymous_6)","decl":{"start":{"line":97,"column":4},"end":{"line":97,"column":12}},"loc":{"start":{"line":97,"column":4},"end":{"line":115,"column":5}}},"7":{"name":"(anonymous_7)","decl":{"start":{"line":117,"column":4},"end":{"line":117,"column":11}},"loc":{"start":{"line":117,"column":4},"end":{"line":124,"column":5}}},"8":{"name":"(anonymous_8)","decl":{"start":{"line":126,"column":4},"end":{"line":126,"column":11}},"loc":{"start":{"line":126,"column":4},"end":{"line":132,"column":5}}},"9":{"name":"(anonymous_9)","decl":{"start":{"line":134,"column":4},"end":{"line":134,"column":12}},"loc":{"start":{"line":134,"column":4},"end":{"line":153,"column":5}}},"10":{"name":"(anonymous_10)","decl":{"start":{"line":155,"column":4},"end":{"line":155,"column":12}},"loc":{"start":{"line":155,"column":4},"end":{"line":161,"column":5}}},"11":{"name":"(anonymous_11)","decl":{"start":{"line":163,"column":4},"end":{"line":163,"column":12}},"loc":{"start":{"line":163,"column":4},"end":{"line":204,"column":5}}},"12":{"name":"(anonymous_12)","decl":{"start":{"line":179,"column":40},"end":{"line":179,"column":41}},"loc":{"start":{"line":179,"column":52},"end":{"line":179,"column":86}}},"13":{"name":"(anonymous_13)","decl":{"start":{"line":199,"column":36},"end":{"line":199,"column":null}},"loc":{"start":{"line":199,"column":36},"end":{"line":201,"column":9}}},"14":{"name":"(anonymous_14)","decl":{"start":{"line":206,"column":4},"end":{"line":206,"column":11}},"loc":{"start":{"line":206,"column":4},"end":{"line":212,"column":5}}},"15":{"name":"(anonymous_15)","decl":{"start":{"line":214,"column":4},"end":{"line":214,"column":12}},"loc":{"start":{"line":214,"column":4},"end":{"line":233,"column":5}}},"16":{"name":"(anonymous_16)","decl":{"start":{"line":235,"column":4},"end":{"line":235,"column":11}},"loc":{"start":{"line":235,"column":4},"end":{"line":241,"column":5}}},"17":{"name":"(anonymous_17)","decl":{"start":{"line":243,"column":4},"end":{"line":243,"column":12}},"loc":{"start":{"line":243,"column":4},"end":{"line":254,"column":5}}},"18":{"name":"(anonymous_18)","decl":{"start":{"line":256,"column":4},"end":{"line":256,"column":11}},"loc":{"start":{"line":256,"column":4},"end":{"line":268,"column":5}}},"19":{"name":"(anonymous_19)","decl":{"start":{"line":270,"column":4},"end":{"line":270,"column":11}},"loc":{"start":{"line":270,"column":42},"end":{"line":272,"column":5}}},"20":{"name":"(anonymous_20)","decl":{"start":{"line":274,"column":4},"end":{"line":274,"column":11}},"loc":{"start":{"line":274,"column":46},"end":{"line":276,"column":5}}},"21":{"name":"(anonymous_21)","decl":{"start":{"line":278,"column":4},"end":{"line":278,"column":12}},"loc":{"start":{"line":278,"column":49},"end":{"line":283,"column":5}}},"22":{"name":"(anonymous_22)","decl":{"start":{"line":285,"column":4},"end":{"line":285,"column":12}},"loc":{"start":{"line":285,"column":53},"end":{"line":290,"column":5}}},"23":{"name":"(anonymous_23)","decl":{"start":{"line":292,"column":4},"end":{"line":292,"column":12}},"loc":{"start":{"line":292,"column":53},"end":{"line":294,"column":5}}},"24":{"name":"(anonymous_24)","decl":{"start":{"line":296,"column":4},"end":{"line":296,"column":12}},"loc":{"start":{"line":296,"column":4},"end":{"line":298,"column":5}}},"25":{"name":"(anonymous_25)","decl":{"start":{"line":300,"column":4},"end":{"line":300,"column":12}},"loc":{"start":{"line":300,"column":4},"end":{"line":302,"column":5}}},"26":{"name":"(anonymous_26)","decl":{"start":{"line":304,"column":4},"end":{"line":304,"column":11}},"loc":{"start":{"line":304,"column":4},"end":{"line":306,"column":5}}},"27":{"name":"(anonymous_27)","decl":{"start":{"line":308,"column":4},"end":{"line":308,"column":17}},"loc":{"start":{"line":308,"column":4},"end":{"line":348,"column":null}}}},"branchMap":{"0":{"loc":{"start":{"line":73,"column":8},"end":{"line":75,"column":null}},"type":"if","locations":[{"start":{"line":73,"column":8},"end":{"line":75,"column":null}}]},"1":{"loc":{"start":{"line":90,"column":8},"end":{"line":92,"column":null}},"type":"if","locations":[{"start":{"line":90,"column":8},"end":{"line":92,"column":null}}]},"2":{"loc":{"start":{"line":106,"column":27},"end":{"line":106,"column":65}},"type":"binary-expr","locations":[{"start":{"line":106,"column":27},"end":{"line":106,"column":59}},{"start":{"line":106,"column":63},"end":{"line":106,"column":65}}]},"3":{"loc":{"start":{"line":118,"column":8},"end":{"line":121,"column":null}},"type":"if","locations":[{"start":{"line":118,"column":8},"end":{"line":121,"column":null}}]},"4":{"loc":{"start":{"line":127,"column":8},"end":{"line":129,"column":null}},"type":"if","locations":[{"start":{"line":127,"column":8},"end":{"line":129,"column":null}}]},"5":{"loc":{"start":{"line":156,"column":8},"end":{"line":158,"column":null}},"type":"if","locations":[{"start":{"line":156,"column":8},"end":{"line":158,"column":null}}]},"6":{"loc":{"start":{"line":164,"column":8},"end":{"line":166,"column":null}},"type":"if","locations":[{"start":{"line":164,"column":8},"end":{"line":166,"column":null}}]},"7":{"loc":{"start":{"line":207,"column":8},"end":{"line":209,"column":null}},"type":"if","locations":[{"start":{"line":207,"column":8},"end":{"line":209,"column":null}}]},"8":{"loc":{"start":{"line":215,"column":8},"end":{"line":217,"column":null}},"type":"if","locations":[{"start":{"line":215,"column":8},"end":{"line":217,"column":null}}]},"9":{"loc":{"start":{"line":219,"column":8},"end":{"line":221,"column":null}},"type":"if","locations":[{"start":{"line":219,"column":8},"end":{"line":221,"column":null}}]},"10":{"loc":{"start":{"line":236,"column":8},"end":{"line":238,"column":null}},"type":"if","locations":[{"start":{"line":236,"column":8},"end":{"line":238,"column":null}}]},"11":{"loc":{"start":{"line":257,"column":31},"end":{"line":257,"column":86}},"type":"cond-expr","locations":[{"start":{"line":257,"column":56},"end":{"line":257,"column":58}},{"start":{"line":257,"column":61},"end":{"line":257,"column":86}}]},"12":{"loc":{"start":{"line":259,"column":8},"end":{"line":261,"column":null}},"type":"if","locations":[{"start":{"line":259,"column":8},"end":{"line":261,"column":null}}]},"13":{"loc":{"start":{"line":263,"column":8},"end":{"line":265,"column":null}},"type":"if","locations":[{"start":{"line":263,"column":8},"end":{"line":265,"column":null}}]},"14":{"loc":{"start":{"line":311,"column":12},"end":{"line":311,"column":16}},"type":"if","locations":[{"start":{"line":311,"column":12},"end":{"line":311,"column":16}}]},"15":{"loc":{"start":{"line":317,"column":8},"end":{"line":321,"column":null}},"type":"if","locations":[{"start":{"line":317,"column":8},"end":{"line":321,"column":null}}]},"16":{"loc":{"start":{"line":323,"column":12},"end":{"line":323,"column":16}},"type":"if","locations":[{"start":{"line":323,"column":12},"end":{"line":323,"column":16}}]},"17":{"loc":{"start":{"line":324,"column":12},"end":{"line":329,"column":null}},"type":"if","locations":[{"start":{"line":324,"column":12},"end":{"line":329,"column":null}}]}},"s":{"0":9,"1":9,"2":9,"3":9,"4":9,"5":9,"6":9,"7":9,"8":9,"9":9,"10":9,"11":9,"12":9,"13":9,"14":82,"15":82,"16":9,"17":66,"18":9,"19":5,"20":4,"21":5,"22":9,"23":4,"24":9,"25":23,"26":19,"27":23,"28":9,"29":19,"30":19,"31":19,"32":19,"33":19,"34":19,"35":9,"36":25,"37":21,"38":21,"39":25,"40":9,"41":151,"42":73,"43":151,"44":9,"45":73,"46":73,"47":73,"48":73,"49":73,"50":73,"51":73,"52":9,"53":19,"54":19,"55":19,"56":9,"57":19,"58":1,"59":18,"60":18,"61":18,"62":18,"63":18,"64":4,"65":18,"66":18,"67":9,"68":29,"69":25,"70":29,"71":9,"72":25,"73":7,"74":18,"75":1,"76":17,"77":17,"78":9,"79":41,"80":20,"81":41,"82":9,"83":20,"84":20,"85":20,"86":9,"87":438,"88":177,"89":177,"90":45,"91":132,"92":2,"93":130,"94":9,"95":6,"96":2,"97":9,"98":6,"99":2,"100":9,"101":48,"102":22,"103":9,"104":8,"105":2,"106":9,"107":348,"108":170,"109":9,"110":92,"111":9,"112":95,"113":9,"114":87,"115":9,"116":4,"117":5,"118":3,"119":6,"120":4,"121":4,"122":4,"123":5,"124":3,"125":3,"126":3,"127":3,"128":3,"129":3,"130":6,"131":4,"132":4,"133":4,"134":4,"135":4,"136":4,"137":4,"138":4,"139":4,"140":9,"141":9},"f":{"0":9,"1":82,"2":66,"3":5,"4":4,"5":23,"6":19,"7":25,"8":151,"9":73,"10":19,"11":19,"12":4,"13":0,"14":29,"15":25,"16":41,"17":20,"18":177,"19":2,"20":2,"21":22,"22":2,"23":170,"24":92,"25":95,"26":87,"27":4},"b":{"0":[4],"1":[19],"2":[19,6],"3":[21],"4":[73],"5":[19],"6":[1],"7":[25],"8":[7],"9":[1],"10":[20],"11":[95,82],"12":[45],"13":[2],"14":[1],"15":[4],"16":[1],"17":[3]}}
,"/home/denis/Documents/croct/forks/sdk-js/src/context.ts": {"path":"/home/denis/Documents/croct/forks/sdk-js/src/context.ts","statementMap":{"0":{"start":{"line":1,"column":0},"end":{"line":1,"column":102}},"1":{"start":{"line":2,"column":0},"end":{"line":2,"column":40}},"2":{"start":{"line":3,"column":0},"end":{"line":3,"column":29}},"3":{"start":{"line":24,"column":4},"end":{"line":24,"column":103}},"4":{"start":{"line":27,"column":0},"end":{"line":27,"column":13}},"5":{"start":{"line":37,"column":8},"end":{"line":37,"column":23}},"6":{"start":{"line":38,"column":8},"end":{"line":38,"column":37}},"7":{"start":{"line":39,"column":8},"end":{"line":39,"column":47}},"8":{"start":{"line":40,"column":8},"end":{"line":40,"column":47}},"9":{"start":{"line":41,"column":8},"end":{"line":41,"column":51}},"10":{"start":{"line":44,"column":18},"end":{"line":87,"column":null}},"11":{"start":{"line":44,"column":29},"end":{"line":44,"column":31}},"12":{"start":{"line":44,"column":41},"end":{"line":44,"column":43}},"13":{"start":{"line":44,"column":58},"end":{"line":44,"column":60}},"14":{"start":{"line":44,"column":72},"end":{"line":44,"column":88}},"15":{"start":{"line":45,"column":35},"end":{"line":45,"column":52}},"16":{"start":{"line":46,"column":21},"end":{"line":46,"column":26}},"17":{"start":{"line":48,"column":8},"end":{"line":51,"column":null}},"18":{"start":{"line":49,"column":12},"end":{"line":49,"column":32}},"19":{"start":{"line":50,"column":12},"end":{"line":50,"column":26}},"20":{"start":{"line":53,"column":20},"end":{"line":53,"column":56}},"21":{"start":{"line":55,"column":8},"end":{"line":55,"column":28}},"22":{"start":{"line":57,"column":8},"end":{"line":57,"column":65}},"23":{"start":{"line":57,"column":40},"end":{"line":57,"column":64}},"24":{"start":{"line":59,"column":8},"end":{"line":86,"column":null}},"25":{"start":{"line":61,"column":16},"end":{"line":61,"column":83}},"26":{"start":{"line":64,"column":32},"end":{"line":64,"column":107}},"27":{"start":{"line":65,"column":16},"end":{"line":65,"column":66}},"28":{"start":{"line":67,"column":16},"end":{"line":67,"column":31}},"29":{"start":{"line":71,"column":39},"end":{"line":71,"column":75}},"30":{"start":{"line":72,"column":41},"end":{"line":72,"column":81}},"31":{"start":{"line":74,"column":16},"end":{"line":76,"column":null}},"32":{"start":{"line":75,"column":20},"end":{"line":75,"column":73}},"33":{"start":{"line":78,"column":16},"end":{"line":82,"column":19}},"34":{"start":{"line":79,"column":20},"end":{"line":81,"column":null}},"35":{"start":{"line":80,"column":24},"end":{"line":80,"column":77}},"36":{"start":{"line":84,"column":16},"end":{"line":84,"column":117}},"37":{"start":{"line":89,"column":11},"end":{"line":91,"column":null}},"38":{"start":{"line":90,"column":8},"end":{"line":90,"column":24}},"39":{"start":{"line":93,"column":11},"end":{"line":97,"column":null}},"40":{"start":{"line":94,"column":22},"end":{"line":94,"column":37}},"41":{"start":{"line":96,"column":8},"end":{"line":96,"column":52}},"42":{"start":{"line":99,"column":11},"end":{"line":103,"column":null}},"43":{"start":{"line":100,"column":22},"end":{"line":100,"column":37}},"44":{"start":{"line":102,"column":8},"end":{"line":102,"column":57}},"45":{"start":{"line":105,"column":11},"end":{"line":107,"column":null}},"46":{"start":{"line":106,"column":8},"end":{"line":106,"column":42}},"47":{"start":{"line":109,"column":11},"end":{"line":121,"column":null}},"48":{"start":{"line":110,"column":25},"end":{"line":110,"column":39}},"49":{"start":{"line":112,"column":8},"end":{"line":112,"column":31}},"50":{"start":{"line":113,"column":8},"end":{"line":113,"column":40}},"51":{"start":{"line":115,"column":8},"end":{"line":120,"column":null}},"52":{"start":{"line":116,"column":12},"end":{"line":119,"column":15}},"53":{"start":{"line":123,"column":12},"end":{"line":135,"column":null}},"54":{"start":{"line":124,"column":25},"end":{"line":124,"column":51}},"55":{"start":{"line":125,"column":25},"end":{"line":125,"column":39}},"56":{"start":{"line":127,"column":8},"end":{"line":134,"column":null}},"57":{"start":{"line":128,"column":12},"end":{"line":128,"column":38}},"58":{"start":{"line":130,"column":12},"end":{"line":133,"column":15}},"59":{"start":{"line":136,"column":0},"end":{"line":136,"column":null}},"60":{"start":{"line":27,"column":13},"end":{"line":27,"column":20}}},"fnMap":{"0":{"name":"tokenEquals","decl":{"start":{"line":23,"column":9},"end":{"line":23,"column":20}},"loc":{"start":{"line":23,"column":56},"end":{"line":25,"column":1}}},"1":{"name":"(anonymous_1)","decl":{"start":{"line":27,"column":0},"end":{"line":27,"column":13}},"loc":{"start":{"line":27,"column":0},"end":{"line":136,"column":null}}},"2":{"name":"Context","decl":{"start":{"line":36,"column":4},"end":{"line":36,"column":24}},"loc":{"start":{"line":36,"column":97},"end":{"line":42,"column":5}}},"3":{"name":"(anonymous_3)","decl":{"start":{"line":44,"column":4},"end":{"line":44,"column":18}},"loc":{"start":{"line":44,"column":88},"end":{"line":87,"column":5}}},"4":{"name":"(anonymous_4)","decl":{"start":{"line":57,"column":34},"end":{"line":57,"column":40}},"loc":{"start":{"line":57,"column":34},"end":{"line":57,"column":45}}},"5":{"name":"(anonymous_5)","decl":{"start":{"line":78,"column":52},"end":{"line":78,"column":57}},"loc":{"start":{"line":78,"column":57},"end":{"line":82,"column":17}}},"6":{"name":"(anonymous_6)","decl":{"start":{"line":89,"column":4},"end":{"line":89,"column":11}},"loc":{"start":{"line":89,"column":4},"end":{"line":91,"column":5}}},"7":{"name":"(anonymous_7)","decl":{"start":{"line":93,"column":4},"end":{"line":93,"column":11}},"loc":{"start":{"line":93,"column":4},"end":{"line":97,"column":5}}},"8":{"name":"(anonymous_8)","decl":{"start":{"line":99,"column":4},"end":{"line":99,"column":11}},"loc":{"start":{"line":99,"column":4},"end":{"line":103,"column":5}}},"9":{"name":"(anonymous_9)","decl":{"start":{"line":105,"column":4},"end":{"line":105,"column":11}},"loc":{"start":{"line":105,"column":4},"end":{"line":107,"column":5}}},"10":{"name":"(anonymous_10)","decl":{"start":{"line":109,"column":4},"end":{"line":109,"column":11}},"loc":{"start":{"line":109,"column":39},"end":{"line":121,"column":5}}},"11":{"name":"(anonymous_11)","decl":{"start":{"line":123,"column":4},"end":{"line":123,"column":12}},"loc":{"start":{"line":123,"column":4},"end":{"line":135,"column":5}}}},"branchMap":{"0":{"loc":{"start":{"line":24,"column":11},"end":{"line":24,"column":102}},"type":"binary-expr","locations":[{"start":{"line":24,"column":11},"end":{"line":24,"column":25}},{"start":{"line":24,"column":30},"end":{"line":24,"column":43}},{"start":{"line":24,"column":47},"end":{"line":24,"column":61}},{"start":{"line":24,"column":65},"end":{"line":24,"column":101}}]},"1":{"loc":{"start":{"line":48,"column":8},"end":{"line":51,"column":null}},"type":"if","locations":[{"start":{"line":48,"column":8},"end":{"line":51,"column":null}}]},"2":{"loc":{"start":{"line":59,"column":8},"end":{"line":86,"column":null}},"type":"switch","locations":[{"start":{"line":60,"column":12},"end":{"line":61,"column":83}},{"start":{"line":63,"column":12},"end":{"line":68,"column":null}},{"start":{"line":70,"column":12},"end":{"line":85,"column":null}}]},"3":{"loc":{"start":{"line":74,"column":16},"end":{"line":76,"column":null}},"type":"if","locations":[{"start":{"line":74,"column":16},"end":{"line":76,"column":null}}]},"4":{"loc":{"start":{"line":79,"column":20},"end":{"line":81,"column":null}},"type":"if","locations":[{"start":{"line":79,"column":20},"end":{"line":81,"column":null}}]},"5":{"loc":{"start":{"line":96,"column":15},"end":{"line":96,"column":51}},"type":"binary-expr","locations":[{"start":{"line":96,"column":15},"end":{"line":96,"column":28}},{"start":{"line":96,"column":32},"end":{"line":96,"column":51}}]},"6":{"loc":{"start":{"line":102,"column":15},"end":{"line":102,"column":56}},"type":"cond-expr","locations":[{"start":{"line":102,"column":31},"end":{"line":102,"column":35}},{"start":{"line":102,"column":38},"end":{"line":102,"column":56}}]},"7":{"loc":{"start":{"line":115,"column":8},"end":{"line":120,"column":null}},"type":"if","locations":[{"start":{"line":115,"column":8},"end":{"line":120,"column":null}}]},"8":{"loc":{"start":{"line":127,"column":8},"end":{"line":134,"column":null}},"type":"if","locations":[{"start":{"line":127,"column":8},"end":{"line":134,"column":null}}]}},"s":{"0":12,"1":12,"2":12,"3":52,"4":12,"5":90,"6":90,"7":90,"8":90,"9":90,"10":12,"11":90,"12":90,"13":90,"14":90,"15":90,"16":90,"17":90,"18":90,"19":90,"20":90,"21":90,"22":90,"23":0,"24":90,"25":8,"26":73,"27":73,"28":73,"29":9,"30":9,"31":9,"32":9,"33":9,"34":12,"35":3,"36":9,"37":12,"38":104,"39":12,"40":2,"41":2,"42":12,"43":64,"44":64,"45":12,"46":125,"47":12,"48":30,"49":30,"50":30,"51":30,"52":26,"53":12,"54":22,"55":22,"56":22,"57":11,"58":11,"59":12,"60":12},"f":{"0":52,"1":12,"2":90,"3":90,"4":0,"5":12,"6":104,"7":2,"8":64,"9":125,"10":30,"11":22},"b":{"0":[52,46,25,20],"1":[90],"2":[8,73,9],"3":[9],"4":[3],"5":[2,2],"6":[60,4],"7":[26],"8":[11]}}
,"/home/denis/Documents/croct/forks/sdk-js/src/error.ts": {"path":"/home/denis/Documents/croct/forks/sdk-js/src/error.ts","statementMap":{"0":{"start":{"line":2,"column":4},"end":{"line":4,"column":null}},"1":{"start":{"line":3,"column":8},"end":{"line":3,"column":29}},"2":{"start":{"line":6,"column":4},"end":{"line":8,"column":null}},"3":{"start":{"line":7,"column":8},"end":{"line":7,"column":21}},"4":{"start":{"line":10,"column":4},"end":{"line":10,"column":27}},"5":{"start":{"line":14,"column":20},"end":{"line":14,"column":41}},"6":{"start":{"line":16,"column":4},"end":{"line":18,"column":null}},"7":{"start":{"line":17,"column":8},"end":{"line":17,"column":23}},"8":{"start":{"line":20,"column":4},"end":{"line":20,"column":62}},"9":{"start":{"line":13,"column":0},"end":{"line":13,"column":16}},"10":{"start":{"line":24,"column":20},"end":{"line":24,"column":40}},"11":{"start":{"line":26,"column":4},"end":{"line":28,"column":null}},"12":{"start":{"line":27,"column":8},"end":{"line":27,"column":23}},"13":{"start":{"line":30,"column":4},"end":{"line":30,"column":62}},"14":{"start":{"line":23,"column":0},"end":{"line":23,"column":16}}},"fnMap":{"0":{"name":"extractMessage","decl":{"start":{"line":1,"column":9},"end":{"line":1,"column":23}},"loc":{"start":{"line":1,"column":38},"end":{"line":11,"column":1}}},"1":{"name":"formatMessage","decl":{"start":{"line":13,"column":16},"end":{"line":13,"column":29}},"loc":{"start":{"line":13,"column":44},"end":{"line":21,"column":1}}},"2":{"name":"formatCause","decl":{"start":{"line":23,"column":16},"end":{"line":23,"column":27}},"loc":{"start":{"line":23,"column":42},"end":{"line":31,"column":1}}}},"branchMap":{"0":{"loc":{"start":{"line":2,"column":4},"end":{"line":4,"column":null}},"type":"if","locations":[{"start":{"line":2,"column":4},"end":{"line":4,"column":null}}]},"1":{"loc":{"start":{"line":6,"column":4},"end":{"line":8,"column":null}},"type":"if","locations":[{"start":{"line":6,"column":4},"end":{"line":8,"column":null}}]},"2":{"loc":{"start":{"line":6,"column":8},"end":{"line":6,"column":49}},"type":"binary-expr","locations":[{"start":{"line":6,"column":8},"end":{"line":6,"column":33}},{"start":{"line":6,"column":37},"end":{"line":6,"column":49}}]},"3":{"loc":{"start":{"line":16,"column":4},"end":{"line":18,"column":null}},"type":"if","locations":[{"start":{"line":16,"column":4},"end":{"line":18,"column":null}}]},"4":{"loc":{"start":{"line":26,"column":4},"end":{"line":28,"column":null}},"type":"if","locations":[{"start":{"line":26,"column":4},"end":{"line":28,"column":null}}]}},"s":{"0":60,"1":22,"2":38,"3":30,"4":8,"5":60,"6":60,"7":5,"8":55,"9":37,"10":43,"11":43,"12":2,"13":41,"14":37},"f":{"0":60,"1":60,"2":43},"b":{"0":[22],"1":[30],"2":[38,34],"3":[5],"4":[2]}}
,"/home/denis/Documents/croct/forks/sdk-js/src/evaluator.ts": {"path":"/home/denis/Documents/croct/forks/sdk-js/src/evaluator.ts","statementMap":{"0":{"start":{"line":3,"column":0},"end":{"line":3,"column":75}},"1":{"start":{"line":4,"column":0},"end":{"line":4,"column":38}},"2":{"start":{"line":5,"column":0},"end":{"line":5,"column":66}},"3":{"start":{"line":41,"column":0},"end":{"line":41,"column":null}},"4":{"start":{"line":42,"column":4},"end":{"line":42,"column":null}},"5":{"start":{"line":43,"column":4},"end":{"line":43,"column":null}},"6":{"start":{"line":44,"column":4},"end":{"line":44,"column":null}},"7":{"start":{"line":45,"column":4},"end":{"line":45,"column":null}},"8":{"start":{"line":46,"column":4},"end":{"line":46,"column":null}},"9":{"start":{"line":47,"column":4},"end":{"line":47,"column":null}},"10":{"start":{"line":48,"column":4},"end":{"line":48,"column":null}},"11":{"start":{"line":58,"column":0},"end":{"line":58,"column":null}},"12":{"start":{"line":58,"column":78},"end":{"line":58,"column":83}},"13":{"start":{"line":62,"column":8},"end":{"line":62,"column":null}},"14":{"start":{"line":64,"column":8},"end":{"line":64,"column":33}},"15":{"start":{"line":66,"column":8},"end":{"line":66,"column":63}},"16":{"start":{"line":68,"column":0},"end":{"line":68,"column":null}},"17":{"start":{"line":58,"column":13},"end":{"line":58,"column":28}},"18":{"start":{"line":79,"column":0},"end":{"line":79,"column":77}},"19":{"start":{"line":79,"column":37},"end":{"line":79,"column":52}},"20":{"start":{"line":81,"column":8},"end":{"line":81,"column":null}},"21":{"start":{"line":83,"column":8},"end":{"line":83,"column":63}},"22":{"start":{"line":85,"column":0},"end":{"line":85,"column":null}},"23":{"start":{"line":79,"column":13},"end":{"line":79,"column":28}},"24":{"start":{"line":87,"column":0},"end":{"line":87,"column":13}},"25":{"start":{"line":93,"column":8},"end":{"line":96,"column":10}},"26":{"start":{"line":99,"column":17},"end":{"line":180,"column":null}},"27":{"start":{"line":99,"column":46},"end":{"line":99,"column":null}},"28":{"start":{"line":100,"column":14},"end":{"line":100,"column":45}},"29":{"start":{"line":102,"column":8},"end":{"line":116,"column":null}},"30":{"start":{"line":103,"column":18},"end":{"line":113,"column":14}},"31":{"start":{"line":115,"column":12},"end":{"line":115,"column":65}},"32":{"start":{"line":118,"column":14},"end":{"line":118,"column":65}},"33":{"start":{"line":119,"column":8},"end":{"line":119,"column":63}},"34":{"start":{"line":121,"column":8},"end":{"line":123,"column":null}},"35":{"start":{"line":122,"column":12},"end":{"line":122,"column":85}},"36":{"start":{"line":125,"column":8},"end":{"line":179,"column":11}},"37":{"start":{"line":126,"column":12},"end":{"line":140,"column":null}},"38":{"start":{"line":127,"column":16},"end":{"line":139,"column":18}},"39":{"start":{"line":129,"column":56},"end":{"line":134,"column":26}},"40":{"start":{"line":136,"column":24},"end":{"line":136,"column":62}},"41":{"start":{"line":142,"column":28},"end":{"line":142,"column":59}},"42":{"start":{"line":144,"column":12},"end":{"line":178,"column":14}},"43":{"start":{"line":146,"column":20},"end":{"line":150,"column":null}},"44":{"start":{"line":147,"column":24},"end":{"line":147,"column":54}},"45":{"start":{"line":149,"column":24},"end":{"line":149,"column":31}},"46":{"start":{"line":152,"column":20},"end":{"line":166,"column":23}},"47":{"start":{"line":153,"column":61},"end":{"line":153,"column":67}},"48":{"start":{"line":155,"column":24},"end":{"line":165,"column":null}},"49":{"start":{"line":159,"column":32},"end":{"line":159,"column":102}},"50":{"start":{"line":160,"column":32},"end":{"line":160,"column":38}},"51":{"start":{"line":163,"column":32},"end":{"line":163,"column":75}},"52":{"start":{"line":164,"column":32},"end":{"line":164,"column":38}},"53":{"start":{"line":169,"column":57},"end":{"line":174,"column":22}},"54":{"start":{"line":176,"column":20},"end":{"line":176,"column":63}},"55":{"start":{"line":182,"column":18},"end":{"line":198,"column":null}},"56":{"start":{"line":183,"column":14},"end":{"line":183,"column":52}},"57":{"start":{"line":184,"column":14},"end":{"line":184,"column":47}},"58":{"start":{"line":185,"column":20},"end":{"line":185,"column":null}},"59":{"start":{"line":185,"column":14},"end":{"line":185,"column":null}},"60":{"start":{"line":187,"column":14},"end":{"line":191,"column":10}},"61":{"start":{"line":193,"column":8},"end":{"line":197,"column":11}},"62":{"start":{"line":88,"column":27},"end":{"line":88,"column":73}},"63":{"start":{"line":199,"column":0},"end":{"line":199,"column":null}},"64":{"start":{"line":87,"column":13},"end":{"line":87,"column":22}}},"fnMap":{"0":{"name":"(anonymous_0)","decl":{"start":{"line":41,"column":0},"end":{"line":41,"column":12}},"loc":{"start":{"line":41,"column":31},"end":{"line":49,"column":1}}},"1":{"name":"(anonymous_1)","decl":{"start":{"line":58,"column":0},"end":{"line":58,"column":13}},"loc":{"start":{"line":58,"column":0},"end":{"line":68,"column":null}}},"2":{"name":"EvaluationError","decl":{"start":{"line":61,"column":4},"end":{"line":61,"column":23}},"loc":{"start":{"line":61,"column":34},"end":{"line":67,"column":5}}},"3":{"name":"(anonymous_3)","decl":{"start":{"line":79,"column":0},"end":{"line":79,"column":13}},"loc":{"start":{"line":79,"column":0},"end":{"line":85,"column":null}}},"4":{"name":"ExpressionError","decl":{"start":{"line":80,"column":4},"end":{"line":80,"column":23}},"loc":{"start":{"line":80,"column":56},"end":{"line":84,"column":5}}},"5":{"name":"(anonymous_5)","decl":{"start":{"line":87,"column":0},"end":{"line":87,"column":13}},"loc":{"start":{"line":87,"column":0},"end":{"line":87,"column":13}}},"6":{"name":"Evaluator","decl":{"start":{"line":92,"column":4},"end":{"line":92,"column":23}},"loc":{"start":{"line":92,"column":51},"end":{"line":97,"column":5}}},"7":{"name":"(anonymous_7)","decl":{"start":{"line":99,"column":4},"end":{"line":99,"column":17}},"loc":{"start":{"line":99,"column":77},"end":{"line":180,"column":null}}},"8":{"name":"(anonymous_10)","decl":{"start":{"line":125,"column":27},"end":{"line":125,"column":28}},"loc":{"start":{"line":125,"column":43},"end":{"line":179,"column":9}}},"9":{"name":"(anonymous_11)","decl":{"start":{"line":128,"column":20},"end":{"line":128,"column":null}},"loc":{"start":{"line":128,"column":20},"end":{"line":137,"column":21}}},"10":{"name":"(anonymous_12)","decl":{"start":{"line":145,"column":16},"end":{"line":145,"column":24}},"loc":{"start":{"line":145,"column":24},"end":{"line":167,"column":17}}},"11":{"name":"(anonymous_13)","decl":{"start":{"line":152,"column":41},"end":{"line":152,"column":47}},"loc":{"start":{"line":152,"column":47},"end":{"line":166,"column":21}}},"12":{"name":"(anonymous_14)","decl":{"start":{"line":168,"column":16},"end":{"line":168,"column":21}},"loc":{"start":{"line":168,"column":21},"end":{"line":177,"column":17}}},"13":{"name":"(anonymous_15)","decl":{"start":{"line":182,"column":4},"end":{"line":182,"column":18}},"loc":{"start":{"line":182,"column":40},"end":{"line":198,"column":null}}}},"branchMap":{"0":{"loc":{"start":{"line":41,"column":12},"end":{"line":41,"column":null}},"type":"binary-expr","locations":[{"start":{"line":41,"column":12},"end":{"line":41,"column":31}},{"start":{"line":41,"column":12},"end":{"line":41,"column":null}}]},"1":{"loc":{"start":{"line":62,"column":8},"end":{"line":62,"column":null}},"type":"binary-expr","locations":[{"start":{"line":62,"column":8},"end":{"line":62,"column":29}},{"start":{"line":62,"column":29},"end":{"line":62,"column":null}}]},"2":{"loc":{"start":{"line":81,"column":8},"end":{"line":81,"column":null}},"type":"binary-expr","locations":[{"start":{"line":81,"column":8},"end":{"line":81,"column":23}},{"start":{"line":81,"column":23},"end":{"line":81,"column":null}}]},"3":{"loc":{"start":{"line":95,"column":25},"end":{"line":95,"column":77}},"type":"cond-expr","locations":[{"start":{"line":95,"column":50},"end":{"line":95,"column":54}},{"start":{"line":95,"column":54},"end":{"line":95,"column":77}}]},"4":{"loc":{"start":{"line":95,"column":25},"end":{"line":95,"column":54}},"type":"binary-expr","locations":[{"start":{"line":95,"column":25},"end":{"line":95,"column":54}},{"start":{"line":95,"column":50},"end":{"line":95,"column":54}}]},"5":{"loc":{"start":{"line":99,"column":46},"end":{"line":99,"column":null}},"type":"if","locations":[{"start":{"line":99,"column":46},"end":{"line":99,"column":null}}]},"6":{"loc":{"start":{"line":102,"column":8},"end":{"line":116,"column":null}},"type":"if","locations":[{"start":{"line":102,"column":8},"end":{"line":116,"column":null}}]},"7":{"loc":{"start":{"line":121,"column":8},"end":{"line":123,"column":null}},"type":"if","locations":[{"start":{"line":121,"column":8},"end":{"line":123,"column":null}}]},"8":{"loc":{"start":{"line":126,"column":12},"end":{"line":140,"column":null}},"type":"if","locations":[{"start":{"line":126,"column":12},"end":{"line":140,"column":null}}]},"9":{"loc":{"start":{"line":146,"column":20},"end":{"line":150,"column":null}},"type":"if","locations":[{"start":{"line":146,"column":20},"end":{"line":150,"column":null}}]},"10":{"loc":{"start":{"line":155,"column":24},"end":{"line":165,"column":null}},"type":"switch","locations":[{"start":{"line":156,"column":28},"end":{"line":156,"column":72}},{"start":{"line":157,"column":28},"end":{"line":157,"column":71}},{"start":{"line":158,"column":28},"end":{"line":160,"column":38}},{"start":{"line":162,"column":28},"end":{"line":164,"column":38}}]},"11":{"loc":{"start":{"line":190,"column":16},"end":{"line":190,"column":63}},"type":"binary-expr","locations":[{"start":{"line":190,"column":16},"end":{"line":190,"column":30}},{"start":{"line":190,"column":34},"end":{"line":190,"column":63}}]}},"s":{"0":12,"1":12,"2":12,"3":12,"4":12,"5":12,"6":12,"7":12,"8":12,"9":12,"10":12,"11":12,"12":12,"13":11,"14":11,"15":11,"16":12,"17":12,"18":12,"19":12,"20":5,"21":5,"22":12,"23":12,"24":12,"25":15,"26":12,"27":22,"28":12,"29":12,"30":1,"31":1,"32":11,"33":11,"34":11,"35":1,"36":11,"37":11,"38":1,"39":1,"40":1,"41":11,"42":11,"43":8,"44":4,"45":4,"46":4,"47":4,"48":4,"49":3,"50":3,"51":1,"52":1,"53":2,"54":2,"55":12,"56":11,"57":11,"58":11,"59":11,"60":10,"61":10,"62":12,"63":12,"64":12},"f":{"0":12,"1":12,"2":11,"3":12,"4":5,"5":12,"6":15,"7":12,"8":11,"9":1,"10":8,"11":4,"12":2,"13":11},"b":{"0":[12,12],"1":[11,0],"2":[5,0],"3":[15,0],"4":[15,15],"5":[10],"6":[1],"7":[1],"8":[1],"9":[4],"10":[1,2,3,1],"11":[10,1]}}
,"/home/denis/Documents/croct/forks/sdk-js/src/eventManager.ts": {"path":"/home/denis/Documents/croct/forks/sdk-js/src/eventManager.ts","statementMap":{"0":{"start":{"line":21,"column":0},"end":{"line":21,"column":13}},"1":{"start":{"line":22,"column":21},"end":{"line":22,"column":96}},"2":{"start":{"line":24,"column":11},"end":{"line":29,"column":null}},"3":{"start":{"line":25,"column":55},"end":{"line":25,"column":81}},"4":{"start":{"line":26,"column":8},"end":{"line":26,"column":33}},"5":{"start":{"line":28,"column":8},"end":{"line":28,"column":41}},"6":{"start":{"line":31,"column":11},"end":{"line":43,"column":null}},"7":{"start":{"line":32,"column":26},"end":{"line":32,"column":51}},"8":{"start":{"line":34,"column":8},"end":{"line":36,"column":null}},"9":{"start":{"line":35,"column":12},"end":{"line":35,"column":19}},"10":{"start":{"line":38,"column":22},"end":{"line":38,"column":49}},"11":{"start":{"line":40,"column":8},"end":{"line":42,"column":null}},"12":{"start":{"line":41,"column":12},"end":{"line":41,"column":39}},"13":{"start":{"line":45,"column":11},"end":{"line":51,"column":null}},"14":{"start":{"line":46,"column":26},"end":{"line":46,"column":51}},"15":{"start":{"line":48,"column":8},"end":{"line":50,"column":null}},"16":{"start":{"line":49,"column":12},"end":{"line":49,"column":59}},"17":{"start":{"line":49,"column":42},"end":{"line":49,"column":58}},"18":{"start":{"line":52,"column":0},"end":{"line":52,"column":null}},"19":{"start":{"line":21,"column":13},"end":{"line":21,"column":36}}},"fnMap":{"0":{"name":"(anonymous_0)","decl":{"start":{"line":21,"column":0},"end":{"line":21,"column":13}},"loc":{"start":{"line":21,"column":0},"end":{"line":52,"column":null}}},"1":{"name":"(anonymous_2)","decl":{"start":{"line":24,"column":4},"end":{"line":24,"column":11}},"loc":{"start":{"line":24,"column":92},"end":{"line":29,"column":5}}},"2":{"name":"(anonymous_3)","decl":{"start":{"line":31,"column":4},"end":{"line":31,"column":11}},"loc":{"start":{"line":31,"column":100},"end":{"line":43,"column":5}}},"3":{"name":"(anonymous_4)","decl":{"start":{"line":45,"column":4},"end":{"line":45,"column":11}},"loc":{"start":{"line":45,"column":76},"end":{"line":51,"column":5}}},"4":{"name":"(anonymous_5)","decl":{"start":{"line":49,"column":30},"end":{"line":49,"column":38}},"loc":{"start":{"line":49,"column":38},"end":{"line":49,"column":50}}}},"branchMap":{"0":{"loc":{"start":{"line":25,"column":55},"end":{"line":25,"column":81}},"type":"cond-expr","locations":[{"start":{"line":25,"column":75},"end":{"line":25,"column":79}},{"start":{"line":25,"column":79},"end":{"line":25,"column":81}}]},"1":{"loc":{"start":{"line":25,"column":55},"end":{"line":25,"column":79}},"type":"binary-expr","locations":[{"start":{"line":25,"column":55},"end":{"line":25,"column":79}},{"start":{"line":25,"column":75},"end":{"line":25,"column":79}}]},"2":{"loc":{"start":{"line":34,"column":8},"end":{"line":36,"column":null}},"type":"if","locations":[{"start":{"line":34,"column":8},"end":{"line":36,"column":null}}]},"3":{"loc":{"start":{"line":40,"column":8},"end":{"line":42,"column":null}},"type":"if","locations":[{"start":{"line":40,"column":8},"end":{"line":42,"column":null}}]},"4":{"loc":{"start":{"line":48,"column":8},"end":{"line":50,"column":null}},"type":"if","locations":[{"start":{"line":48,"column":8},"end":{"line":50,"column":null}}]}},"s":{"0":15,"1":241,"2":15,"3":167,"4":167,"5":167,"6":15,"7":13,"8":13,"9":2,"10":11,"11":11,"12":11,"13":15,"14":304,"15":304,"16":108,"17":104,"18":15,"19":15},"f":{"0":256,"1":167,"2":13,"3":304,"4":104},"b":{"0":[10,157],"1":[167,167],"2":[2],"3":[11],"4":[108]}}
,"/home/denis/Documents/croct/forks/sdk-js/src/index.ts": {"path":"/home/denis/Documents/croct/forks/sdk-js/src/index.ts","statementMap":{"0":{"start":{"line":1,"column":0},"end":{"line":1,"column":8}},"1":{"start":{"line":4,"column":28},"end":{"line":1,"column":36}},"2":{"start":{"line":2,"column":0},"end":{"line":2,"column":8}},"3":{"start":{"line":4,"column":8},"end":{"line":2,"column":41}}},"fnMap":{"0":{"name":"(anonymous_0)","decl":{"start":{"line":4,"column":28},"end":{"line":4,"column":35}},"loc":{"start":{"line":4,"column":28},"end":{"line":1,"column":36}}},"1":{"name":"(anonymous_1)","decl":{"start":{"line":4,"column":8},"end":{"line":4,"column":11}},"loc":{"start":{"line":4,"column":8},"end":{"line":2,"column":41}}}},"branchMap":{},"s":{"0":2,"1":3,"2":2,"3":84},"f":{"0":1,"1":82},"b":{}}
,"/home/denis/Documents/croct/forks/sdk-js/src/namespacedStorage.ts": {"path":"/home/denis/Documents/croct/forks/sdk-js/src/namespacedStorage.ts","statementMap":{"0":{"start":{"line":1,"column":0},"end":{"line":1,"column":13}},"1":{"start":{"line":7,"column":8},"end":{"line":9,"column":null}},"2":{"start":{"line":8,"column":12},"end":{"line":8,"column":62}},"3":{"start":{"line":11,"column":8},"end":{"line":11,"column":31}},"4":{"start":{"line":12,"column":8},"end":{"line":12,"column":35}},"5":{"start":{"line":15,"column":4},"end":{"line":17,"column":null}},"6":{"start":{"line":16,"column":8},"end":{"line":16,"column":37}},"7":{"start":{"line":19,"column":11},"end":{"line":23,"column":null}},"8":{"start":{"line":20,"column":8},"end":{"line":22,"column":null}},"9":{"start":{"line":20,"column":26},"end":{"line":20,"column":42}},"10":{"start":{"line":20,"column":40},"end":{"line":20,"column":42}},"11":{"start":{"line":20,"column":22},"end":{"line":20,"column":26}},"12":{"start":{"line":21,"column":12},"end":{"line":21,"column":41}},"13":{"start":{"line":25,"column":11},"end":{"line":27,"column":null}},"14":{"start":{"line":26,"column":8},"end":{"line":26,"column":62}},"15":{"start":{"line":29,"column":11},"end":{"line":37,"column":null}},"16":{"start":{"line":30,"column":21},"end":{"line":30,"column":35}},"17":{"start":{"line":32,"column":8},"end":{"line":34,"column":null}},"18":{"start":{"line":33,"column":12},"end":{"line":33,"column":24}},"19":{"start":{"line":36,"column":8},"end":{"line":36,"column":64}},"20":{"start":{"line":39,"column":11},"end":{"line":41,"column":null}},"21":{"start":{"line":40,"column":8},"end":{"line":40,"column":58}},"22":{"start":{"line":43,"column":11},"end":{"line":45,"column":null}},"23":{"start":{"line":44,"column":8},"end":{"line":44,"column":62}},"24":{"start":{"line":47,"column":12},"end":{"line":60,"column":null}},"25":{"start":{"line":48,"column":21},"end":{"line":48,"column":23}},"26":{"start":{"line":49,"column":23},"end":{"line":49,"column":39}},"27":{"start":{"line":51,"column":8},"end":{"line":57,"column":null}},"28":{"start":{"line":51,"column":25},"end":{"line":51,"column":26}},"29":{"start":{"line":52,"column":24},"end":{"line":52,"column":47}},"30":{"start":{"line":54,"column":12},"end":{"line":56,"column":null}},"31":{"start":{"line":55,"column":16},"end":{"line":55,"column":31}},"32":{"start":{"line":59,"column":8},"end":{"line":59,"column":20}},"33":{"start":{"line":62,"column":12},"end":{"line":64,"column":null}},"34":{"start":{"line":63,"column":8},"end":{"line":63,"column":38}},"35":{"start":{"line":66,"column":12},"end":{"line":68,"column":null}},"36":{"start":{"line":67,"column":8},"end":{"line":67,"column":36}},"37":{"start":{"line":69,"column":0},"end":{"line":69,"column":null}},"38":{"start":{"line":1,"column":13},"end":{"line":1,"column":30}}},"fnMap":{"0":{"name":"(anonymous_0)","decl":{"start":{"line":1,"column":0},"end":{"line":1,"column":13}},"loc":{"start":{"line":1,"column":0},"end":{"line":69,"column":null}}},"1":{"name":"NamespacedStorage","decl":{"start":{"line":6,"column":4},"end":{"line":6,"column":23}},"loc":{"start":{"line":6,"column":58},"end":{"line":13,"column":5}}},"2":{"name":"(anonymous_2)","decl":{"start":{"line":15,"column":4},"end":{"line":15,"column":15}},"loc":{"start":{"line":15,"column":4},"end":{"line":17,"column":5}}},"3":{"name":"(anonymous_3)","decl":{"start":{"line":19,"column":4},"end":{"line":19,"column":11}},"loc":{"start":{"line":19,"column":4},"end":{"line":23,"column":5}}},"4":{"name":"(anonymous_4)","decl":{"start":{"line":25,"column":4},"end":{"line":25,"column":11}},"loc":{"start":{"line":25,"column":30},"end":{"line":27,"column":5}}},"5":{"name":"(anonymous_5)","decl":{"start":{"line":29,"column":4},"end":{"line":29,"column":11}},"loc":{"start":{"line":29,"column":28},"end":{"line":37,"column":5}}},"6":{"name":"(anonymous_6)","decl":{"start":{"line":39,"column":4},"end":{"line":39,"column":11}},"loc":{"start":{"line":39,"column":33},"end":{"line":41,"column":5}}},"7":{"name":"(anonymous_7)","decl":{"start":{"line":43,"column":4},"end":{"line":43,"column":11}},"loc":{"start":{"line":43,"column":45},"end":{"line":45,"column":5}}},"8":{"name":"(anonymous_8)","decl":{"start":{"line":47,"column":4},"end":{"line":47,"column":12}},"loc":{"start":{"line":47,"column":4},"end":{"line":60,"column":5}}},"9":{"name":"(anonymous_9)","decl":{"start":{"line":62,"column":4},"end":{"line":62,"column":12}},"loc":{"start":{"line":62,"column":38},"end":{"line":64,"column":5}}},"10":{"name":"(anonymous_10)","decl":{"start":{"line":66,"column":4},"end":{"line":66,"column":12}},"loc":{"start":{"line":66,"column":4},"end":{"line":68,"column":5}}}},"branchMap":{"0":{"loc":{"start":{"line":7,"column":8},"end":{"line":9,"column":null}},"type":"if","locations":[{"start":{"line":7,"column":8},"end":{"line":9,"column":null}}]},"1":{"loc":{"start":{"line":32,"column":8},"end":{"line":34,"column":null}},"type":"if","locations":[{"start":{"line":32,"column":8},"end":{"line":34,"column":null}}]},"2":{"loc":{"start":{"line":54,"column":12},"end":{"line":56,"column":null}},"type":"if","locations":[{"start":{"line":54,"column":12},"end":{"line":56,"column":null}}]},"3":{"loc":{"start":{"line":54,"column":16},"end":{"line":54,"column":57}},"type":"binary-expr","locations":[{"start":{"line":54,"column":16},"end":{"line":54,"column":28}},{"start":{"line":54,"column":32},"end":{"line":54,"column":57}}]}},"s":{"0":10,"1":32,"2":2,"3":30,"4":30,"5":10,"6":4,"7":10,"8":1,"9":1,"10":1,"11":1,"12":1,"13":10,"14":25,"15":10,"16":2,"17":2,"18":1,"19":1,"20":10,"21":3,"22":10,"23":32,"24":10,"25":7,"26":7,"27":7,"28":7,"29":12,"30":12,"31":5,"32":7,"33":10,"34":60,"35":10,"36":67,"37":10,"38":10},"f":{"0":10,"1":32,"2":4,"3":1,"4":25,"5":2,"6":3,"7":32,"8":7,"9":60,"10":67},"b":{"0":[2],"1":[1],"2":[5],"3":[12,12]}}
,"/home/denis/Documents/croct/forks/sdk-js/src/sdk.ts": {"path":"/home/denis/Documents/croct/forks/sdk-js/src/sdk.ts","statementMap":{"0":{"start":{"line":1,"column":0},"end":{"line":1,"column":38}},"1":{"start":{"line":4,"column":0},"end":{"line":4,"column":107}},"2":{"start":{"line":5,"column":0},"end":{"line":5,"column":48}},"3":{"start":{"line":6,"column":0},"end":{"line":6,"column":36}},"4":{"start":{"line":30,"column":4},"end":{"line":32,"column":null}},"5":{"start":{"line":31,"column":8},"end":{"line":31,"column":70}},"6":{"start":{"line":34,"column":4},"end":{"line":38,"column":null}},"7":{"start":{"line":35,"column":8},"end":{"line":35,"column":55}},"8":{"start":{"line":37,"column":8},"end":{"line":37,"column":76}},"9":{"start":{"line":41,"column":0},"end":{"line":41,"column":13}},"10":{"start":{"line":47,"column":8},"end":{"line":47,"column":35}},"11":{"start":{"line":50,"column":18},"end":{"line":99,"column":null}},"12":{"start":{"line":51,"column":8},"end":{"line":51,"column":45}},"13":{"start":{"line":53,"column":80},"end":{"line":53,"column":94}},"14":{"start":{"line":53,"column":44},"end":{"line":53,"column":54}},"15":{"start":{"line":53,"column":76},"end":{"line":53,"column":80}},"16":{"start":{"line":55,"column":55},"end":{"line":57,"column":10}},"17":{"start":{"line":59,"column":8},"end":{"line":61,"column":null}},"18":{"start":{"line":59,"column":31},"end":{"line":59,"column":60}},"19":{"start":{"line":59,"column":58},"end":{"line":59,"column":60}},"20":{"start":{"line":59,"column":27},"end":{"line":59,"column":31}},"21":{"start":{"line":60,"column":12},"end":{"line":60,"column":75}},"22":{"start":{"line":63,"column":26},"end":{"line":69,"column":null}},"23":{"start":{"line":72,"column":23},"end":{"line":72,"column":44}},"24":{"start":{"line":73,"column":36},"end":{"line":73,"column":64}},"25":{"start":{"line":73,"column":20},"end":{"line":73,"column":22}},"26":{"start":{"line":73,"column":32},"end":{"line":73,"column":36}},"27":{"start":{"line":75,"column":8},"end":{"line":83,"column":10}},"28":{"start":{"line":85,"column":8},"end":{"line":85,"column":55}},"29":{"start":{"line":86,"column":8},"end":{"line":86,"column":41}},"30":{"start":{"line":88,"column":24},"end":{"line":88,"column":46}},"31":{"start":{"line":89,"column":20},"end":{"line":89,"column":36}},"32":{"start":{"line":90,"column":21},"end":{"line":90,"column":38}},"33":{"start":{"line":92,"column":8},"end":{"line":92,"column":72}},"34":{"start":{"line":93,"column":8},"end":{"line":93,"column":51}},"35":{"start":{"line":94,"column":8},"end":{"line":94,"column":76}},"36":{"start":{"line":95,"column":8},"end":{"line":95,"column":66}},"37":{"start":{"line":96,"column":8},"end":{"line":96,"column":45}},"38":{"start":{"line":98,"column":8},"end":{"line":98,"column":34}},"39":{"start":{"line":101,"column":4},"end":{"line":105,"column":null}},"40":{"start":{"line":102,"column":24},"end":{"line":102,"column":58}},"41":{"start":{"line":104,"column":8},"end":{"line":104,"column":21}},"42":{"start":{"line":107,"column":4},"end":{"line":109,"column":null}},"43":{"start":{"line":108,"column":8},"end":{"line":108,"column":47}},"44":{"start":{"line":111,"column":4},"end":{"line":113,"column":null}},"45":{"start":{"line":112,"column":8},"end":{"line":112,"column":43}},"46":{"start":{"line":115,"column":4},"end":{"line":117,"column":null}},"47":{"start":{"line":116,"column":8},"end":{"line":116,"column":43}},"48":{"start":{"line":119,"column":4},"end":{"line":121,"column":null}},"49":{"start":{"line":120,"column":8},"end":{"line":120,"column":45}},"50":{"start":{"line":123,"column":4},"end":{"line":125,"column":null}},"51":{"start":{"line":124,"column":8},"end":{"line":124,"column":48}},"52":{"start":{"line":127,"column":11},"end":{"line":129,"column":null}},"53":{"start":{"line":127,"column":21},"end":{"line":127,"column":43}},"54":{"start":{"line":128,"column":8},"end":{"line":128,"column":54}},"55":{"start":{"line":131,"column":11},"end":{"line":133,"column":null}},"56":{"start":{"line":131,"column":44},"end":{"line":131,"column":69}},"57":{"start":{"line":132,"column":8},"end":{"line":132,"column":72}},"58":{"start":{"line":135,"column":11},"end":{"line":137,"column":null}},"59":{"start":{"line":135,"column":48},"end":{"line":135,"column":73}},"60":{"start":{"line":136,"column":8},"end":{"line":136,"column":76}},"61":{"start":{"line":139,"column":17},"end":{"line":151,"column":null}},"62":{"start":{"line":140,"column":8},"end":{"line":142,"column":null}},"63":{"start":{"line":141,"column":12},"end":{"line":141,"column":19}},"64":{"start":{"line":144,"column":14},"end":{"line":144,"column":40}},"65":{"start":{"line":146,"column":8},"end":{"line":146,"column":39}},"66":{"start":{"line":147,"column":8},"end":{"line":147,"column":27}},"67":{"start":{"line":148,"column":8},"end":{"line":148,"column":39}},"68":{"start":{"line":150,"column":8},"end":{"line":150,"column":35}},"69":{"start":{"line":152,"column":0},"end":{"line":152,"column":null}},"70":{"start":{"line":41,"column":13},"end":{"line":41,"column":16}}},"fnMap":{"0":{"name":"validateConfiguration","decl":{"start":{"line":29,"column":9},"end":{"line":29,"column":30}},"loc":{"start":{"line":29,"column":53},"end":{"line":39,"column":1}}},"1":{"name":"(anonymous_1)","decl":{"start":{"line":41,"column":0},"end":{"line":41,"column":13}},"loc":{"start":{"line":41,"column":0},"end":{"line":152,"column":null}}},"2":{"name":"Sdk","decl":{"start":{"line":46,"column":4},"end":{"line":46,"column":24}},"loc":{"start":{"line":46,"column":44},"end":{"line":48,"column":5}}},"3":{"name":"(anonymous_3)","decl":{"start":{"line":50,"column":4},"end":{"line":50,"column":18}},"loc":{"start":{"line":50,"column":51},"end":{"line":99,"column":5}}},"4":{"name":"(anonymous_4)","decl":{"start":{"line":101,"column":4},"end":{"line":101,"column":15}},"loc":{"start":{"line":101,"column":4},"end":{"line":105,"column":5}}},"5":{"name":"(anonymous_5)","decl":{"start":{"line":107,"column":4},"end":{"line":107,"column":15}},"loc":{"start":{"line":107,"column":4},"end":{"line":109,"column":5}}},"6":{"name":"(anonymous_6)","decl":{"start":{"line":111,"column":4},"end":{"line":111,"column":15}},"loc":{"start":{"line":111,"column":4},"end":{"line":113,"column":5}}},"7":{"name":"(anonymous_7)","decl":{"start":{"line":115,"column":4},"end":{"line":115,"column":15}},"loc":{"start":{"line":115,"column":4},"end":{"line":117,"column":5}}},"8":{"name":"(anonymous_8)","decl":{"start":{"line":119,"column":4},"end":{"line":119,"column":15}},"loc":{"start":{"line":119,"column":4},"end":{"line":121,"column":5}}},"9":{"name":"(anonymous_9)","decl":{"start":{"line":123,"column":4},"end":{"line":123,"column":15}},"loc":{"start":{"line":123,"column":4},"end":{"line":125,"column":5}}},"10":{"name":"(anonymous_10)","decl":{"start":{"line":127,"column":4},"end":{"line":127,"column":11}},"loc":{"start":{"line":127,"column":4},"end":{"line":129,"column":5}}},"11":{"name":"(anonymous_11)","decl":{"start":{"line":131,"column":4},"end":{"line":131,"column":11}},"loc":{"start":{"line":131,"column":42},"end":{"line":133,"column":5}}},"12":{"name":"(anonymous_12)","decl":{"start":{"line":135,"column":4},"end":{"line":135,"column":11}},"loc":{"start":{"line":135,"column":46},"end":{"line":137,"column":5}}},"13":{"name":"(anonymous_13)","decl":{"start":{"line":139,"column":4},"end":{"line":139,"column":17}},"loc":{"start":{"line":139,"column":4},"end":{"line":151,"column":null}}}},"branchMap":{"0":{"loc":{"start":{"line":30,"column":4},"end":{"line":32,"column":null}},"type":"if","locations":[{"start":{"line":30,"column":4},"end":{"line":32,"column":null}}]},"1":{"loc":{"start":{"line":30,"column":8},"end":{"line":30,"column":67}},"type":"binary-expr","locations":[{"start":{"line":30,"column":8},"end":{"line":30,"column":41}},{"start":{"line":30,"column":45},"end":{"line":30,"column":67}}]},"2":{"loc":{"start":{"line":53,"column":44},"end":{"line":53,"column":54}},"type":"cond-expr","locations":[{"start":{"line":53,"column":47},"end":{"line":53,"column":49}},{"start":{"line":53,"column":49},"end":{"line":53,"column":54}}]},"3":{"loc":{"start":{"line":65,"column":35},"end":{"line":65,"column":106}},"type":"cond-expr","locations":[{"start":{"line":65,"column":79},"end":{"line":65,"column":83}},{"start":{"line":65,"column":83},"end":{"line":65,"column":106}}]},"4":{"loc":{"start":{"line":65,"column":35},"end":{"line":65,"column":83}},"type":"binary-expr","locations":[{"start":{"line":65,"column":35},"end":{"line":65,"column":83}},{"start":{"line":65,"column":79},"end":{"line":65,"column":83}}]},"5":{"loc":{"start":{"line":66,"column":32},"end":{"line":66,"column":97}},"type":"cond-expr","locations":[{"start":{"line":66,"column":73},"end":{"line":66,"column":77}},{"start":{"line":66,"column":77},"end":{"line":66,"column":97}}]},"6":{"loc":{"start":{"line":66,"column":32},"end":{"line":66,"column":77}},"type":"binary-expr","locations":[{"start":{"line":66,"column":32},"end":{"line":66,"column":77}},{"start":{"line":66,"column":73},"end":{"line":66,"column":77}}]},"7":{"loc":{"start":{"line":67,"column":34},"end":{"line":67,"column":103}},"type":"cond-expr","locations":[{"start":{"line":67,"column":77},"end":{"line":67,"column":81}},{"start":{"line":67,"column":81},"end":{"line":67,"column":103}}]},"8":{"loc":{"start":{"line":67,"column":34},"end":{"line":67,"column":81}},"type":"binary-expr","locations":[{"start":{"line":67,"column":34},"end":{"line":67,"column":81}},{"start":{"line":67,"column":77},"end":{"line":67,"column":81}}]},"9":{"loc":{"start":{"line":68,"column":29},"end":{"line":68,"column":74}},"type":"cond-expr","locations":[{"start":{"line":68,"column":67},"end":{"line":68,"column":71}},{"start":{"line":68,"column":71},"end":{"line":68,"column":74}}]},"10":{"loc":{"start":{"line":68,"column":29},"end":{"line":68,"column":71}},"type":"binary-expr","locations":[{"start":{"line":68,"column":29},"end":{"line":68,"column":71}},{"start":{"line":68,"column":67},"end":{"line":68,"column":71}}]},"11":{"loc":{"start":{"line":92,"column":24},"end":{"line":92,"column":53}},"type":"cond-expr","locations":[{"start":{"line":92,"column":36},"end":{"line":92,"column":41}},{"start":{"line":92,"column":44},"end":{"line":92,"column":53}}]},"12":{"loc":{"start":{"line":94,"column":38},"end":{"line":94,"column":72}},"type":"cond-expr","locations":[{"start":{"line":94,"column":54},"end":{"line":94,"column":58}},{"start":{"line":94,"column":61},"end":{"line":94,"column":72}}]},"13":{"loc":{"start":{"line":140,"column":8},"end":{"line":142,"column":null}},"type":"if","locations":[{"start":{"line":140,"column":8},"end":{"line":142,"column":null}}]}},"s":{"0":8,"1":8,"2":8,"3":8,"4":64,"5":1,"6":63,"7":63,"8":1,"9":8,"10":62,"11":8,"12":64,"13":62,"14":62,"15":62,"16":62,"17":62,"18":62,"19":62,"20":1,"21":1,"22":62,"23":62,"24":62,"25":62,"26":62,"27":62,"28":62,"29":62,"30":62,"31":62,"32":62,"33":62,"34":62,"35":62,"36":62,"37":62,"38":62,"39":8,"40":3,"41":3,"42":8,"43":1,"44":8,"45":23,"46":8,"47":16,"48":8,"49":1,"50":8,"51":13,"52":8,"53":56,"54":27,"55":8,"56":3,"57":1,"58":8,"59":3,"60":1,"61":8,"62":3,"63":1,"64":2,"65":2,"66":2,"67":4,"68":2,"69":8,"70":8},"f":{"0":64,"1":8,"2":62,"3":64,"4":3,"5":1,"6":23,"7":16,"8":1,"9":13,"10":27,"11":1,"12":1,"13":3},"b":{"0":[1],"1":[64,63],"2":[42,20],"3":[21,41],"4":[62,62],"5":[21,41],"6":[62,62],"7":[21,41],"8":[62,62],"9":[20,42],"10":[62,62],"11":[62,0],"12":[3,59],"13":[1]}}
,"/home/denis/Documents/croct/forks/sdk-js/src/sourceLocation.ts": {"path":"/home/denis/Documents/croct/forks/sdk-js/src/sourceLocation.ts","statementMap":{"0":{"start":{"line":13,"column":4},"end":{"line":13,"column":29}},"1":{"start":{"line":12,"column":0},"end":{"line":12,"column":16}},"2":{"start":{"line":17,"column":4},"end":{"line":17,"column":50}},"3":{"start":{"line":16,"column":0},"end":{"line":16,"column":16}},"4":{"start":{"line":21,"column":4},"end":{"line":23,"column":null}},"5":{"start":{"line":22,"column":8},"end":{"line":22,"column":59}},"6":{"start":{"line":25,"column":4},"end":{"line":27,"column":null}},"7":{"start":{"line":26,"column":8},"end":{"line":26,"column":88}},"8":{"start":{"line":32,"column":15},"end":{"line":32,"column":28}},"9":{"start":{"line":33,"column":15},"end":{"line":33,"column":16}},"10":{"start":{"line":34,"column":17},"end":{"line":34,"column":18}},"11":{"start":{"line":36,"column":4},"end":{"line":63,"column":null}},"12":{"start":{"line":36,"column":22},"end":{"line":36,"column":23}},"13":{"start":{"line":37,"column":21},"end":{"line":37,"column":34}},"14":{"start":{"line":39,"column":8},"end":{"line":45,"column":null}},"15":{"start":{"line":40,"column":12},"end":{"line":44,"column":14}},"16":{"start":{"line":47,"column":8},"end":{"line":55,"column":null}},"17":{"start":{"line":48,"column":12},"end":{"line":52,"column":14}},"18":{"start":{"line":54,"column":12},"end":{"line":54,"column":18}},"19":{"start":{"line":57,"column":8},"end":{"line":62,"column":null}},"20":{"start":{"line":58,"column":12},"end":{"line":58,"column":22}},"21":{"start":{"line":59,"column":12},"end":{"line":59,"column":23}},"22":{"start":{"line":61,"column":12},"end":{"line":61,"column":24}},"23":{"start":{"line":65,"column":4},"end":{"line":71,"column":null}},"24":{"start":{"line":66,"column":8},"end":{"line":70,"column":10}},"25":{"start":{"line":73,"column":4},"end":{"line":79,"column":null}},"26":{"start":{"line":74,"column":8},"end":{"line":78,"column":10}},"27":{"start":{"line":81,"column":4},"end":{"line":84,"column":6}},"28":{"start":{"line":20,"column":0},"end":{"line":20,"column":16}}},"fnMap":{"0":{"name":"getLength","decl":{"start":{"line":12,"column":16},"end":{"line":12,"column":25}},"loc":{"start":{"line":12,"column":39},"end":{"line":14,"column":1}}},"1":{"name":"getPosition","decl":{"start":{"line":16,"column":16},"end":{"line":16,"column":27}},"loc":{"start":{"line":16,"column":56},"end":{"line":18,"column":1}}},"2":{"name":"getLocation","decl":{"start":{"line":20,"column":16},"end":{"line":20,"column":27}},"loc":{"start":{"line":20,"column":79},"end":{"line":85,"column":1}}}},"branchMap":{"0":{"loc":{"start":{"line":21,"column":4},"end":{"line":23,"column":null}},"type":"if","locations":[{"start":{"line":21,"column":4},"end":{"line":23,"column":null}}]},"1":{"loc":{"start":{"line":25,"column":4},"end":{"line":27,"column":null}},"type":"if","locations":[{"start":{"line":25,"column":4},"end":{"line":27,"column":null}}]},"2":{"loc":{"start":{"line":39,"column":8},"end":{"line":45,"column":null}},"type":"if","locations":[{"start":{"line":39,"column":8},"end":{"line":45,"column":null}}]},"3":{"loc":{"start":{"line":47,"column":8},"end":{"line":55,"column":null}},"type":"if","locations":[{"start":{"line":47,"column":8},"end":{"line":55,"column":null}}]},"4":{"loc":{"start":{"line":57,"column":8},"end":{"line":62,"column":null}},"type":"if","locations":[{"start":{"line":57,"column":8},"end":{"line":62,"column":null}},{"start":{"line":60,"column":15},"end":{"line":62,"column":null}}]},"5":{"loc":{"start":{"line":65,"column":4},"end":{"line":71,"column":null}},"type":"if","locations":[{"start":{"line":65,"column":4},"end":{"line":71,"column":null}}]},"6":{"loc":{"start":{"line":73,"column":4},"end":{"line":79,"column":null}},"type":"if","locations":[{"start":{"line":73,"column":4},"end":{"line":79,"column":null}}]}},"s":{"0":18,"1":13,"2":13,"3":13,"4":23,"5":2,"6":21,"7":2,"8":19,"9":19,"10":19,"11":19,"12":19,"13":107,"14":107,"15":15,"16":107,"17":13,"18":13,"19":94,"20":4,"21":4,"22":90,"23":19,"24":4,"25":19,"26":6,"27":19,"28":13},"f":{"0":18,"1":13,"2":23},"b":{"0":[2],"1":[2],"2":[15],"3":[13],"4":[4,90],"5":[4],"6":[6]}}
,"/home/denis/Documents/croct/forks/sdk-js/src/tab.ts": {"path":"/home/denis/Documents/croct/forks/sdk-js/src/tab.ts","statementMap":{"0":{"start":{"line":1,"column":0},"end":{"line":1,"column":70}},"1":{"start":{"line":18,"column":53},"end":{"line":24,"column":2}},"2":{"start":{"line":26,"column":0},"end":{"line":26,"column":13}},"3":{"start":{"line":33,"column":21},"end":{"line":33,"column":79}},"4":{"start":{"line":36,"column":8},"end":{"line":36,"column":21}},"5":{"start":{"line":37,"column":8},"end":{"line":37,"column":27}},"6":{"start":{"line":38,"column":8},"end":{"line":38,"column":41}},"7":{"start":{"line":40,"column":8},"end":{"line":40,"column":26}},"8":{"start":{"line":43,"column":12},"end":{"line":69,"column":null}},"9":{"start":{"line":43,"column":4},"end":{"line":43,"column":12}},"10":{"start":{"line":44,"column":25},"end":{"line":46,"column":9}},"11":{"start":{"line":45,"column":12},"end":{"line":45,"column":106}},"12":{"start":{"line":48,"column":8},"end":{"line":48,"column":57}},"13":{"start":{"line":49,"column":8},"end":{"line":49,"column":56}},"14":{"start":{"line":50,"column":8},"end":{"line":50,"column":64}},"15":{"start":{"line":51,"column":8},"end":{"line":51,"column":68}},"16":{"start":{"line":53,"column":8},"end":{"line":64,"column":10}},"17":{"start":{"line":56,"column":16},"end":{"line":61,"column":20}},"18":{"start":{"line":66,"column":8},"end":{"line":68,"column":11}},"19":{"start":{"line":67,"column":12},"end":{"line":67,"column":116}},"20":{"start":{"line":71,"column":4},"end":{"line":73,"column":null}},"21":{"start":{"line":72,"column":8},"end":{"line":72,"column":54}},"22":{"start":{"line":75,"column":4},"end":{"line":77,"column":null}},"23":{"start":{"line":76,"column":8},"end":{"line":76,"column":30}},"24":{"start":{"line":79,"column":4},"end":{"line":81,"column":null}},"25":{"start":{"line":80,"column":8},"end":{"line":80,"column":83}},"26":{"start":{"line":83,"column":4},"end":{"line":85,"column":null}},"27":{"start":{"line":84,"column":8},"end":{"line":84,"column":54}},"28":{"start":{"line":87,"column":4},"end":{"line":89,"column":null}},"29":{"start":{"line":88,"column":8},"end":{"line":88,"column":24}},"30":{"start":{"line":91,"column":11},"end":{"line":93,"column":null}},"31":{"start":{"line":92,"column":8},"end":{"line":92,"column":54}},"32":{"start":{"line":95,"column":11},"end":{"line":97,"column":null}},"33":{"start":{"line":96,"column":8},"end":{"line":96,"column":57}},"34":{"start":{"line":99,"column":12},"end":{"line":107,"column":null}},"35":{"start":{"line":100,"column":27},"end":{"line":100,"column":66}},"36":{"start":{"line":102,"column":8},"end":{"line":104,"column":null}},"37":{"start":{"line":103,"column":12},"end":{"line":103,"column":60}},"38":{"start":{"line":106,"column":8},"end":{"line":106,"column":26}},"39":{"start":{"line":109,"column":12},"end":{"line":111,"column":null}},"40":{"start":{"line":110,"column":8},"end":{"line":110,"column":48}},"41":{"start":{"line":113,"column":19},"end":{"line":147,"column":null}},"42":{"start":{"line":114,"column":18},"end":{"line":114,"column":38}},"43":{"start":{"line":116,"column":26},"end":{"line":124,"c
[...]
,"/home/denis/Documents/croct/forks/sdk-js/src/validation/unionType.ts": {"path":"/home/denis/Documents/croct/forks/sdk-js/src/validation/unionType.ts","statementMap":{"0":{"start":{"line":1,"column":0},"end":{"line":1,"column":47}},"1":{"start":{"line":2,"column":0},"end":{"line":2,"column":49}},"2":{"start":{"line":4,"column":0},"end":{"line":4,"column":13}},"3":{"start":{"line":7,"column":62},"end":{"line":7,"column":85}},"4":{"start":{"line":8,"column":8},"end":{"line":8,"column":50}},"5":{"start":{"line":11,"column":11},"end":{"line":23,"column":null}},"6":{"start":{"line":12,"column":22},"end":{"line":12,"column":24}},"7":{"start":{"line":14,"column":8},"end":{"line":20,"column":null}},"8":{"start":{"line":14,"column":29},"end":{"line":14,"column":43}},"9":{"start":{"line":14,"column":41},"end":{"line":14,"column":43}},"10":{"start":{"line":14,"column":25},"end":{"line":14,"column":29}},"11":{"start":{"line":15,"column":12},"end":{"line":19,"column":null}},"12":{"start":{"line":15,"column":31},"end":{"line":15,"column":50}},"13":{"start":{"line":15,"column":48},"end":{"line":15,"column":50}},"14":{"start":{"line":15,"column":27},"end":{"line":15,"column":31}},"15":{"start":{"line":16,"column":16},"end":{"line":18,"column":null}},"16":{"start":{"line":17,"column":20},"end":{"line":17,"column":37}},"17":{"start":{"line":22,"column":8},"end":{"line":22,"column":21}},"18":{"start":{"line":25,"column":11},"end":{"line":33,"column":null}},"19":{"start":{"line":26,"column":8},"end":{"line":30,"column":null}},"20":{"start":{"line":26,"column":29},"end":{"line":26,"column":43}},"21":{"start":{"line":26,"column":41},"end":{"line":26,"column":43}},"22":{"start":{"line":26,"column":25},"end":{"line":26,"column":29}},"23":{"start":{"line":27,"column":12},"end":{"line":29,"column":null}},"24":{"start":{"line":28,"column":16},"end":{"line":28,"column":28}},"25":{"start":{"line":32,"column":8},"end":{"line":32,"column":21}},"26":{"start":{"line":35,"column":11},"end":{"line":52,"column":null}},"27":{"start":{"line":35,"column":36},"end":{"line":35,"column":null}},"28":{"start":{"line":36,"column":8},"end":{"line":42,"column":null}},"29":{"start":{"line":36,"column":29},"end":{"line":36,"column":43}},"30":{"start":{"line":36,"column":41},"end":{"line":36,"column":43}},"31":{"start":{"line":36,"column":25},"end":{"line":36,"column":29}},"32":{"start":{"line":37,"column":12},"end":{"line":41,"column":null}},"33":{"start":{"line":38,"column":16},"end":{"line":38,"column":45}},"34":{"start":{"line":40,"column":16},"end":{"line":40,"column":23}},"35":{"start":{"line":44,"column":22},"end":{"line":44,"column":37}},"36":{"start":{"line":46,"column":8},"end":{"line":51,"column":10}},"37":{"start":{"line":53,"column":0},"end":{"line":53,"column":null}},"38":{"start":{"line":4,"column":13},"end":{"line":4,"column":22}}},"fnMap":{"0":{"name":"(anonymous_0)","decl":{"start":{"line":4,"column":0},"end":{"line":4,"column":13}},"loc":{"start":{"line":4,"column":0},"end":{"line":53,"column":null}}},"1":{"name":"UnionType","decl":{"start":{"line":7,"column":4},"end":{"line":7,"column":23}},"loc":{"start":{"line":7,"column":60},"end":{"line":9,"column":5}}},"2":{"name":"(anonymous_2)","decl":{"start":{"line":11,"column":4},"end":{"line":11,"column":11}},"loc":{"start":{"line":11,"column":4},"end":{"line":23,"column":5}}},"3":{"name":"(anonymous_3)","decl":{"start":{"line":25,"column":4},"end":{"line":25,"column":11}},"loc":{"start":{"line":25,"column":37},"end":{"line":33,"column":5}}},"4":{"name":"(anonymous_4)","decl":{"start":{"line":35,"column":4},"end":{"line":35,"column":11}},"loc":{"start":{"line":35,"column":55},"end":{"line":52,"column":5}}}},"branchMap":{"0":{"loc":{"start":{"line":16,"column":16},"end":{"line":18,"column":null}},"type":"if","locations":[{"start":{"line":16,"column":16},"end":{"line":18,"column":null}}]},"1":{"loc":{"start":{"line":27,"column":12},"end":{"line":29,"column":null}},"type":"if","locations":[{"start":{"line":27,"column":12},"end":{"line":29,"column":null}}]},"2":{"loc":{"start":{"line":35,"column":36},"end":{"line":35,"column":null}},"type":"if","locations":[{"start":{"line":35,"column":36},"end":{"line":35,"column":null}}]},"3":{"loc":{"start":{"line":37,"column":12},"end":{"line":41,"column":null}},"type":"if","locations":[{"start":{"line":37,"column":12},"end":{"line":41,"column":null}}]}},"s":{"0":42,"1":42,"2":42,"3":1490,"4":397,"5":42,"6":47,"7":47,"8":47,"9":47,"10":128,"11":128,"12":128,"13":128,"14":158,"15":158,"16":158,"17":47,"18":42,"19":8,"20":8,"21":8,"22":15,"23":15,"24":3,"25":5,"26":42,"27":522,"28":511,"29":511,"30":511,"31":1199,"32":1199,"33":465,"34":355,"35":46,"36":46,"37":42,"38":42},"f":{"0":42,"1":397,"2":47,"3":8,"4":511},"b":{"0":[158],"1":[3],"2":[11],"3":[465]}}
,"/home/denis/Documents/croct/forks/sdk-js/src/validation/violation.ts": {"path":"/home/denis/Documents/croct/forks/sdk-js/src/validation/violation.ts","statementMap":{"0":{"start":{"line":2,"column":4},"end":{"line":4,"column":null}},"1":{"start":{"line":3,"column":8},"end":{"line":3,"column":22}},"2":{"start":{"line":6,"column":4},"end":{"line":8,"column":null}},"3":{"start":{"line":7,"column":8},"end":{"line":7,"column":23}},"4":{"start":{"line":10,"column":4},"end":{"line":12,"column":null}},"5":{"start":{"line":11,"column":8},"end":{"line":11,"column":62}},"6":{"start":{"line":14,"column":4},"end":{"line":17,"column":null}},"7":{"start":{"line":16,"column":8},"end":{"line":16,"column":50}},"8":{"start":{"line":19,"column":4},"end":{"line":19,"column":24}},"9":{"start":{"line":1,"column":0},"end":{"line":1,"column":16}},"10":{"start":{"line":23,"column":4},"end":{"line":23,"column":32}},"11":{"start":{"line":22,"column":0},"end":{"line":22,"column":16}}},"fnMap":{"0":{"name":"describe","decl":{"start":{"line":1,"column":16},"end":{"line":1,"column":24}},"loc":{"start":{"line":1,"column":39},"end":{"line":20,"column":1}}},"1":{"name":"formatPath","decl":{"start":{"line":22,"column":16},"end":{"line":22,"column":26}},"loc":{"start":{"line":22,"column":41},"end":{"line":24,"column":1}}}},"branchMap":{"0":{"loc":{"start":{"line":2,"column":4},"end":{"line":4,"column":null}},"type":"if","locations":[{"start":{"line":2,"column":4},"end":{"line":4,"column":null}}]},"1":{"loc":{"start":{"line":6,"column":4},"end":{"line":8,"column":null}},"type":"if","locations":[{"start":{"line":6,"column":4},"end":{"line":8,"column":null}}]},"2":{"loc":{"start":{"line":10,"column":4},"end":{"line":12,"column":null}},"type":"if","locations":[{"start":{"line":10,"column":4},"end":{"line":12,"column":null}}]},"3":{"loc":{"start":{"line":11,"column":15},"end":{"line":11,"column":61}},"type":"cond-expr","locations":[{"start":{"line":11,"column":41},"end":{"line":11,"column":50}},{"start":{"line":11,"column":53},"end":{"line":11,"column":61}}]},"4":{"loc":{"start":{"line":14,"column":4},"end":{"line":17,"column":null}},"type":"if","locations":[{"start":{"line":14,"column":4},"end":{"line":17,"column":null}}]}},"s":{"0":359,"1":65,"2":294,"3":61,"4":233,"5":70,"6":163,"7":73,"8":90,"9":43,"10":958,"11":43},"f":{"0":359,"1":958},"b":{"0":[65],"1":[61],"2":[70],"3":[55,15],"4":[73]}}
,"/home/denis/Documents/croct/forks/sdk-js/test/utils/dumbStorage.ts": {"path":"/home/denis/Documents/croct/forks/sdk-js/test/utils/dumbStorage.ts","statementMap":{"0":{"start":{"line":1,"column":0},"end":{"line":1,"column":13}},"1":{"start":{"line":6,"column":23},"end":{"line":6,"column":null}},"2":{"start":{"line":2,"column":12},"end":{"line":2,"column":48}},"3":{"start":{"line":4,"column":21},"end":{"line":4,"column":50}},"4":{"start":{"line":7,"column":8},"end":{"line":7,"column":45}},"5":{"start":{"line":10,"column":11},"end":{"line":12,"column":null}},"6":{"start":{"line":11,"column":8},"end":{"line":11,"column":24}},"7":{"start":{"line":14,"column":4},"end":{"line":16,"column":null}},"8":{"start":{"line":15,"column":8},"end":{"line":15,"column":46}},"9":{"start":{"line":18,"column":11},"end":{"line":28,"column":null}},"10":{"start":{"line":19,"column":8},"end":{"line":21,"column":null}},"11":{"start":{"line":20,"column":12},"end":{"line":20,"column":22}},"12":{"start":{"line":23,"column":8},"end":{"line":25,"column":null}},"13":{"start":{"line":24,"column":12},"end":{"line":24,"column":24}},"14":{"start":{"line":27,"column":8},"end":{"line":27,"column":31}},"15":{"start":{"line":30,"column":11},"end":{"line":38,"column":null}},"16":{"start":{"line":31,"column":21},"end":{"line":31,"column":44}},"17":{"start":{"line":33,"column":8},"end":{"line":35,"column":null}},"18":{"start":{"line":34,"column":12},"end":{"line":34,"column":24}},"19":{"start":{"line":37,"column":8},"end":{"line":37,"column":27}},"20":{"start":{"line":40,"column":11},"end":{"line":42,"column":null}},"21":{"start":{"line":41,"column":8},"end":{"line":41,"column":31}},"22":{"start":{"line":44,"column":11},"end":{"line":46,"column":null}},"23":{"start":{"line":45,"column":8},"end":{"line":45,"column":32}},"24":{"start":{"line":47,"column":0},"end":{"line":47,"column":null}},"25":{"start":{"line":1,"column":13},"end":{"line":1,"column":24}}},"fnMap":{"0":{"name":"(anonymous_0)","decl":{"start":{"line":1,"column":0},"end":{"line":1,"column":13}},"loc":{"start":{"line":1,"column":0},"end":{"line":47,"column":null}}},"1":{"name":"DumbStorage","decl":{"start":{"line":6,"column":4},"end":{"line":6,"column":23}},"loc":{"start":{"line":6,"column":48},"end":{"line":8,"column":5}}},"2":{"name":"(anonymous_2)","decl":{"start":{"line":10,"column":4},"end":{"line":10,"column":11}},"loc":{"start":{"line":10,"column":4},"end":{"line":12,"column":5}}},"3":{"name":"(anonymous_3)","decl":{"start":{"line":14,"column":4},"end":{"line":14,"column":15}},"loc":{"start":{"line":14,"column":4},"end":{"line":16,"column":5}}},"4":{"name":"(anonymous_4)","decl":{"start":{"line":18,"column":4},"end":{"line":18,"column":11}},"loc":{"start":{"line":18,"column":30},"end":{"line":28,"column":5}}},"5":{"name":"(anonymous_5)","decl":{"start":{"line":30,"column":4},"end":{"line":30,"column":11}},"loc":{"start":{"line":30,"column":28},"end":{"line":38,"column":5}}},"6":{"name":"(anonymous_6)","decl":{"start":{"line":40,"column":4},"end":{"line":40,"column":11}},"loc":{"start":{"line":40,"column":33},"end":{"line":42,"column":5}}},"7":{"name":"(anonymous_7)","decl":{"start":{"line":44,"column":4},"end":{"line":44,"column":11}},"loc":{"start":{"line":44,"column":45},"end":{"line":46,"column":5}}}},"branchMap":{"0":{"loc":{"start":{"line":6,"column":23},"end":{"line":6,"column":null}},"type":"if","locations":[{"start":{"line":6,"column":23},"end":{"line":6,"column":null}}]},"1":{"loc":{"start":{"line":19,"column":8},"end":{"line":21,"column":null}},"type":"if","locations":[{"start":{"line":19,"column":8},"end":{"line":21,"column":null}}]},"2":{"loc":{"start":{"line":23,"column":8},"end":{"line":25,"column":null}},"type":"if","locations":[{"start":{"line":23,"column":8},"end":{"line":25,"column":null}}]},"3":{"loc":{"start":{"line":33,"column":8},"end":{"line":35,"column":null}},"type":"if","locations":[{"start":{"line":33,"column":8},"end":{"line":35,"column":null}}]}},"s":{"0":4,"1":79,"2":40,"3":40,"4":40,"5":4,"6":0,"7":4,"8":20,"9":4,"10":52,"11":1,"12":51,"13":43,"14":8,"15":4,"16":15,"17":15,"18":1,"19":14,"20":4,"21":21,"22":4,"23":33,"24":4,"25":4},"f":{"0":4,"1":40,"2":0,"3":20,"4":52,"5":15,"6":21,"7":33},"b":{"0":[39],"1":[1],"2":[43],"3":[1]}}
,"/home/denis/Documents/croct/forks/sdk-js/test/utils/tabEventEmulator.ts": {"path":"/home/denis/Documents/croct/forks/sdk-js/test/utils/tabEventEmulator.ts","statementMap":{"0":{"start":{"line":3,"column":0},"end":{"line":3,"column":13}},"1":{"start":{"line":4,"column":12},"end":{"line":4,"column":25}},"2":{"start":{"line":6,"column":21},"end":{"line":6,"column":99}},"3":{"start":{"line":12,"column":11},"end":{"line":24,"column":null}},"4":{"start":{"line":12,"column":4},"end":{"line":12,"column":11}},"5":{"start":{"line":13,"column":8},"end":{"line":13,"column":62}},"6":{"start":{"line":15,"column":8},"end":{"line":17,"column":10}},"7":{"start":{"line":16,"column":12},"end":{"line":16,"column":58}},"8":{"start":{"line":19,"column":8},"end":{"line":19,"column":66}},"9":{"start":{"line":21,"column":8},"end":{"line":23,"column":10}},"10":{"start":{"line":22,"column":12},"end":{"line":22,"column":60}},"11":{"start":{"line":26,"column":12},"end":{"line":28,"column":null}},"12":{"start":{"line":27,"column":8},"end":{"line":27,"column":93}},"13":{"start":{"line":30,"column":11},"end":{"line":32,"column":null}},"14":{"start":{"line":31,"column":8},"end":{"line":31,"column":29}},"15":{"start":{"line":34,"column":11},"end":{"line":42,"column":null}},"16":{"start":{"line":35,"column":8},"end":{"line":35,"column":38}},"17":{"start":{"line":37,"column":8},"end":{"line":37,"column":32}},"18":{"start":{"line":39,"column":8},"end":{"line":39,"column":50}},"19":{"start":{"line":41,"column":8},"end":{"line":41,"column":29}},"20":{"start":{"line":44,"column":11},"end":{"line":54,"column":null}},"21":{"start":{"line":45,"column":8},"end":{"line":47,"column":null}},"22":{"start":{"line":46,"column":12},"end":{"line":46,"column":61}},"23":{"start":{"line":49,"column":8},"end":{"line":49,"column":38}},"24":{"start":{"line":51,"column":8},"end":{"line":51,"column":33}},"25":{"start":{"line":53,"column":8},"end":{"line":53,"column":37}},"26":{"start":{"line":56,"column":11},"end":{"line":58,"column":null}},"27":{"start":{"line":57,"column":8},"end":{"line":57,"column":92}},"28":{"start":{"line":60,"column":11},"end":{"line":62,"column":null}},"29":{"start":{"line":61,"column":8},"end":{"line":61,"column":91}},"30":{"start":{"line":64,"column":11},"end":{"line":71,"column":null}},"31":{"start":{"line":65,"column":8},"end":{"line":68,"column":11}},"32":{"start":{"line":70,"column":8},"end":{"line":70,"column":104}},"33":{"start":{"line":73,"column":11},"end":{"line":75,"column":null}},"34":{"start":{"line":74,"column":8},"end":{"line":74,"column":101}},"35":{"start":{"line":77,"column":11},"end":{"line":83,"column":null}},"36":{"start":{"line":77,"column":65},"end":{"line":77,"column":null}},"37":{"start":{"line":78,"column":8},"end":{"line":82,"column":null}},"38":{"start":{"line":78,"column":47},"end":{"line":78,"column":73}},"39":{"start":{"line":78,"column":71},"end":{"line":78,"column":73}},"40":{"start":{"line":78,"column":19},"end":{"line":78,"column":20}},"41":{"start":{"line":78,"column":26},"end":{"line":78,"column":28}},"42":{"start":{"line":78,"column":32},"end":{"line":78,"column":34}},"43":{"start":{"line":78,"column":42},"end":{"line":78,"column":43}},"44":{"start":{"line":79,"column":12},"end":{"line":81,"column":null}},"45":{"start":{"line":80,"column":16},"end":{"line":80,"column":48}},"46":{"start":{"line":85,"column":11},"end":{"line":98,"column":null}},"47":{"start":{"line":86,"column":8},"end":{"line":89,"column":null}},"48":{"start":{"line":87,"column":12},"end":{"line":87,"column":70}},"49":{"start":{"line":88,"column":12},"end":{"line":88,"column":49}},"50":{"start":{"line":91,"column":8},"end":{"line":94,"column":null}},"51":{"start":{"line":92,"column":12},"end":{"line":92,"column":66}},"52":{"start":{"line":93,"column":12},"end":{"line":93,"column":47}},"53":{"start":{"line":96,"column":8},"end":{"line":96,"column":60}},"54":{"start":{"line":97,"column":8},"end":{"line":97,"column":26}},"55":{"start":{"line":99,"column":0},"end":{"line":99,"column":null}},"56":{"start":{"line":3,"column":13},"end":{"line":3,"column":29}}},"fnMap":{"0":{"name":"(anonymous_0)","decl":{"start":{"line":3,"column":0},"end":{"line":3,"column":13}},"loc":{"start":{"line":3,"column":0},"end":{"line":99,"column":null}}},"1":{"name":"(anonymous_2)","decl":{"start":{"line":12,"column":4},"end":{"line":12,"column":11}},"loc":{"start":{"line":12,"column":4},"end":{"line":24,"column":5}}},"2":{"name":"(anonymous_3)","decl":{"start":{"line":15,"column":34},"end":{"line":15,"column":35}},"loc":{"start":{"line":15,"column":67},"end":{"line":17,"column":9}}},"3":{"name":"(anonymous_4)","decl":{"start":{"line":21,"column":36},"end":{"line":21,"column":37}},"loc":{"start":{"line":21,"column":69},"end":{"line":23,"column":9}}},"4":{"name":"(anonymous_5)","decl":{"start":{"line":26,"column":4},"end":{"line":26,"column":12}},"loc":{"start":{"line":26,"column":82},"end":{"line":28,"column":5}}},"5":{"name":"(anonymous_6)","decl":{"start":{"line":30,"column":4},"end":{"line":30,"column":11}},"loc":{"start":{"line":30,"column":4},"end":{"line":32,"column":5}}},"6":{"name":"(anonymous_7)","decl":{"start":{"line":34,"column":4},"end":{"line":34,"column":11}},"loc":{"start":{"line":34,"column":4},"end":{"line":42,"column":5}}},"7":{"name":"(anonymous_8)","decl":{"start":{"line":44,"column":4},"end":{"line":44,"column":11}},"loc":{"start":{"line":44,"column":37},"end":{"line":54,"column":5}}},"8":{"name":"(anonymous_9)","decl":{"start":{"line":56,"column":4},"end":{"line":56,"column":11}},"loc":{"start":{"line":56,"column":4},"end":{"line":58,"column":5}}},"9":{"name":"(anonymous_10)","decl":{"start":{"line":60,"column":4},"end":{"line":60,"column":11}},"loc":{"start":{"line":60,"column":4},"end":{"line":62,"column":5}}},"10":{"name":"(anonymous_11)","decl":{"start":{"line":64,"column":4},"end":{"line":64,"column":11}},"loc":{"start":{"line":64,"column":45},"end":{"line":71,"column":5}}},"11":{"name":"(anonymous_12)","decl":{"start":{"line":73,"column":4},"end":{"line":73,"column":11}},"loc":{"start":{"line":73,"column":4},"end":{"line":75,"column":5}}},"12":{"name":"(anonymous_13)","decl":{"start":{"line":77,"column":4},"end":{"line":77,"column":11}},"loc":{"start":{"line":77,"column":97},"end":{"line":83,"column":5}}},"13":{"name":"(anonymous_14)","decl":{"start":{"line":85,"column":4},"end":{"line":85,"column":11}},"loc":{"start":{"line":85,"column":4},"end":{"line":98,"column":5}}}},"branchMap":{"0":{"loc":{"start":{"line":45,"column":8},"end":{"line":47,"column":null}},"type":"if","locations":[{"start":{"line":45,"column":8},"end":{"line":47,"column":null}}]},"1":{"loc":{"start":{"line":67,"column":19},"end":{"line":67,"column":49}},"type":"cond-expr","locations":[{"start":{"line":67,"column":29},"end":{"line":67,"column":38}},{"start":{"line":67,"column":41},"end":{"line":67,"column":49}}]},"2":{"loc":{"start":{"line":77,"column":65},"end":{"line":77,"column":null}},"type":"if","locations":[{"start":{"line":77,"column":65},"end":{"line":77,"column":null}}]},"3":{"loc":{"start":{"line":79,"column":12},"end":{"line":81,"column":null}},"type":"if","locations":[{"start":{"line":79,"column":12},"end":{"line":81,"column":null}}]},"4":{"loc":{"start":{"line":79,"column":16},"end":{"line":79,"column":61}},"type":"binary-expr","locations":[{"start":{"line":79,"column":16},"end":{"line":79,"column":38}},{"start":{"line":79,"column":42},"end":{"line":79,"column":61}}]},"5":{"loc":{"start":{"line":86,"column":8},"end":{"line":89,"column":null}},"type":"if","locations":[{"start":{"line":86,"column":8},"end":{"line":89,"column":null}}]},"6":{"loc":{"start":{"line":91,"column":8},"end":{"line":94,"column":null}},"type":"if","locations":[{"start":{"line":91,"column":8},"end":{"line":94,"column":null}}]}},"s":{"0":4,"1":4,"2":4,"3":4,"4":90,"5":90,"6":90,"7":520,"8":90,"9":90,"10":100,"11":4,"12":620,"13":4,"14":1,"15":4,"16":11,"17":11,"18":11,"19":11,"20":4,"21":5,"22":0,"23":5,"24":5,"25":5,"26":4,"27":4,"28":4,"29":4,"30":4,"31":21,"32":21,"33":4,"34":2,"35":4,"36":76,"37":39,"38":39,"39":39,"40":221,"41":221,"42":221,"43":221,"44":221,"45":35,"46":4,"47":90,"48":90,"49":90,"50":90,"51":90,"52":90,"53":90,"54":90,"55":4,"56":4},"f":{"0":8,"1":90,"2":520,"3":100,"4":620,"5":1,"6":11,"7":5,"8":4,"9":4,"10":21,"11":2,"12":39,"13":90},"b":{"0":[0],"1":[5,16],"2":[37],"3":[35],"4":[221,101],"5":[90],"6":[90]}}
}
