TN:
SF:src/activeRecord.ts
FN:28,(anonymous_0)
FN:35,(anonymous_2)
FN:51,(anonymous_3)
FN:59,(anonymous_4)
FN:71,(anonymous_5)
FN:87,(anonymous_6)
FN:95,(anonymous_7)
FN:103,(anonymous_8)
FN:110,(anonymous_9)
FN:117,(anonymous_10)
FN:125,(anonymous_11)
FN:135,(anonymous_12)
FN:143,(anonymous_13)
FN:147,(anonymous_14)
FNF:14
FNH:14
FNDA:21,(anonymous_0)
FNDA:4,(anonymous_2)
FNDA:5,(anonymous_3)
FNDA:1,(anonymous_4)
FNDA:2,(anonymous_5)
FNDA:1,(anonymous_6)
FNDA:1,(anonymous_7)
FNDA:1,(anonymous_8)
FNDA:1,(anonymous_9)
FNDA:1,(anonymous_10)
FNDA:17,(anonymous_11)
FNDA:5,(anonymous_12)
FNDA:12,(anonymous_13)
FNDA:5,(anonymous_14)
DA:4,8
DA:16,8
DA:28,8
DA:29,13
DA:35,8
DA:36,4
DA:37,3
DA:44,1
DA:51,8
DA:52,5
DA:59,8
DA:60,1
DA:71,8
DA:72,2
DA:73,1
DA:80,1
DA:87,8
DA:88,1
DA:95,8
DA:96,1
DA:103,8
DA:104,1
DA:110,8
DA:111,1
DA:117,8
DA:118,1
DA:125,8
DA:126,17
DA:128,17
DA:130,17
DA:132,17
DA:135,8
DA:136,5
DA:138,5
DA:143,8
DA:144,12
DA:147,8
DA:148,5
DA:150,8
LF:39
LH:39
BRDA:36,0,0,3
BRDA:72,1,0,1
BRDA:87,2,0,0
BRDA:95,3,0,0
BRF:4
BRH:2
end_of_record
TN:
SF:src/base64Url.ts
FN:1,base64Unescape
FN:5,base64Escape
FN:12,base64UrlEncode
FN:16,base64UrlDecode
FNF:4
FNH:4
FNDA:259,base64Unescape
FNDA:349,base64Escape
FNDA:349,base64UrlEncode
FNDA:259,base64UrlDecode
DA:2,259
DA:6,349
DA:12,19
DA:13,349
DA:16,19
DA:17,259
LF:6
LH:6
BRF:0
BRH:0
end_of_record
TN:
SF:src/constants.ts
FNF:0
FNH:0
DA:1,10
DA:2,10
DA:3,10
DA:4,10
DA:5,10
LF:5
LH:5
BRF:0
BRH:0
end_of_record
TN:
SF:src/container.ts
FN:43,(anonymous_0)
FN:64,Container
FN:68,(anonymous_2)
FN:72,(anonymous_3)
FN:80,(anonymous_4)
FN:89,(anonymous_5)
FN:97,(anonymous_6)
FN:117,(anonymous_7)
FN:126,(anonymous_8)
FN:134,(anonymous_9)
FN:155,(anonymous_10)
FN:163,(anonymous_11)
FN:179,(anonymous_12)
FN:199,(anonymous_13)
FN:206,(anonymous_14)
FN:214,(anonymous_15)
FN:235,(anonymous_16)
FN:243,(anonymous_17)
FN:256,(anonymous_18)
FN:270,(anonymous_19)
FN:274,(anonymous_20)
FN:278,(anonymous_21)
FN:285,(anonymous_22)
FN:292,(anonymous_23)
FN:296,(anonymous_24)
FN:300,(anonymous_25)
FN:304,(anonymous_26)
FN:308,(anonymous_27)
FNF:28
FNH:27
FNDA:9,(anonymous_0)
FNDA:82,Container
FNDA:66,(anonymous_2)
FNDA:5,(anonymous_3)
FNDA:4,(anonymous_4)
FNDA:23,(anonymous_5)
FNDA:19,(anonymous_6)
FNDA:25,(anonymous_7)
FNDA:151,(anonymous_8)
FNDA:73,(anonymous_9)
FNDA:19,(anonymous_10)
FNDA:19,(anonymous_11)
FNDA:4,(anonymous_12)
FNDA:0,(anonymous_13)
FNDA:29,(anonymous_14)
FNDA:25,(anonymous_15)
FNDA:41,(anonymous_16)
FNDA:20,(anonymous_17)
FNDA:177,(anonymous_18)
FNDA:2,(anonymous_19)
FNDA:2,(anonymous_20)
FNDA:22,(anonymous_21)
FNDA:2,(anonymous_22)
FNDA:170,(anonymous_23)
FNDA:92,(anonymous_24)
FNDA:95,(anonymous_25)
FNDA:87,(anonymous_26)
FNDA:4,(anonymous_27)
DA:1,9
DA:2,9
DA:3,9
DA:4,9
DA:5,9
DA:8,9
DA:9,9
DA:10,9
DA:11,9
DA:12,9
DA:14,9
DA:16,9
DA:17,9
DA:43,9
DA:62,82
DA:65,82
DA:68,9
DA:69,66
DA:72,9
DA:73,5
DA:74,4
DA:77,5
DA:80,9
DA:81,4
DA:89,9
DA:90,23
DA:91,19
DA:94,23
DA:97,9
DA:98,19
DA:100,19
DA:109,19
DA:111,19
DA:112,19
DA:114,19
DA:117,9
DA:118,25
DA:119,21
DA:120,21
DA:123,25
DA:126,9
DA:127,151
DA:128,73
DA:131,151
DA:134,9
DA:135,73
DA:136,73
DA:137,73
DA:138,73
DA:139,73
DA:141,73
DA:143,73
DA:155,9
DA:156,19
DA:157,19
DA:160,19
DA:163,9
DA:164,19
DA:165,1
DA:168,18
DA:169,18
DA:171,18
DA:179,4
DA:199,18
DA:203,18
DA:206,9
DA:207,29
DA:208,25
DA:211,29
DA:214,9
DA:215,25
DA:216,7
DA:219,18
DA:220,1
DA:223,17
DA:225,17
DA:235,9
DA:236,41
DA:237,20
DA:240,41
DA:243,9
DA:244,20
DA:245,20
DA:247,20
DA:256,438
DA:257,177
DA:259,177
DA:260,45
DA:263,132
DA:264,2
DA:267,130
DA:270,9
DA:271,2
DA:274,9
DA:275,2
DA:278,48
DA:279,22
DA:285,9
DA:286,2
DA:292,348
DA:293,170
DA:296,9
DA:297,92
DA:300,9
DA:301,95
DA:304,9
DA:305,87
DA:308,9
DA:309,4
DA:311,5
DA:312,3
DA:314,6
DA:317,4
DA:318,4
DA:320,4
DA:323,5
DA:324,3
DA:325,3
DA:327,3
DA:328,3
DA:331,3
DA:333,3
DA:335,6
DA:338,4
DA:339,4
DA:340,4
DA:341,4
DA:342,4
DA:343,4
DA:344,4
DA:345,4
DA:347,4
DA:349,9
LF:133
LH:133
BRDA:73,0,0,4
BRDA:90,1,0,19
BRDA:106,2,0,19
BRDA:106,2,1,6
BRDA:118,3,0,21
BRDA:127,4,0,73
BRDA:156,5,0,19
BRDA:164,6,0,1
BRDA:207,7,0,25
BRDA:215,8,0,7
BRDA:219,9,0,1
BRDA:236,10,0,20
BRDA:257,11,0,95
BRDA:257,11,1,82
BRDA:259,12,0,45
BRDA:263,13,0,2
BRDA:311,14,0,1
BRDA:317,15,0,4
BRDA:323,16,0,1
BRDA:324,17,0,3
BRF:20
BRH:20
end_of_record
TN:
SF:src/context.ts
FN:23,tokenEquals
FN:27,(anonymous_1)
FN:36,Context
FN:44,(anonymous_3)
FN:57,(anonymous_4)
FN:78,(anonymous_5)
FN:89,(anonymous_6)
FN:93,(anonymous_7)
FN:99,(anonymous_8)
FN:105,(anonymous_9)
FN:109,(anonymous_10)
FN:123,(anonymous_11)
FNF:12
FNH:11
FNDA:52,tokenEquals
FNDA:12,(anonymous_1)
FNDA:90,Context
FNDA:90,(anonymous_3)
FNDA:0,(anonymous_4)
FNDA:12,(anonymous_5)
FNDA:104,(anonymous_6)
FNDA:2,(anonymous_7)
FNDA:64,(anonymous_8)
FNDA:125,(anonymous_9)
FNDA:30,(anonymous_10)
FNDA:22,(anonymous_11)
DA:1,12
DA:2,12
DA:3,12
DA:24,52
DA:27,12
DA:37,90
DA:38,90
DA:39,90
DA:40,90
DA:41,90
DA:44,90
DA:45,90
DA:46,90
DA:48,90
DA:49,90
DA:50,90
DA:53,90
DA:55,90
DA:57,90
DA:59,90
DA:61,8
DA:64,73
DA:65,73
DA:67,73
DA:71,9
DA:72,9
DA:74,9
DA:75,9
DA:78,9
DA:79,12
DA:80,3
DA:84,9
DA:89,12
DA:90,104
DA:93,12
DA:94,2
DA:96,2
DA:99,12
DA:100,64
DA:102,64
DA:105,12
DA:106,125
DA:109,12
DA:110,30
DA:112,30
DA:113,30
DA:115,30
DA:116,26
DA:123,12
DA:124,22
DA:125,22
DA:127,22
DA:128,11
DA:130,11
DA:136,12
LF:55
LH:55
BRDA:24,0,0,52
BRDA:24,0,1,46
BRDA:24,0,2,25
BRDA:24,0,3,20
BRDA:48,1,0,90
BRDA:59,2,0,8
BRDA:59,2,1,73
BRDA:59,2,2,9
BRDA:74,3,0,9
BRDA:79,4,0,3
BRDA:96,5,0,2
BRDA:96,5,1,2
BRDA:102,6,0,60
BRDA:102,6,1,4
BRDA:115,7,0,26
BRDA:127,8,0,11
BRF:16
BRH:16
end_of_record
TN:
SF:src/error.ts
FN:1,extractMessage
FN:13,formatMessage
FN:23,formatCause
FNF:3
FNH:3
FNDA:60,extractMessage
FNDA:60,formatMessage
FNDA:43,formatCause
DA:2,60
DA:3,22
DA:6,38
DA:7,30
DA:10,8
DA:13,37
DA:14,60
DA:16,60
DA:17,5
DA:20,55
DA:23,37
DA:24,43
DA:26,43
DA:27,2
DA:30,41
LF:15
LH:15
BRDA:2,0,0,22
BRDA:6,1,0,30
BRDA:6,2,0,38
BRDA:6,2,1,34
BRDA:16,3,0,5
BRDA:26,4,0,2
BRF:6
BRH:6
end_of_record
TN:
SF:src/evaluator.ts
FN:41,(anonymous_0)
FN:58,(anonymous_1)
FN:61,EvaluationError
FN:79,(anonymous_3)
FN:80,ExpressionError
FN:87,(anonymous_5)
FN:92,Evaluator
FN:99,(anonymous_7)
FN:125,(anonymous_10)
FN:128,(anonymous_11)
FN:145,(anonymous_12)
FN:152,(anonymous_13)
FN:168,(anonymous_14)
FN:182,(anonymous_15)
FNF:14
FNH:14
FNDA:12,(anonymous_0)
FNDA:12,(anonymous_1)
FNDA:11,EvaluationError
FNDA:12,(anonymous_3)
FNDA:5,ExpressionError
FNDA:12,(anonymous_5)
FNDA:15,Evaluator
FNDA:12,(anonymous_7)
FNDA:11,(anonymous_10)
FNDA:1,(anonymous_11)
FNDA:8,(anonymous_12)
FNDA:4,(anonymous_13)
FNDA:2,(anonymous_14)
FNDA:11,(anonymous_15)
DA:3,12
DA:4,12
DA:5,12
DA:41,12
DA:42,12
DA:43,12
DA:44,12
DA:45,12
DA:46,12
DA:47,12
DA:48,12
DA:58,12
DA:62,11
DA:64,11
DA:66,11
DA:68,12
DA:79,12
DA:81,5
DA:83,5
DA:85,12
DA:87,12
DA:88,12
DA:93,15
DA:99,22
DA:100,12
DA:102,12
DA:103,1
DA:115,1
DA:118,11
DA:119,11
DA:121,11
DA:122,1
DA:125,11
DA:126,11
DA:127,1
DA:129,1
DA:136,1
DA:142,11
DA:144,11
DA:146,8
DA:147,4
DA:149,4
DA:152,4
DA:153,4
DA:155,4
DA:159,3
DA:160,3
DA:163,1
DA:164,1
DA:169,2
DA:176,2
DA:182,12
DA:183,11
DA:184,11
DA:185,11
DA:187,10
DA:193,10
DA:199,12
LF:58
LH:58
BRDA:41,0,0,12
BRDA:41,0,1,12
BRDA:62,1,0,11
BRDA:62,1,1,0
BRDA:81,2,0,5
BRDA:81,2,1,0
BRDA:95,3,0,15
BRDA:95,3,1,0
BRDA:95,4,0,15
BRDA:95,4,1,15
BRDA:99,5,0,10
BRDA:102,6,0,1
BRDA:121,7,0,1
BRDA:126,8,0,1
BRDA:146,9,0,4
BRDA:155,10,0,1
BRDA:155,10,1,2
BRDA:155,10,2,3
BRDA:155,10,3,1
BRDA:190,11,0,10
BRDA:190,11,1,1
BRF:21
BRH:18
end_of_record
TN:
SF:src/eventManager.ts
FN:21,(anonymous_0)
FN:24,(anonymous_2)
FN:31,(anonymous_3)
FN:45,(anonymous_4)
FN:49,(anonymous_5)
FNF:5
FNH:5
FNDA:256,(anonymous_0)
FNDA:167,(anonymous_2)
FNDA:13,(anonymous_3)
FNDA:304,(anonymous_4)
FNDA:104,(anonymous_5)
DA:21,15
DA:22,241
DA:24,15
DA:25,167
DA:26,167
DA:28,167
DA:31,15
DA:32,13
DA:34,13
DA:35,2
DA:38,11
DA:40,11
DA:41,11
DA:45,15
DA:46,304
DA:48,304
DA:49,108
DA:52,15
LF:18
LH:18
BRDA:25,0,0,10
BRDA:25,0,1,157
BRDA:25,1,0,167
BRDA:25,1,1,167
BRDA:34,2,0,2
BRDA:40,3,0,11
BRDA:48,4,0,108
BRF:7
BRH:7
end_of_record
TN:
SF:src/index.ts
FN:4,(anonymous_0)
FN:4,(anonymous_1)
FNF:2
FNH:2
FNDA:1,(anonymous_0)
FNDA:82,(anonymous_1)
DA:1,2
DA:2,2
DA:4,84
LF:3
LH:3
BRF:0
BRH:0
end_of_record
TN:
SF:src/namespacedStorage.ts
FN:1,(anonymous_0)
FN:6,NamespacedStorage
FN:15,(anonymous_2)
FN:19,(anonymous_3)
FN:25,(anonymous_4)
FN:29,(anonymous_5)
FN:39,(anonymous_6)
FN:43,(anonymous_7)
FN:47,(anonymous_8)
FN:62,(anonymous_9)
FN:66,(anonymous_10)
FNF:11
FNH:11
FNDA:10,(anonymous_0)
FNDA:32,NamespacedStorage
FNDA:4,(anonymous_2)
FNDA:1,(anonymous_3)
FNDA:25,(anonymous_4)
FNDA:2,(anonymous_5)
FNDA:3,(anonymous_6)
FNDA:32,(anonymous_7)
FNDA:7,(anonymous_8)
FNDA:60,(anonymous_9)
FNDA:67,(anonymous_10)
DA:1,10
DA:7,32
DA:8,2
DA:11,30
DA:12,30
DA:15,10
DA:16,4
DA:19,10
DA:20,1
DA:21,1
DA:25,10
DA:26,25
DA:29,10
DA:30,2
DA:32,2
DA:33,1
DA:36,1
DA:39,10
DA:40,3
DA:43,10
DA:44,32
DA:47,10
DA:48,7
DA:49,7
DA:51,7
DA:52,12
DA:54,12
DA:55,5
DA:59,7
DA:62,10
DA:63,60
DA:66,10
DA:67,67
DA:69,10
LF:34
LH:34
BRDA:7,0,0,2
BRDA:32,1,0,1
BRDA:54,2,0,5
BRDA:54,3,0,12
BRDA:54,3,1,12
BRF:5
BRH:5
end_of_record
TN:
SF:src/sdk.ts
FN:29,validateConfiguration
FN:41,(anonymous_1)
FN:46,Sdk
FN:50,(anonymous_3)
FN:101,(anonymous_4)
FN:107,(anonymous_5)
FN:111,(anonymous_6)
FN:115,(anonymous_7)
FN:119,(anonymous_8)
FN:123,(anonymous_9)
FN:127,(anonymous_10)
FN:131,(anonymous_11)
FN:135,(anonymous_12)
FN:139,(anonymous_13)
FNF:14
FNH:14
FNDA:64,validateConfiguration
FNDA:8,(anonymous_1)
FNDA:62,Sdk
FNDA:64,(anonymous_3)
FNDA:3,(anonymous_4)
FNDA:1,(anonymous_5)
FNDA:23,(anonymous_6)
FNDA:16,(anonymous_7)
FNDA:1,(anonymous_8)
FNDA:13,(anonymous_9)
FNDA:27,(anonymous_10)
FNDA:1,(anonymous_11)
FNDA:1,(anonymous_12)
FNDA:3,(anonymous_13)
DA:1,8
DA:4,8
DA:5,8
DA:6,8
DA:30,64
DA:31,1
DA:34,63
DA:35,63
DA:37,1
DA:41,8
DA:47,62
DA:50,8
DA:51,64
DA:53,62
DA:55,62
DA:59,62
DA:60,1
DA:63,62
DA:72,62
DA:73,62
DA:75,62
DA:85,62
DA:86,62
DA:88,62
DA:89,62
DA:90,62
DA:92,62
DA:93,62
DA:94,62
DA:95,62
DA:96,62
DA:98,62
DA:101,8
DA:102,3
DA:104,3
DA:107,8
DA:108,1
DA:111,8
DA:112,23
DA:115,8
DA:116,16
DA:119,8
DA:120,1
DA:123,8
DA:124,13
DA:127,56
DA:128,27
DA:131,8
DA:132,1
DA:135,8
DA:136,1
DA:139,8
DA:140,3
DA:141,1
DA:144,2
DA:146,2
DA:147,2
DA:148,4
DA:150,2
DA:152,8
LF:60
LH:60
BRDA:30,0,0,1
BRDA:30,1,0,64
BRDA:30,1,1,63
BRDA:53,2,0,42
BRDA:53,2,1,20
BRDA:65,3,0,21
BRDA:65,3,1,41
BRDA:65,4,0,62
BRDA:65,4,1,62
BRDA:66,5,0,21
BRDA:66,5,1,41
BRDA:66,6,0,62
BRDA:66,6,1,62
BRDA:67,7,0,21
BRDA:67,7,1,41
BRDA:67,8,0,62
BRDA:67,8,1,62
BRDA:68,9,0,20
BRDA:68,9,1,42
BRDA:68,10,0,62
BRDA:68,10,1,62
BRDA:92,11,0,62
BRDA:92,11,1,0
BRDA:94,12,0,3
BRDA:94,12,1,59
BRDA:140,13,0,1
BRF:26
BRH:25
end_of_record
TN:
SF:src/sourceLocation.ts
FN:12,getLength
FN:16,getPosition
FN:20,getLocation
FNF:3
FNH:3
FNDA:18,getLength
FNDA:13,getPosition
FNDA:23,getLocation
DA:12,13
DA:13,18
DA:16,13
DA:17,13
DA:20,13
DA:21,23
DA:22,2
DA:25,21
DA:26,2
DA:32,19
DA:33,19
DA:34,19
DA:36,19
DA:37,107
DA:39,107
DA:40,15
DA:47,107
DA:48,13
DA:54,13
DA:57,94
DA:58,4
DA:59,4
DA:61,90
DA:65,19
DA:66,4
DA:73,19
DA:74,6
DA:81,19
LF:28
LH:28
BRDA:21,0,0,2
BRDA:25,1,0,2
BRDA:39,2,0,15
BRDA:47,3,0,13
BRDA:57,4,0,4
BRDA:57,4,1,90
BRDA:65,5,0,4
BRDA:73,6,0,6
BRF:8
BRH:8
end_of_record
TN:
SF:src/tab.ts
FN:26,(anonymous_0)
FN:35,Tab
FN:43,(anonymous_2)
FN:44,(anonymous_3)
FN:55,(anonymous_4)
FN:66,(anonymous_5)
FN:71,(anonymous_6)
FN:75,(anonymous_7)
FN:79,(anonymous_8)
FN:83,(anonymous_9)
FN:87,(anonymous_10)
FN:91,(anonymous_11)
FN:95,(anonymous_12)
FN:99,(anonymous_13)
FN:109,(anonymous_14)
FN:113,(anonymous_15)
FN:116,(anonymous_16)
FN:128,interceptPushState
FN:138,interceptReplaceState
FNF:19
FNH:19
FNDA:14,(anonymous_0)
FNDA:156,Tab
FNDA:156,(anonymous_2)
FNDA:14,(anonymous_3)
FNDA:19,(anonymous_4)
FNDA:250,(anonymous_5)
FNDA:162,(anonymous_6)
FNDA:5,(anonymous_7)
FNDA:20,(anonymous_8)
FNDA:20,(anonymous_9)
FNDA:2,(anonymous_10)
FNDA:162,(anonymous_11)
FNDA:11,(anonymous_12)
FNDA:416,(anonymous_13)
FNDA:283,(anonymous_14)
FNDA:156,(anonymous_15)
FNDA:1275,(anonymous_16)
FNDA:95,interceptPushState
FNDA:1180,interceptReplaceState
DA:1,14
DA:18,14
DA:26,14
DA:33,156
DA:36,156
DA:37,156
DA:38,156
DA:40,156
DA:43,156
DA:44,156
DA:45,14
DA:48,156
DA:49,156
DA:50,156
DA:51,156
DA:53,156
DA:56,19
DA:66,156
DA:67,250
DA:71,14
DA:72,162
DA:75,14
DA:76,5
DA:79,14
DA:80,20
DA:83,14
DA:84,20
DA:87,14
DA:88,2
DA:91,14
DA:92,162
DA:95,14
DA:96,11
DA:99,14
DA:100,416
DA:102,416
DA:103,41
DA:106,375
DA:109,14
DA:110,283
DA:113,14
DA:114,156
DA:116,156
DA:117,1275
DA:119,1275
DA:120,250
DA:122,250
DA:126,156
DA:128,475
DA:129,95
DA:131,95
DA:133,95
DA:136,156
DA:138,5900
DA:139,1180
DA:141,1180
DA:143,1180
DA:146,156
DA:148,14
LF:59
LH:59
BRDA:80,0,0,16
BRDA:80,0,1,4
BRDA:102,1,0,41
BRDA:119,2,0,250
BRF:4
BRH:4
end_of_record
TN:
SF:src/tracker.ts
FN:53,(anonymous_0)
FN:80,Tracker
FN:101,(anonymous_2)
FN:105,(anonymous_3)
FN:114,(anonymous_4)
FN:115,(anonymous_5)
FN:122,(anonymous_6)
FN:126,(anonymous_7)
FN:130,(anonymous_8)
FN:155,(anonymous_9)
FN:175,(anonymous_10)
FN:190,(anonymous_11)
FN:205,(anonymous_12)
FN:228,(anonymous_13)
FN:236,(anonymous_14)
FN:243,(anonymous_15)
FN:253,(anonymous_16)
FN:264,(anonymous_17)
FN:265,(anonymous_18)
FN:268,(anonymous_19)
FN:276,(anonymous_20)
FN:285,(anonymous_21)
FN:292,(anonymous_22)
FN:300,(anonymous_23)
FN:308,(anonymous_24)
FN:315,(anonymous_25)
FN:316,(anonymous_26)
FN:321,(anonymous_27)
FN:322,(anonymous_28)
FN:325,(anonymous_29)
FN:356,(anonymous_30)
FN:358,(anonymous_31)
FN:365,(anonymous_32)
FN:376,(anonymous_33)
FN:386,(anonymous_34)
FN:402,(anonymous_35)
FN:413,(anonymous_36)
FN:444,(anonymous_37)
FNF:38
FNH:38
FNDA:16,(anonymous_0)
FNDA:64,Tracker
FNDA:2,(anonymous_2)
FNDA:1,(anonymous_3)
FNDA:5,(anonymous_4)
FNDA:5,(anonymous_5)
FNDA:12,(anonymous_6)
FNDA:12,(anonymous_7)
FNDA:19,(anonymous_8)
FNDA:5,(anonymous_9)
FNDA:10,(anonymous_10)
FNDA:40,(anonymous_11)
FNDA:16,(anonymous_12)
FNDA:212,(anonymous_13)
FNDA:97,(anonymous_14)
FNDA:100,(anonymous_15)
FNDA:3,(anonymous_16)
FNDA:48,(anonymous_17)
FNDA:31,(anonymous_18)
FNDA:14,(anonymous_19)
FNDA:1,(anonymous_20)
FNDA:13,(anonymous_21)
FNDA:50,(anonymous_22)
FNDA:2,(anonymous_23)
FNDA:3,(anonymous_24)
FNDA:83,(anonymous_25)
FNDA:7,(anonymous_26)
FNDA:245,(anonymous_27)
FNDA:5,(anonymous_28)
FNDA:131,(anonymous_29)
FNDA:129,(anonymous_30)
FNDA:103,(anonymous_31)
FNDA:11,(anonymous_32)
FNDA:114,(anonymous_33)
FNDA:48,(anonymous_34)
FNDA:129,(anonymous_35)
FNDA:129,(anonymous_36)
FNDA:129,(anonymous_37)
DA:1,16
DA:4,16
DA:7,16
DA:51,16
DA:53,16
DA:66,64
DA:68,64
DA:70,64
DA:76,64
DA:80,64
DA:81,64
DA:82,64
DA:83,64
DA:84,64
DA:85,64
DA:86,64
DA:91,64
DA:92,64
DA:93,64
DA:94,64
DA:95,64
DA:96,64
DA:97,64
DA:98,64
DA:101,16
DA:102,2
DA:105,16
DA:106,1
DA:108,1
DA:109,2
DA:110,2
DA:114,16
DA:115,5
DA:119,5
DA:122,16
DA:123,12
DA:126,16
DA:127,12
DA:130,16
DA:131,19
DA:132,1
DA:135,18
DA:137,18
DA:139,18
DA:140,1
DA:143,17
DA:145,17
DA:146,16
DA:147,16
DA:150,17
DA:151,17
DA:152,17
DA:155,16
DA:156,5
DA:157,1
DA:160,4
DA:162,4
DA:164,4
DA:165,1
DA:168,3
DA:169,3
DA:170,3
DA:172,3
DA:175,16
DA:176,10
DA:177,1
DA:180,9
DA:182,9
DA:183,2
DA:184,2
DA:187,9
DA:190,16
DA:191,40
DA:192,37
DA:195,3
DA:197,3
DA:199,3
DA:200,1
DA:201,1
DA:205,16
DA:206,16
DA:207,14
DA:210,16
DA:212,16
DA:213,13
DA:215,13
DA:218,16
DA:219,14
DA:221,14
DA:228,16
DA:229,212
DA:230,5
DA:232,5
DA:236,97
DA:237,97
DA:239,97
DA:241,97
DA:243,97
DA:244,100
DA:245,90
DA:247,90
DA:250,10
DA:252,10
DA:254,3
DA:255,3
DA:261,97
DA:264,92
DA:265,48
DA:268,16
DA:269,14
DA:276,16
DA:277,1
DA:285,16
DA:286,13
DA:292,50
DA:293,50
DA:300,16
DA:301,2
DA:308,16
DA:309,3
DA:315,166
DA:316,83
DA:321,16
DA:322,245
DA:325,131
DA:326,131
DA:327,112
DA:330,131
DA:331,131
DA:337,131
DA:344,131
DA:345,2
DA:347,2
DA:349,2
DA:352,129
DA:354,129
DA:356,129
DA:357,129
DA:359,103
DA:361,103
DA:363,103
DA:366,11
DA:368,11
DA:370,11
DA:374,129
DA:376,129
DA:377,114
DA:380,129
DA:381,80
DA:386,16
DA:387,48
DA:388,6
DA:390,6
DA:399,42
DA:402,16
DA:403,129
DA:405,129
DA:413,16
DA:414,129
DA:415,115
DA:418,14
DA:419,2
DA:421,1
DA:436,13
DA:438,13
DA:444,16
DA:445,129
DA:447,6
DA:453,123
DA:456,16
LF:170
LH:170
BRDA:85,0,0,19
BRDA:85,0,1,45
BRDA:85,1,0,64
BRDA:85,1,1,64
BRDA:88,2,0,20
BRDA:88,2,1,44
BRDA:88,3,0,64
BRDA:88,3,1,64
BRDA:131,4,0,1
BRDA:139,5,0,1
BRDA:145,6,0,16
BRDA:156,7,0,1
BRDA:164,8,0,1
BRDA:176,9,0,1
BRDA:182,10,0,2
BRDA:191,11,0,37
BRDA:199,12,0,1
BRDA:206,13,0,14
BRDA:212,14,0,13
BRDA:212,15,0,16
BRDA:212,15,1,15
BRDA:218,16,0,14
BRDA:229,17,0,5
BRDA:244,18,0,90
BRDA:264,19,0,44
BRDA:272,20,0,0
BRDA:272,20,1,14
BRDA:304,21,0,1
BRDA:304,21,1,1
BRDA:315,22,0,83
BRDA:326,23,0,112
BRDA:334,24,0,18
BRDA:334,24,1,113
BRDA:344,25,0,2
BRDA:380,26,0,80
BRDA:380,27,0,129
BRDA:380,27,1,85
BRDA:387,28,0,6
BRDA:388,29,0,3
BRDA:388,29,1,3
BRDA:407,30,0,2
BRDA:407,30,1,127
BRDA:414,31,0,115
BRDA:418,32,0,1
BRDA:418,33,0,14
BRDA:418,33,1,1
BRDA:445,34,0,6
BRDA:445,34,1,123
BRF:48
BRH:47
end_of_record
TN:
SF:src/trackingEvents.ts
FN:423,isIdentifiedUserEvent
FN:427,isCartPartialEvent
FNF:2
FNH:2
FNDA:129,isIdentifiedUserEvent
FNDA:48,isCartPartialEvent
DA:76,16
DA:81,16
DA:87,16
DA:93,16
DA:99,16
DA:105,16
DA:110,16
DA:120,16
DA:423,16
DA:424,129
DA:427,16
DA:428,48
LF:12
LH:12
BRF:0
BRH:0
end_of_record
TN:
SF:src/transformer.ts
FN:5,encodeJson
FNF:1
FNH:1
FNDA:20,encodeJson
DA:5,9
DA:6,20
LF:2
LH:2
BRF:0
BRH:0
end_of_record
TN:
SF:src/uuid.ts
FN:1,uuid4
FNF:1
FNH:1
FNDA:332,uuid4
DA:1,474
DA:2,332
DA:4,332
DA:5,190
DA:6,190
DA:9,332
DA:10,9482
DA:15,1138
DA:16,1138
DA:20,332
DA:21,332
DA:24,8012
DA:26,8012
DA:28,332
DA:31,8012
DA:36,332
LF:16
LH:16
BRDA:1,0,0,142
BRDA:4,1,0,190
BRDA:10,2,0,142
BRDA:10,2,1,474
BRDA:10,2,2,806
BRDA:10,2,3,1138
BRDA:10,2,4,332
BRDA:10,2,5,8012
BRDA:26,3,0,332
BRF:9
BRH:9
end_of_record
TN:
SF:src/cache/fallbackCache.ts
FN:3,(anonymous_0)
FN:6,FallbackCache
FN:10,(anonymous_2)
FN:22,(anonymous_3)
FN:23,(anonymous_4)
FN:26,(anonymous_5)
FN:27,(anonymous_6)
FNF:7
FNH:7
FNDA:15,(anonymous_0)
FNDA:3,FallbackCache
FNDA:2,(anonymous_2)
FNDA:1,(anonymous_3)
FNDA:2,(anonymous_4)
FNDA:1,(anonymous_5)
FNDA:2,(anonymous_6)
DA:3,15
DA:6,12
DA:7,3
DA:10,15
DA:11,3
DA:12,3
DA:14,3
DA:15,1
DA:19,1
DA:22,15
DA:23,2
DA:26,15
DA:27,2
DA:29,15
LF:14
LH:14
BRDA:14,0,0,1
BRF:1
BRH:1
end_of_record
TN:
SF:src/cache/inMemoryCache.ts
FN:3,(anonymous_0)
FN:6,InMemoryCache
FN:10,(anonymous_2)
FN:14,(anonymous_3)
FN:18,(anonymous_4)
FNF:5
FNH:5
FNDA:15,(anonymous_0)
FNDA:7,InMemoryCache
FNDA:15,(anonymous_2)
FNDA:7,(anonymous_3)
FNDA:2,(anonymous_4)
DA:3,15
DA:7,7
DA:10,15
DA:11,15
DA:14,15
DA:15,7
DA:18,15
DA:19,2
DA:21,15
LF:9
LH:9
BRDA:11,0,0,8
BRDA:11,0,1,7
BRDA:11,1,0,15
BRDA:11,1,1,15
BRF:4
BRH:4
end_of_record
TN:
SF:src/cache/index.ts
FN:2,(anonymous_0)
FN:3,(anonymous_1)
FN:4,(anonymous_2)
FNF:3
FNH:3
FNDA:3,(anonymous_0)
FNDA:7,(anonymous_1)
FNDA:363,(anonymous_2)
DA:1,15
DA:2,18
DA:3,22
DA:4,378
LF:4
LH:4
BRF:0
BRH:0
end_of_record
TN:
SF:src/cache/localStorageCache.ts
FN:3,(anonymous_0)
FN:12,LocalStorageCache
FN:18,(anonymous_2)
FN:23,(anonymous_3)
FN:26,(anonymous_4)
FN:30,(anonymous_5)
FN:39,(anonymous_6)
FN:48,(anonymous_7)
FN:54,(anonymous_8)
FN:62,(anonymous_9)
FN:63,(anonymous_10)
FN:66,(anonymous_11)
FNF:12
FNH:12
FNDA:15,(anonymous_0)
FNDA:286,LocalStorageCache
FNDA:74,(anonymous_2)
FNDA:5,(anonymous_3)
FNDA:326,(anonymous_4)
FNDA:45,(anonymous_5)
FNDA:98,(anonymous_6)
FNDA:75,(anonymous_7)
FNDA:1,(anonymous_8)
FNDA:52,(anonymous_9)
FNDA:26,(anonymous_10)
FNDA:10,(anonymous_11)
DA:3,15
DA:10,286
DA:13,286
DA:14,286
DA:15,286
DA:18,15
DA:19,74
DA:21,74
DA:23,74
DA:26,15
DA:27,326
DA:30,15
DA:31,45
DA:33,45
DA:34,37
DA:35,37
DA:39,15
DA:40,98
DA:42,98
DA:43,6
DA:44,6
DA:48,15
DA:49,75
DA:50,75
DA:54,15
DA:55,1
DA:57,1
DA:58,1
DA:62,15
DA:63,52
DA:66,15
DA:67,10
DA:69,1
DA:78,9
DA:80,9
DA:81,9
DA:82,9
DA:85,15
LF:38
LH:38
BRDA:33,0,0,37
BRDA:42,1,0,6
BRDA:49,2,0,75
BRDA:57,3,0,1
BRDA:67,4,0,1
BRDA:67,5,0,10
BRDA:67,5,1,10
BRDA:67,5,2,10
BRDA:80,6,0,9
BRF:9
BRH:9
end_of_record
TN:
SF:src/channel/beaconSocketChannel.ts
FN:30,(anonymous_0)
FN:53,BeaconSocketChannel
FN:56,(anonymous_2)
FN:64,(anonymous_3)
FN:91,(anonymous_6)
FN:111,(anonymous_9)
FN:117,(anonymous_10)
FN:125,(anonymous_11)
FN:138,(anonymous_12)
FN:141,(anonymous_13)
FN:145,(anonymous_14)
FNF:11
FNH:10
FNDA:17,(anonymous_0)
FNDA:26,BeaconSocketChannel
FNDA:7,(anonymous_2)
FNDA:24,(anonymous_3)
FNDA:22,(anonymous_6)
FNDA:17,(anonymous_9)
FNDA:15,(anonymous_10)
FNDA:6,(anonymous_11)
FNDA:0,(anonymous_12)
FNDA:4,(anonymous_13)
FNDA:5,(anonymous_14)
DA:3,17
DA:30,17
DA:45,26
DA:51,26
DA:54,26
DA:55,26
DA:56,26
DA:57,26
DA:58,26
DA:59,26
DA:60,26
DA:61,26
DA:64,24
DA:65,24
DA:67,25
DA:68,44
DA:69,2
DA:71,2
DA:73,4
DA:76,22
DA:77,22
DA:80,12
DA:91,17
DA:92,22
DA:93,13
DA:95,11
DA:96,1
DA:99,11
DA:104,11
DA:106,11
DA:108,11
DA:111,17
DA:112,17
DA:113,17
DA:117,17
DA:118,15
DA:120,15
DA:121,15
DA:125,17
DA:128,6
DA:129,6
DA:131,1
DA:133,1
DA:136,10
DA:138,5
DA:140,5
DA:141,5
DA:145,17
DA:146,5
DA:147,3
DA:150,2
DA:152,17
LF:52
LH:52
BRDA:55,0,0,18
BRDA:55,0,1,8
BRDA:55,1,0,26
BRDA:55,1,1,26
BRDA:56,2,0,18
BRDA:56,2,1,8
BRDA:56,3,0,26
BRDA:56,3,1,26
BRDA:80,4,0,12
BRDA:67,5,0,1
BRDA:67,6,0,24
BRDA:67,6,1,20
BRDA:68,7,0,21
BRDA:95,8,0,1
BRDA:112,9,0,17
BRDA:120,10,0,15
BRDA:136,11,0,2
BRDA:136,11,1,3
BRDA:140,12,0,5
BRDA:146,13,0,3
BRF:20
BRH:20
end_of_record
TN:
SF:src/channel/encodedChannel.ts
FN:4,(anonymous_0)
FN:9,EncodedChannel
FN:14,(anonymous_2)
FN:15,(anonymous_3)
FN:18,(anonymous_4)
FNF:5
FNH:5
FNDA:17,(anonymous_0)
FNDA:20,EncodedChannel
FNDA:21,(anonymous_2)
FNDA:21,(anonymous_3)
FNDA:4,(anonymous_4)
DA:4,17
DA:10,20
DA:11,20
DA:14,21
DA:15,21
DA:18,17
DA:19,4
DA:21,17
LF:8
LH:8
BRF:0
BRH:0
end_of_record
TN:
SF:src/channel/guaranteedChannel.ts
FN:8,(anonymous_0)
FN:9,(anonymous_2)
FN:29,(anonymous_3)
FN:40,GuaranteedChannel
FN:50,(anonymous_5)
FN:55,(anonymous_6)
FN:63,(anonymous_7)
FN:82,(anonymous_8)
FN:93,(anonymous_9)
FN:99,(anonymous_10)
FN:111,(anonymous_11)
FN:124,(anonymous_12)
FNF:12
FNH:12
FNDA:36,(anonymous_0)
FNDA:16,(anonymous_2)
FNDA:17,(anonymous_3)
FNDA:23,GuaranteedChannel
FNDA:19,(anonymous_5)
FNDA:18,(anonymous_6)
FNDA:5,(anonymous_7)
FNDA:13,(anonymous_8)
FNDA:7,(anonymous_9)
FNDA:36,(anonymous_10)
FNDA:1,(anonymous_11)
FNDA:6,(anonymous_12)
DA:1,17
DA:8,17
DA:9,17
DA:10,16
DA:12,17
DA:29,17
DA:38,23
DA:40,23
DA:41,23
DA:42,23
DA:43,23
DA:44,23
DA:50,19
DA:51,19
DA:52,1
DA:55,18
DA:56,18
DA:60,18
DA:61,18
DA:63,18
DA:64,5
DA:65,4
DA:67,4
DA:69,4
DA:70,4
DA:72,4
DA:74,4
DA:76,4
DA:80,18
DA:82,18
DA:83,13
DA:84,13
DA:86,13
DA:88,13
DA:90,13
DA:93,18
DA:94,7
DA:95,1
DA:98,6
DA:100,36
DA:102,2
DA:108,6
DA:110,6
DA:112,1
DA:118,18
DA:120,18
DA:124,17
DA:125,6
DA:127,6
DA:129,17
LF:50
LH:50
BRDA:42,0,0,18
BRDA:42,0,1,5
BRDA:42,1,0,23
BRDA:42,1,1,23
BRDA:46,2,0,23
BRDA:46,2,1,0
BRDA:46,3,0,23
BRDA:46,3,1,23
BRDA:51,4,0,1
BRDA:64,5,0,4
BRDA:94,6,0,1
BRDA:100,7,0,2
BRF:12
BRH:11
end_of_record
TN:
SF:src/channel/index.ts
FN:2,(anonymous_0)
FN:3,(anonymous_1)
FN:4,(anonymous_2)
FN:5,(anonymous_3)
FN:6,(anonymous_4)
FN:7,(anonymous_5)
FN:8,(anonymous_6)
FNF:7
FNH:7
FNDA:26,(anonymous_0)
FNDA:20,(anonymous_1)
FNDA:18,(anonymous_2)
FNDA:27,(anonymous_3)
FNDA:25,(anonymous_4)
FNDA:25,(anonymous_5)
FNDA:18,(anonymous_6)
DA:1,17
DA:2,43
DA:3,37
DA:4,35
DA:5,44
DA:6,42
DA:7,42
DA:8,35
LF:8
LH:8
BRF:0
BRH:0
end_of_record
TN:
SF:src/channel/queuedChannel.ts
FN:5,(anonymous_0)
FN:16,QueuedChannel
FN:22,(anonymous_2)
FN:30,(anonymous_3)
FN:49,(anonymous_4)
FN:54,(anonymous_5)
FN:61,(anonymous_6)
FN:68,(anonymous_7)
FN:85,(anonymous_9)
FN:91,(anonymous_10)
FNF:10
FNH:10
FNDA:17,(anonymous_0)
FNDA:27,QueuedChannel
FNDA:26,(anonymous_2)
FNDA:28,(anonymous_3)
FNDA:20,(anonymous_4)
FNDA:25,(anonymous_5)
FNDA:13,(anonymous_6)
FNDA:24,(anonymous_7)
FNDA:6,(anonymous_9)
FNDA:6,(anonymous_10)
DA:3,17
DA:5,17
DA:14,27
DA:17,27
DA:18,27
DA:19,27
DA:22,17
DA:23,26
DA:24,22
DA:27,4
DA:30,28
DA:31,28
DA:32,2
DA:35,26
DA:36,1
DA:38,1
DA:41,25
DA:42,3
DA:47,25
DA:49,25
DA:51,25
DA:54,17
DA:55,25
DA:56,25
DA:58,25
DA:61,17
DA:62,13
DA:63,13
DA:65,13
DA:68,24
DA:69,24
DA:70,1
DA:73,23
DA:75,23
DA:76,19
DA:79,4
DA:81,4
DA:82,4
DA:84,6
DA:85,6
DA:88,4
DA:91,17
DA:92,6
DA:94,12
DA:96,8
DA:98,8
DA:104,17
LF:47
LH:47
BRDA:19,0,0,18
BRDA:19,0,1,9
BRDA:19,1,0,27
BRDA:19,1,1,27
BRDA:23,2,0,22
BRDA:31,3,0,2
BRDA:35,4,0,1
BRDA:41,5,0,3
BRDA:42,6,0,2
BRDA:42,6,1,1
BRDA:69,7,0,1
BRDA:75,8,0,19
BRDA:96,9,0,2
BRF:13
BRH:13
end_of_record
TN:
SF:src/channel/retryChannel.ts
FN:11,(anonymous_0)
FN:20,RetryChannel
FN:26,(anonymous_2)
FN:31,(anonymous_3)
FN:34,(anonymous_4)
FN:49,(anonymous_9)
FN:51,(anonymous_10)
FN:63,(anonymous_11)
FN:83,(anonymous_12)
FNF:9
FNH:9
FNDA:17,(anonymous_0)
FNDA:25,RetryChannel
FNDA:21,(anonymous_2)
FNDA:15,(anonymous_3)
FNDA:15,(anonymous_4)
FNDA:13,(anonymous_9)
FNDA:7,(anonymous_10)
FNDA:2,(anonymous_11)
FNDA:7,(anonymous_12)
DA:2,17
DA:11,17
DA:18,25
DA:20,25
DA:21,25
DA:22,25
DA:23,25
DA:26,21
DA:27,21
DA:28,1
DA:31,20
DA:34,17
DA:35,15
DA:37,17
DA:38,16
DA:39,2
DA:42,14
DA:44,14
DA:46,15
DA:47,13
DA:49,16
DA:50,13
DA:52,7
DA:54,1
DA:56,1
DA:62,13
DA:64,2
DA:66,2
DA:74,6
DA:76,2
DA:80,1
DA:83,17
DA:84,7
DA:86,7
DA:88,17
LF:35
LH:35
BRDA:23,0,0,18
BRDA:23,0,1,7
BRDA:23,1,0,25
BRDA:23,1,1,25
BRDA:27,2,0,1
BRDA:80,3,0,1
BRDA:74,4,0,3
BRDA:38,5,0,2
BRDA:46,6,0,1
BRDA:52,7,0,1
BRDA:37,8,0,1
BRF:11
BRH:11
end_of_record
TN:
SF:src/channel/sandboxChannel.ts
FN:3,(anonymous_0)
FN:10,(anonymous_2)
FN:16,(anonymous_3)
FN:17,(anonymous_4)
FN:20,(anonymous_5)
FN:26,(anonymous_6)
FN:34,(anonymous_7)
FN:40,(anonymous_8)
FNF:8
FNH:8
FNDA:42,(anonymous_0)
FNDA:24,(anonymous_2)
FNDA:7,(anonymous_3)
FNDA:6,(anonymous_4)
FNDA:11,(anonymous_5)
FNDA:5,(anonymous_6)
FNDA:6,(anonymous_7)
FNDA:4,(anonymous_8)
DA:3,17
DA:4,25
DA:6,25
DA:8,25
DA:10,17
DA:11,24
DA:13,24
DA:16,17
DA:17,7
DA:20,17
DA:21,11
DA:22,11
DA:26,17
DA:27,5
DA:29,5
DA:30,5
DA:34,17
DA:35,6
DA:37,6
DA:40,17
DA:41,4
DA:43,17
LF:22
LH:22
BRDA:21,0,0,11
BRDA:29,1,0,5
BRF:2
BRH:2
end_of_record
TN:
SF:src/channel/socketChannel.ts
FN:20,(anonymous_0)
FN:33,SocketChannel
FN:44,(anonymous_2)
FN:49,(anonymous_3)
FN:49,(anonymous_4)
FN:52,(anonymous_5)
FN:53,(anonymous_6)
FN:60,(anonymous_7)
FN:66,(anonymous_8)
FN:74,(anonymous_9)
FN:75,(anonymous_10)
FN:78,(anonymous_11)
FN:84,(anonymous_12)
FN:92,(anonymous_13)
FN:100,(anonymous_14)
FN:109,(anonymous_15)
FN:121,(anonymous_16)
FN:131,(anonymous_17)
FN:137,(anonymous_18)
FN:143,(anonymous_19)
FN:170,(anonymous_20)
FN:173,(anonymous_21)
FN:185,(anonymous_22)
FN:188,(anonymous_23)
FN:194,(anonymous_24)
FN:207,(anonymous_25)
FNF:26
FNH:25
FNDA:17,(anonymous_0)
FNDA:18,SocketChannel
FNDA:3,(anonymous_2)
FNDA:1,(anonymous_3)
FNDA:0,(anonymous_4)
FNDA:22,(anonymous_5)
FNDA:17,(anonymous_6)
FNDA:5,(anonymous_7)
FNDA:1,(anonymous_8)
FNDA:5,(anonymous_9)
FNDA:4,(anonymous_10)
FNDA:24,(anonymous_11)
FNDA:4,(anonymous_12)
FNDA:2,(anonymous_13)
FNDA:19,(anonymous_14)
FNDA:1,(anonymous_15)
FNDA:15,(anonymous_16)
FNDA:2,(anonymous_17)
FNDA:5,(anonymous_18)
FNDA:17,(anonymous_19)
FNDA:6,(anonymous_20)
FNDA:6,(anonymous_21)
FNDA:4,(anonymous_22)
FNDA:1,(anonymous_23)
FNDA:5,(anonymous_24)
FNDA:1,(anonymous_25)
DA:1,17
DA:3,17
DA:20,17
DA:27,18
DA:31,18
DA:33,18
DA:34,18
DA:35,18
DA:36,18
DA:44,17
DA:45,3
DA:46,2
DA:49,1
DA:52,22
DA:53,22
DA:54,17
DA:56,15
DA:60,17
DA:61,5
DA:62,5
DA:66,17
DA:67,1
DA:69,1
DA:70,1
DA:74,17
DA:75,5
DA:78,24
DA:79,24
DA:80,1
DA:83,23
DA:84,4
DA:85,4
DA:87,4
DA:88,2
DA:91,2
DA:94,2
DA:96,2
DA:100,19
DA:101,19
DA:103,19
DA:105,19
DA:106,1
DA:109,19
DA:110,1
DA:112,1
DA:114,1
DA:116,1
DA:119,19
DA:121,19
DA:122,15
DA:124,15
DA:126,15
DA:128,15
DA:131,19
DA:132,2
DA:133,2
DA:137,19
DA:138,5
DA:140,5
DA:143,19
DA:144,17
DA:146,17
DA:147,17
DA:149,17
DA:150,13
DA:153,17
DA:154,17
DA:155,17
DA:156,17
DA:158,17
DA:161,19
DA:162,19
DA:163,19
DA:164,19
DA:167,19
DA:170,17
DA:171,6
DA:173,6
DA:174,6
DA:176,6
DA:177,1
DA:179,1
DA:181,1
DA:184,5
DA:188,4
DA:189,1
DA:191,1
DA:194,4
DA:195,5
DA:197,5
DA:199,5
DA:202,4
DA:203,4
DA:205,4
DA:208,1
DA:210,1
DA:215,17
LF:97
LH:97
BRDA:35,0,0,5
BRDA:35,0,1,13
BRDA:35,1,0,18
BRDA:35,1,1,18
BRDA:38,2,0,1
BRDA:38,2,1,17
BRDA:38,3,0,18
BRDA:38,3,1,18
BRDA:39,4,0,1
BRDA:39,4,1,17
BRDA:39,5,0,18
BRDA:39,5,1,18
BRDA:40,6,0,0
BRDA:40,6,1,18
BRDA:40,7,0,18
BRDA:40,7,1,18
BRDA:45,8,0,2
BRDA:61,9,0,5
BRDA:69,10,0,1
BRDA:79,11,0,1
BRDA:83,12,0,4
BRDA:87,13,0,2
BRDA:105,14,0,1
BRDA:132,15,0,2
BRDA:146,16,0,17
BRDA:146,16,1,12
BRDA:149,17,0,13
BRDA:176,18,0,1
BRF:28
BRH:27
end_of_record
TN:
SF:src/cid/cachedAssigner.ts
FN:5,(anonymous_0)
FN:12,CachedAssigner
FN:18,(anonymous_2)
FNF:3
FNH:3
FNDA:14,(anonymous_0)
FNDA:19,CachedAssigner
FNDA:6,(anonymous_2)
DA:1,14
DA:5,14
DA:13,19
DA:14,19
DA:15,19
DA:18,14
DA:19,6
DA:21,6
DA:22,2
DA:24,2
DA:27,4
DA:29,3
DA:31,3
DA:33,3
DA:35,14
LF:15
LH:15
BRDA:15,0,0,18
BRDA:15,0,1,1
BRDA:15,1,0,19
BRDA:15,1,1,19
BRDA:21,2,0,2
BRF:5
BRH:5
end_of_record
TN:
SF:src/cid/fixedAssigner.ts
FN:3,(anonymous_0)
FN:6,FixedAssigner
FN:10,(anonymous_2)
FNF:3
FNH:3
FNDA:14,(anonymous_0)
FNDA:26,FixedAssigner
FNDA:29,(anonymous_2)
DA:3,14
DA:7,26
DA:10,14
DA:11,29
DA:13,14
LF:5
LH:5
BRF:0
BRH:0
end_of_record
TN:
SF:src/cid/index.ts
FN:2,(anonymous_0)
FN:3,(anonymous_1)
FN:4,(anonymous_2)
FNF:3
FNH:3
FNDA:19,(anonymous_0)
FNDA:26,(anonymous_1)
FNDA:20,(anonymous_2)
DA:1,14
DA:2,33
DA:3,40
DA:4,34
LF:4
LH:4
BRF:0
BRH:0
end_of_record
TN:
SF:src/cid/remoteAssigner.ts
FN:5,(anonymous_0)
FN:12,RemoteAssigner
FN:17,(anonymous_2)
FN:19,(anonymous_3)
FN:27,(anonymous_4)
FNF:5
FNH:5
FNDA:14,(anonymous_0)
FNDA:20,RemoteAssigner
FNDA:7,(anonymous_2)
FNDA:6,(anonymous_3)
FNDA:6,(anonymous_4)
DA:1,14
DA:2,14
DA:5,14
DA:13,20
DA:14,20
DA:17,14
DA:18,7
DA:19,6
DA:20,6
DA:24,7
DA:27,14
DA:28,6
DA:33,6
DA:35,5
DA:36,1
DA:38,1
DA:40,1
DA:43,4
DA:45,4
DA:47,14
LF:20
LH:20
BRDA:14,0,0,17
BRDA:14,0,1,3
BRDA:14,1,0,20
BRDA:14,1,1,20
BRDA:18,2,0,6
BRDA:35,3,0,1
BRF:6
BRH:6
end_of_record
TN:
SF:src/facade/evaluatorFacade.ts
FN:12,validate
FN:28,(anonymous_1)
FN:33,EvaluatorFacade
FN:38,(anonymous_3)
FN:52,(anonymous_4)
FN:53,(anonymous_6)
FN:62,(anonymous_7)
FN:65,TabContextFactory
FN:69,(anonymous_9)
FN:105,(anonymous_10)
FNF:10
FNH:10
FNDA:6,validate
FNDA:7,(anonymous_1)
FNDA:5,EvaluatorFacade
FNDA:8,(anonymous_3)
FNDA:12,(anonymous_4)
FNDA:2,(anonymous_6)
FNDA:7,(anonymous_7)
FNDA:3,TabContextFactory
FNDA:3,(anonymous_9)
FNDA:3,(anonymous_10)
DA:4,7
DA:5,7
DA:13,6
DA:14,2
DA:17,4
DA:18,4
DA:20,2
DA:28,7
DA:34,5
DA:35,5
DA:38,10
DA:39,8
DA:40,2
DA:43,6
DA:45,2
DA:50,7
DA:52,7
DA:53,7
DA:54,2
DA:55,1
DA:58,1
DA:60,7
DA:62,7
DA:66,3
DA:69,7
DA:70,3
DA:71,3
DA:73,3
DA:78,3
DA:80,3
DA:81,2
DA:84,3
DA:86,3
DA:88,3
DA:89,3
DA:92,3
DA:94,3
DA:95,2
DA:98,3
DA:99,2
DA:102,3
DA:105,7
DA:106,3
DA:108,10
DA:109,10
DA:111,2
DA:112,2
DA:115,2
DA:116,2
DA:119,2
DA:120,2
DA:123,2
DA:124,2
DA:127,2
DA:128,2
DA:132,3
DA:134,7
LF:57
LH:57
BRDA:13,0,0,2
BRDA:13,1,0,6
BRDA:13,1,1,6
BRDA:38,2,0,2
BRDA:39,3,0,2
BRDA:39,4,0,8
BRDA:39,4,1,8
BRDA:54,5,0,1
BRDA:80,6,0,2
BRDA:86,7,0,3
BRDA:86,7,1,0
BRDA:88,8,0,3
BRDA:94,9,0,2
BRDA:98,10,0,2
BRDA:98,11,0,3
BRDA:98,11,1,2
BRDA:109,12,0,2
BRDA:109,12,1,2
BRDA:109,12,2,2
BRDA:109,12,3,2
BRDA:109,12,4,2
BRF:21
BRH:20
end_of_record
TN:
SF:src/facade/index.ts
FN:1,(anonymous_0)
FN:1,(anonymous_1)
FN:1,(anonymous_2)
FN:2,(anonymous_3)
FN:3,(anonymous_4)
FN:4,(anonymous_5)
FN:5,(anonymous_6)
FN:6,(anonymous_7)
FN:7,(anonymous_8)
FNF:9
FNH:8
FNDA:4,(anonymous_0)
FNDA:5,(anonymous_1)
FNDA:2,(anonymous_2)
FNDA:0,(anonymous_3)
FNDA:3,(anonymous_4)
FNDA:2,(anonymous_5)
FNDA:22,(anonymous_6)
FNDA:4,(anonymous_7)
FNDA:2,(anonymous_8)
DA:1,12
DA:2,7
DA:3,10
DA:4,9
DA:5,29
DA:6,11
DA:7,9
LF:7
LH:7
BRF:0
BRH:0
end_of_record
TN:
SF:src/facade/sdkFacade.ts
FN:33,validateConfiguration
FN:45,(anonymous_1)
FN:56,SdkFacade
FN:60,(anonymous_3)
FN:95,(anonymous_4)
FN:99,(anonymous_5)
FN:103,(anonymous_6)
FN:111,(anonymous_7)
FN:119,(anonymous_8)
FN:127,(anonymous_9)
FN:138,(anonymous_10)
FN:144,(anonymous_11)
FN:158,(anonymous_12)
FN:162,(anonymous_13)
FN:168,(anonymous_14)
FN:172,(anonymous_15)
FN:214,(anonymous_16)
FN:238,(anonymous_17)
FN:239,(anonymous_18)
FN:244,(anonymous_19)
FN:248,(anonymous_20)
FN:252,(anonymous_21)
FN:256,(anonymous_22)
FNF:23
FNH:22
FNDA:48,validateConfiguration
FNDA:7,(anonymous_1)
FNDA:42,SdkFacade
FNDA:48,(anonymous_3)
FNDA:61,(anonymous_4)
FNDA:1,(anonymous_5)
FNDA:5,(anonymous_6)
FNDA:3,(anonymous_7)
FNDA:3,(anonymous_8)
FNDA:1,(anonymous_9)
FNDA:14,(anonymous_10)
FNDA:12,(anonymous_11)
FNDA:3,(anonymous_12)
FNDA:1,(anonymous_13)
FNDA:34,(anonymous_14)
FNDA:21,(anonymous_15)
FNDA:5,(anonymous_16)
FNDA:21,(anonymous_17)
FNDA:0,(anonymous_18)
FNDA:26,(anonymous_19)
FNDA:1,(anonymous_20)
FNDA:1,(anonymous_21)
FNDA:1,(anonymous_22)
DA:1,7
DA:2,7
DA:4,7
DA:5,7
DA:6,7
DA:7,7
DA:8,7
DA:9,7
DA:34,48
DA:35,2
DA:38,46
DA:39,46
DA:41,2
DA:45,7
DA:57,42
DA:60,7
DA:61,48
DA:63,132
DA:65,44
DA:66,2
DA:69,42
DA:78,42
DA:79,2
DA:80,40
DA:81,3
DA:82,1
DA:84,2
DA:88,42
DA:89,2
DA:92,42
DA:95,7
DA:96,61
DA:99,7
DA:100,1
DA:103,7
DA:104,5
DA:105,3
DA:108,5
DA:111,7
DA:112,3
DA:113,1
DA:116,3
DA:119,7
DA:120,3
DA:121,1
DA:124,3
DA:127,7
DA:128,1
DA:129,1
DA:135,1
DA:138,7
DA:139,14
DA:141,14
DA:145,12
DA:146,11
DA:153,1
DA:158,7
DA:159,3
DA:162,7
DA:163,1
DA:164,1
DA:168,7
DA:169,34
DA:172,7
DA:173,21
DA:175,21
DA:176,1
DA:179,20
DA:180,20
DA:181,20
DA:183,20
DA:184,4
DA:186,4
DA:188,4
DA:191,16
DA:192,2
DA:197,2
DA:200,16
DA:202,16
DA:203,15
DA:208,15
DA:211,16
DA:214,7
DA:215,5
DA:217,5
DA:218,1
DA:221,4
DA:222,4
DA:224,4
DA:225,4
DA:230,4
DA:233,4
DA:235,4
DA:238,7
DA:239,21
DA:244,54
DA:245,26
DA:248,7
DA:249,1
DA:252,7
DA:253,1
DA:256,7
DA:257,1
DA:259,7
LF:104
LH:104
BRDA:34,0,0,2
BRDA:34,1,0,48
BRDA:34,1,1,48
BRDA:63,2,0,3
BRDA:63,2,1,41
BRDA:65,3,0,2
BRDA:65,4,0,44
BRDA:65,4,1,4
BRDA:72,5,0,1
BRDA:72,5,1,41
BRDA:72,6,0,42
BRDA:72,6,1,42
BRDA:73,7,0,1
BRDA:73,7,1,41
BRDA:73,8,0,42
BRDA:73,8,1,42
BRDA:74,9,0,1
BRDA:74,9,1,41
BRDA:74,10,0,42
BRDA:74,10,1,42
BRDA:78,11,0,2
BRDA:78,11,1,40
BRDA:80,12,0,3
BRDA:81,13,0,1
BRDA:81,13,1,2
BRDA:88,14,0,2
BRDA:104,15,0,3
BRDA:112,16,0,1
BRDA:120,17,0,1
BRDA:128,18,0,1
BRDA:145,19,0,11
BRDA:163,20,0,1
BRDA:175,21,0,1
BRDA:175,22,0,21
BRDA:175,22,1,6
BRDA:179,23,0,3
BRDA:179,23,1,17
BRDA:179,24,0,20
BRDA:179,24,1,18
BRDA:179,25,0,15
BRDA:179,25,1,5
BRDA:179,26,0,20
BRDA:179,26,1,5
BRDA:183,27,0,4
BRDA:191,28,0,2
BRDA:202,29,0,15
BRDA:217,30,0,1
BRDA:224,31,0,4
BRF:48
BRH:48
end_of_record
TN:
SF:src/facade/sessionFacade.ts
FN:4,(anonymous_0)
FN:7,SessionFacade
FN:11,(anonymous_2)
FNF:3
FNH:3
FNDA:7,(anonymous_0)
FNDA:4,SessionFacade
FNDA:3,(anonymous_2)
DA:2,7
DA:4,7
DA:8,4
DA:11,7
DA:12,3
DA:14,7
LF:6
LH:6
BRF:0
BRH:0
end_of_record
TN:
SF:src/facade/sessionPatch.ts
FN:5,(anonymous_0)
FN:8,SessionPatch
FN:14,(anonymous_2)
FNF:3
FNH:3
FNDA:7,(anonymous_0)
FNDA:5,SessionPatch
FNDA:4,(anonymous_2)
DA:1,7
DA:5,7
DA:9,5
DA:11,5
DA:14,7
DA:15,4
DA:17,2
DA:23,2
DA:28,2
DA:30,2
DA:32,7
LF:11
LH:11
BRDA:9,0,0,5
BRDA:9,0,1,5
BRDA:15,1,0,2
BRF:3
BRH:3
end_of_record
TN:
SF:src/facade/trackerFacade.ts
FN:36,createEvent
FN:54,validateEvent
FN:68,(anonymous_2)
FN:71,TrackerFacade
FN:75,(anonymous_4)
FN:79,(anonymous_5)
FN:83,(anonymous_6)
FN:87,(anonymous_7)
FN:91,(anonymous_8)
FN:95,(anonymous_9)
FNF:10
FNH:10
FNDA:20,createEvent
FNDA:16,validateEvent
FNDA:7,(anonymous_2)
FNDA:25,TrackerFacade
FNDA:1,(anonymous_4)
FNDA:3,(anonymous_5)
FNDA:1,(anonymous_6)
FNDA:1,(anonymous_7)
FNDA:1,(anonymous_8)
FNDA:20,(anonymous_9)
DA:6,7
DA:8,7
DA:22,7
DA:37,20
DA:38,2
DA:41,18
DA:42,2
DA:45,16
DA:47,16
DA:49,12
DA:55,16
DA:57,16
DA:58,2
DA:61,14
DA:62,14
DA:64,2
DA:68,7
DA:72,25
DA:75,7
DA:76,1
DA:79,7
DA:80,3
DA:83,7
DA:84,1
DA:87,7
DA:88,1
DA:91,7
DA:92,1
DA:95,7
DA:96,20
DA:98,7
LF:31
LH:31
BRDA:37,0,0,2
BRDA:41,1,0,2
BRDA:41,2,0,18
BRDA:41,2,1,18
BRDA:57,3,0,2
BRF:5
BRH:5
end_of_record
TN:
SF:src/facade/userFacade.ts
FN:5,(anonymous_0)
FN:10,UserFacade
FN:15,(anonymous_2)
FN:19,(anonymous_3)
FN:23,(anonymous_4)
FNF:5
FNH:5
FNDA:7,(anonymous_0)
FNDA:5,UserFacade
FNDA:2,(anonymous_2)
FNDA:4,(anonymous_3)
FNDA:3,(anonymous_4)
DA:2,7
DA:5,7
DA:11,5
DA:12,5
DA:15,7
DA:16,2
DA:19,7
DA:20,4
DA:23,7
DA:24,3
DA:26,7
LF:11
LH:11
BRF:0
BRH:0
end_of_record
TN:
SF:src/facade/userPatch.ts
FN:5,(anonymous_0)
FN:8,UserPatch
FN:14,(anonymous_2)
FNF:3
FNH:3
FNDA:7,(anonymous_0)
FNDA:5,UserPatch
FNDA:4,(anonymous_2)
DA:1,7
DA:5,7
DA:9,5
DA:11,5
DA:14,7
DA:15,4
DA:17,2
DA:23,2
DA:28,2
DA:30,2
DA:32,7
LF:11
LH:11
BRDA:9,0,0,5
BRDA:9,0,1,5
BRDA:15,1,0,2
BRF:3
BRH:3
end_of_record
TN:
SF:src/logging/consoleLogger.ts
FN:7,(anonymous_0)
FN:10,ConsoleLogger
FN:14,(anonymous_2)
FN:18,(anonymous_3)
FN:22,(anonymous_4)
FN:26,(anonymous_5)
FN:30,(anonymous_6)
FNF:7
FNH:7
FNDA:34,(anonymous_0)
FNDA:10,ConsoleLogger
FNDA:4,(anonymous_2)
FNDA:4,(anonymous_3)
FNDA:4,(anonymous_4)
FNDA:4,(anonymous_5)
FNDA:16,(anonymous_6)
DA:7,34
DA:11,10
DA:14,34
DA:15,4
DA:18,34
DA:19,4
DA:22,34
DA:23,4
DA:26,34
DA:27,4
DA:30,34
DA:31,16
DA:32,12
DA:35,4
DA:37,34
LF:15
LH:15
BRDA:31,0,0,12
BRF:1
BRH:1
end_of_record
TN:
SF:src/logging/index.ts
FN:2,(anonymous_0)
FN:3,(anonymous_1)
FN:4,(anonymous_2)
FNF:3
FNH:3
FNDA:10,(anonymous_0)
FNDA:49,(anonymous_1)
FNDA:256,(anonymous_2)
DA:1,34
DA:2,44
DA:3,83
DA:4,290
LF:4
LH:4
BRF:0
BRH:0
end_of_record
TN:
SF:src/logging/namespacedLogger.ts
FN:3,(anonymous_0)
FN:8,NamespacedLogger
FN:13,(anonymous_2)
FN:17,(anonymous_3)
FN:21,(anonymous_4)
FN:25,(anonymous_5)
FN:29,(anonymous_6)
FNF:7
FNH:7
FNDA:34,(anonymous_0)
FNDA:49,NamespacedLogger
FNDA:196,(anonymous_2)
FNDA:61,(anonymous_3)
FNDA:4,(anonymous_4)
FNDA:7,(anonymous_5)
FNDA:268,(anonymous_6)
DA:3,34
DA:9,49
DA:10,49
DA:13,34
DA:14,196
DA:17,34
DA:18,61
DA:21,34
DA:22,4
DA:25,34
DA:26,7
DA:29,34
DA:30,268
DA:32,34
LF:14
LH:14
BRF:0
BRH:0
end_of_record
TN:
SF:src/logging/nullLogger.ts
FN:3,(anonymous_0)
FN:4,(anonymous_2)
FN:8,(anonymous_3)
FN:12,(anonymous_4)
FN:16,(anonymous_5)
FNF:5
FNH:5
FNDA:290,(anonymous_0)
FNDA:778,(anonymous_2)
FNDA:339,(anonymous_3)
FNDA:7,(anonymous_4)
FNDA:29,(anonymous_5)
DA:3,34
DA:4,34
DA:8,34
DA:12,34
DA:16,34
DA:19,34
LF:6
LH:6
BRF:0
BRH:0
end_of_record
TN:
SF:src/queue/capacityRestrictedQueue.ts
FN:3,(anonymous_0)
FN:8,CapacityRestrictedQueue
FN:13,(anonymous_2)
FN:17,(anonymous_3)
FN:21,(anonymous_4)
FN:25,(anonymous_5)
FN:29,(anonymous_6)
FN:33,(anonymous_7)
FN:41,(anonymous_8)
FNF:9
FNH:9
FNDA:14,(anonymous_0)
FNDA:42,CapacityRestrictedQueue
FNDA:1,(anonymous_2)
FNDA:107,(anonymous_3)
FNDA:22,(anonymous_4)
FNDA:129,(anonymous_5)
FNDA:1,(anonymous_6)
FNDA:62,(anonymous_7)
FNDA:9,(anonymous_8)
DA:3,14
DA:9,42
DA:10,42
DA:13,14
DA:14,1
DA:17,14
DA:18,107
DA:21,14
DA:22,22
DA:25,14
DA:26,129
DA:29,14
DA:30,1
DA:33,14
DA:34,62
DA:35,2
DA:38,60
DA:41,14
DA:42,9
DA:44,14
LF:20
LH:20
BRDA:34,0,0,2
BRF:1
BRH:1
end_of_record
TN:
SF:src/queue/inMemoryQueue.ts
FN:3,(anonymous_0)
FN:6,InMemoryQueue
FN:10,(anonymous_2)
FN:14,(anonymous_3)
FN:18,(anonymous_4)
FN:22,(anonymous_5)
FN:26,(anonymous_6)
FN:30,(anonymous_7)
FN:40,(anonymous_8)
FNF:9
FNH:9
FNDA:14,(anonymous_0)
FNDA:45,InMemoryQueue
FNDA:7,(anonymous_2)
FNDA:27,(anonymous_3)
FNDA:20,(anonymous_4)
FNDA:67,(anonymous_5)
FNDA:3,(anonymous_6)
FNDA:27,(anonymous_7)
FNDA:139,(anonymous_8)
DA:3,14
DA:4,45
DA:6,97
DA:7,45
DA:10,14
DA:11,7
DA:14,14
DA:15,27
DA:18,14
DA:19,20
DA:22,14
DA:23,67
DA:26,14
DA:27,3
DA:30,14
DA:31,27
DA:33,27
DA:34,6
DA:37,21
DA:40,14
DA:41,139
DA:43,14
LF:22
LH:22
BRDA:27,0,0,3
BRDA:27,0,1,0
BRDA:33,1,0,6
BRF:3
BRH:2
end_of_record
TN:
SF:src/queue/index.ts
FN:2,(anonymous_0)
FN:3,(anonymous_1)
FN:4,(anonymous_2)
FN:5,(anonymous_3)
FNF:4
FNH:4
FNDA:42,(anonymous_0)
FNDA:45,(anonymous_1)
FNDA:20,(anonymous_2)
FNDA:29,(anonymous_3)
DA:1,14
DA:2,56
DA:3,59
DA:4,34
DA:5,43
LF:5
LH:5
BRF:0
BRH:0
end_of_record
TN:
SF:src/queue/monitoredQueue.ts
FN:10,(anonymous_0)
FN:19,MonitoredQueue
FN:26,(anonymous_2)
FN:30,(anonymous_3)
FN:34,(anonymous_4)
FN:64,(anonymous_5)
FN:78,(anonymous_6)
FN:90,(anonymous_7)
FN:94,(anonymous_8)
FN:113,(anonymous_9)
FN:117,(anonymous_10)
FN:121,(anonymous_11)
FN:125,(anonymous_12)
FN:131,(anonymous_13)
FN:139,(anonymous_14)
FNF:15
FNH:15
FNDA:14,(anonymous_0)
FNDA:39,MonitoredQueue
FNDA:1,(anonymous_2)
FNDA:125,(anonymous_3)
FNDA:48,(anonymous_4)
FNDA:8,(anonymous_5)
FNDA:105,(anonymous_6)
FNDA:165,(anonymous_7)
FNDA:18,(anonymous_8)
FNDA:22,(anonymous_9)
FNDA:43,(anonymous_10)
FNDA:1,(anonymous_11)
FNDA:59,(anonymous_12)
FNDA:9,(anonymous_13)
FNDA:105,(anonymous_14)
DA:2,14
DA:10,14
DA:15,39
DA:20,39
DA:21,39
DA:23,39
DA:26,14
DA:27,1
DA:30,14
DA:31,125
DA:34,14
DA:35,48
DA:37,48
DA:38,48
DA:41,48
DA:43,48
DA:45,7
DA:46,7
DA:50,40
DA:51,20
DA:53,40
DA:57,1
DA:58,1
DA:60,1
DA:64,14
DA:65,8
DA:67,8
DA:68,1
DA:71,7
DA:73,7
DA:74,7
DA:78,14
DA:79,105
DA:80,14
DA:83,91
DA:85,91
DA:87,91
DA:90,165
DA:91,165
DA:93,165
DA:94,19
DA:97,165
DA:100,67
DA:101,67
DA:105,7
DA:106,7
DA:109,91
DA:113,14
DA:114,22
DA:117,14
DA:118,43
DA:121,14
DA:122,1
DA:125,14
DA:126,59
DA:128,59
DA:131,14
DA:132,9
DA:134,7
DA:136,7
DA:139,14
DA:140,105
DA:141,105
DA:143,105
DA:144,92
DA:145,43
DA:146,49
DA:147,33
DA:149,16
DA:152,92
DA:155,13
DA:156,4
DA:157,9
DA:158,3
DA:160,6
DA:163,14
LF:76
LH:76
BRDA:21,0,0,39
BRDA:21,0,1,0
BRDA:21,1,0,39
BRDA:21,1,1,39
BRDA:35,2,0,48
BRDA:35,2,1,48
BRDA:37,3,0,48
BRDA:43,4,0,7
BRDA:43,4,1,39
BRDA:43,4,2,40
BRDA:43,4,3,0
BRDA:43,4,4,1
BRDA:50,5,0,20
BRDA:57,6,0,1
BRDA:67,7,0,1
BRDA:73,8,0,7
BRDA:79,9,0,14
BRDA:93,10,0,19
BRDA:97,11,0,43
BRDA:97,11,1,67
BRDA:97,11,2,4
BRDA:97,11,3,7
BRDA:97,11,4,91
BRDA:143,12,0,92
BRDA:144,13,0,43
BRDA:144,13,1,49
BRDA:146,14,0,33
BRDA:146,14,1,16
BRDA:155,15,0,4
BRDA:155,15,1,9
BRDA:157,16,0,3
BRDA:157,16,1,6
BRF:32
BRH:30
end_of_record
TN:
SF:src/queue/persistentQueue.ts
FN:3,(anonymous_0)
FN:10,PersistentQueue
FN:15,(anonymous_2)
FN:19,(anonymous_3)
FN:23,(anonymous_4)
FN:27,(anonymous_5)
FN:31,(anonymous_6)
FN:37,(anonymous_7)
FN:47,(anonymous_8)
FN:59,(anonymous_9)
FN:67,(anonymous_10)
FN:71,(anonymous_11)
FNF:12
FNH:12
FNDA:14,(anonymous_0)
FNDA:29,PersistentQueue
FNDA:1,(anonymous_2)
FNDA:1,(anonymous_3)
FNDA:22,(anonymous_4)
FNDA:126,(anonymous_5)
FNDA:29,(anonymous_6)
FNDA:2,(anonymous_7)
FNDA:8,(anonymous_8)
FNDA:166,(anonymous_9)
FNDA:35,(anonymous_10)
FNDA:28,(anonymous_11)
DA:3,14
DA:10,38
DA:11,29
DA:12,29
DA:15,14
DA:16,1
DA:19,14
DA:20,1
DA:23,14
DA:24,22
DA:27,14
DA:28,126
DA:31,14
DA:32,29
DA:34,29
DA:37,14
DA:38,2
DA:40,2
DA:41,1
DA:44,1
DA:47,14
DA:48,8
DA:50,8
DA:51,2
DA:54,6
DA:56,6
DA:59,14
DA:60,166
DA:61,28
DA:64,166
DA:67,14
DA:68,35
DA:71,14
DA:72,28
DA:74,28
DA:75,27
DA:78,1
DA:79,1
DA:81,1
DA:84,14
LF:40
LH:40
BRDA:10,0,0,9
BRDA:40,1,0,1
BRDA:50,2,0,2
BRDA:60,3,0,28
BRDA:68,4,0,35
BRDA:68,4,1,0
BRDA:74,5,0,27
BRF:7
BRH:6
end_of_record
TN:
SF:src/retry/arbitraryPolicy.ts
FN:3,(anonymous_0)
FN:6,ArbitraryPolicy
FN:14,(anonymous_2)
FN:18,(anonymous_3)
FNF:4
FNH:4
FNDA:15,(anonymous_0)
FNDA:23,ArbitraryPolicy
FNDA:13,(anonymous_2)
FNDA:9,(anonymous_3)
DA:3,15
DA:7,23
DA:8,2
DA:11,21
DA:14,15
DA:15,13
DA:18,15
DA:19,9
DA:21,15
LF:9
LH:9
BRDA:7,0,0,2
BRDA:15,1,0,1
BRDA:15,1,1,12
BRF:3
BRH:3
end_of_record
TN:
SF:src/retry/backoffPolicy.ts
FN:11,(anonymous_0)
FN:22,BackoffPolicy
FN:63,(anonymous_2)
FN:81,(anonymous_3)
FNF:4
FNH:4
FNDA:15,(anonymous_0)
FNDA:34,BackoffPolicy
FNDA:120,(anonymous_2)
FNDA:16,(anonymous_3)
DA:11,15
DA:12,34
DA:14,34
DA:16,34
DA:18,34
DA:20,34
DA:22,34
DA:24,34
DA:25,34
DA:26,34
DA:27,34
DA:28,34
DA:29,170
DA:31,34
DA:32,4
DA:35,30
DA:36,2
DA:39,28
DA:40,2
DA:43,26
DA:44,2
DA:47,24
DA:48,2
DA:51,22
DA:52,22
DA:53,22
DA:54,22
DA:55,22
DA:63,15
DA:64,120
DA:66,120
DA:69,109
DA:70,109
DA:72,109
DA:76,120
DA:78,120
DA:81,15
DA:82,16
DA:84,15
LF:39
LH:39
BRDA:22,0,0,0
BRDA:24,1,0,0
BRDA:24,1,1,34
BRDA:25,2,0,0
BRDA:25,2,1,34
BRDA:26,3,0,0
BRDA:26,3,1,34
BRDA:27,4,0,0
BRDA:27,4,1,34
BRDA:28,5,0,18
BRDA:28,5,1,16
BRDA:31,6,0,4
BRDA:35,7,0,2
BRDA:39,8,0,2
BRDA:43,9,0,2
BRDA:47,10,0,2
BRDA:66,11,0,109
BRF:17
BRH:12
end_of_record
TN:
SF:src/retry/index.ts
FN:2,(anonymous_0)
FN:3,(anonymous_1)
FN:4,(anonymous_2)
FN:5,(anonymous_3)
FNF:4
FNH:4
FNDA:23,(anonymous_0)
FNDA:34,(anonymous_1)
FNDA:13,(anonymous_2)
FNDA:46,(anonymous_3)
DA:1,15
DA:2,38
DA:3,49
DA:4,28
DA:5,61
LF:5
LH:5
BRF:0
BRH:0
end_of_record
TN:
SF:src/retry/maxAttemptsPolicy.ts
FN:3,(anonymous_0)
FN:8,MaxAttemptsPolicy
FN:21,(anonymous_2)
FN:25,(anonymous_3)
FNF:4
FNH:4
FNDA:15,(anonymous_0)
FNDA:13,MaxAttemptsPolicy
FNDA:5,(anonymous_2)
FNDA:11,(anonymous_3)
DA:3,15
DA:9,13
DA:10,2
DA:13,11
DA:14,2
DA:17,9
DA:18,9
DA:21,15
DA:22,5
DA:25,15
DA:26,11
DA:28,15
LF:12
LH:12
BRDA:9,0,0,2
BRDA:13,1,0,2
BRF:2
BRH:2
end_of_record
TN:
SF:src/retry/neverPolicy.ts
FN:3,(anonymous_0)
FN:4,(anonymous_2)
FN:8,(anonymous_3)
FNF:3
FNH:3
FNDA:61,(anonymous_0)
FNDA:1,(anonymous_2)
FNDA:90,(anonymous_3)
DA:3,15
DA:4,15
DA:5,1
DA:8,15
DA:9,90
DA:11,15
LF:6
LH:6
BRF:0
BRH:0
end_of_record
TN:
SF:src/schema/attributeSchema.ts
FNF:0
FNH:0
DA:1,30
DA:3,30
LF:2
LH:2
BRF:0
BRH:0
end_of_record
TN:
SF:src/schema/contentSchemas.ts
FNF:0
FNH:0
DA:1,30
DA:3,30
LF:2
LH:2
BRF:0
BRH:0
end_of_record
TN:
SF:src/schema/contextSchemas.ts
FNF:0
FNH:0
DA:1,29
DA:3,29
LF:2
LH:2
BRF:0
BRH:0
end_of_record
TN:
SF:src/schema/ecommerceSchemas.ts
FNF:0
FNH:0
DA:1,29
DA:3,29
DA:45,29
DA:68,29
DA:106,29
DA:129,29
LF:6
LH:6
BRF:0
BRH:0
end_of_record
TN:
SF:src/schema/evaluationSchemas.ts
FNF:0
FNH:0
DA:1,29
DA:3,29
LF:2
LH:2
BRF:0
BRH:0
end_of_record
TN:
SF:src/schema/eventSchemas.ts
FNF:0
FNH:0
DA:1,29
DA:2,29
DA:3,29
DA:4,29
DA:6,29
DA:13,29
DA:20,29
DA:31,29
DA:38,29
DA:45,29
DA:56,29
DA:74,29
DA:88,29
DA:95,29
DA:104,29
LF:15
LH:15
BRF:0
BRH:0
end_of_record
TN:
SF:src/schema/index.ts
FNF:0
FNH:0
DA:1,29
DA:2,29
DA:3,29
DA:4,29
DA:5,29
DA:6,29
DA:7,29
DA:8,29
DA:9,29
DA:10,29
LF:10
LH:10
BRF:0
BRH:0
end_of_record
TN:
SF:src/schema/loggerSchema.ts
FNF:0
FNH:0
DA:1,29
DA:3,29
LF:2
LH:2
BRF:0
BRH:0
end_of_record
TN:
SF:src/schema/operationSchemas.ts
FNF:0
FNH:0
DA:1,29
DA:10,29
DA:12,29
DA:16,29
DA:20,29
DA:25,29
DA:30,29
DA:32,29
DA:34,29
DA:42,29
DA:50,29
DA:58,29
DA:66,29
DA:74,29
DA:82,29
DA:89,29
DA:96,29
LF:17
LH:17
BRF:0
BRH:0
end_of_record
TN:
SF:src/schema/sdkFacadeSchemas.ts
FNF:0
FNH:0
DA:1,29
DA:2,29
DA:3,29
DA:4,29
DA:6,29
LF:5
LH:5
BRF:0
BRH:0
end_of_record
TN:
SF:src/schema/sdkSchemas.ts
FNF:0
FNH:0
DA:1,29
DA:2,29
DA:3,29
DA:5,29
DA:17,29
LF:5
LH:5
BRF:0
BRH:0
end_of_record
TN:
SF:src/schema/tokenSchema.ts
FNF:0
FNH:0
DA:1,29
DA:3,29
LF:2
LH:2
BRF:0
BRH:0
end_of_record
TN:
SF:src/schema/userSchema.ts
FNF:0
FNH:0
DA:1,29
DA:2,29
DA:4,29
LF:3
LH:3
BRF:0
BRH:0
end_of_record
TN:
SF:src/token/cachedTokenStore.ts
FN:4,(anonymous_0)
FN:7,CachedTokenStore
FN:11,(anonymous_2)
FN:25,(anonymous_3)
FNF:4
FNH:4
FNDA:18,(anonymous_0)
FNDA:95,CachedTokenStore
FNDA:233,(anonymous_2)
FNDA:43,(anonymous_3)
DA:1,18
DA:4,18
DA:8,95
DA:11,18
DA:12,233
DA:14,233
DA:15,161
DA:18,72
DA:19,72
DA:21,1
DA:25,18
DA:26,43
DA:27,7
DA:29,7
DA:32,36
DA:34,18
LF:16
LH:16
BRDA:14,0,0,161
BRDA:26,1,0,7
BRF:2
BRH:2
end_of_record
TN:
SF:src/token/inMemoryTokenStore.ts
FN:3,(anonymous_0)
FN:6,(anonymous_2)
FN:10,(anonymous_3)
FNF:3
FNH:3
FNDA:75,(anonymous_0)
FNDA:138,(anonymous_2)
FNDA:17,(anonymous_3)
DA:3,18
DA:4,57
DA:6,18
DA:7,138
DA:10,18
DA:11,17
DA:13,18
LF:7
LH:7
BRF:0
BRH:0
end_of_record
TN:
SF:src/token/index.ts
FN:2,(anonymous_0)
FN:3,(anonymous_1)
FN:4,(anonymous_2)
FNF:3
FNH:3
FNDA:95,(anonymous_0)
FNDA:57,(anonymous_1)
FNDA:11,(anonymous_2)
DA:1,18
DA:2,113
DA:3,75
DA:4,29
LF:4
LH:4
BRF:0
BRH:0
end_of_record
TN:
SF:src/token/replicatedTokenStore.ts
FN:3,(anonymous_0)
FN:8,ReplicatedTokenStore
FN:13,(anonymous_2)
FN:17,(anonymous_3)
FNF:4
FNH:4
FNDA:18,(anonymous_0)
FNDA:11,ReplicatedTokenStore
FNDA:32,(anonymous_2)
FNDA:9,(anonymous_3)
DA:3,18
DA:9,11
DA:10,11
DA:13,18
DA:14,32
DA:17,18
DA:18,9
DA:19,9
DA:21,18
LF:9
LH:9
BRF:0
BRH:0
end_of_record
TN:
SF:src/token/token.ts
FN:21,(anonymous_0)
FN:28,Token
FN:34,(anonymous_2)
FN:62,(anonymous_3)
FN:99,(anonymous_4)
FN:103,(anonymous_5)
FN:107,(anonymous_6)
FN:111,(anonymous_7)
FN:115,(anonymous_8)
FN:119,(anonymous_9)
FN:123,(anonymous_10)
FN:127,(anonymous_11)
FN:144,(anonymous_12)
FN:147,FixedTokenProvider
FN:151,(anonymous_14)
FNF:15
FNH:15
FNDA:18,(anonymous_0)
FNDA:128,Token
FNDA:53,(anonymous_2)
FNDA:88,(anonymous_3)
FNDA:3,(anonymous_4)
FNDA:3,(anonymous_5)
FNDA:2,(anonymous_6)
FNDA:4,(anonymous_7)
FNDA:35,(anonymous_8)
FNDA:1,(anonymous_9)
FNDA:1,(anonymous_10)
FNDA:111,(anonymous_11)
FNDA:18,(anonymous_12)
FNDA:12,FixedTokenProvider
FNDA:13,(anonymous_14)
DA:1,18
DA:2,18
DA:3,18
DA:21,18
DA:28,177
DA:29,128
DA:30,128
DA:31,128
DA:34,18
DA:36,57
DA:37,87
DA:39,53
DA:40,2
DA:43,51
DA:44,2
DA:47,49
DA:62,18
DA:63,88
DA:64,2
DA:67,86
DA:70,86
DA:71,3
DA:79,83
DA:80,83
DA:81,81
DA:83,81
DA:84,81
DA:87,2
DA:90,81
DA:91,81
DA:93,2
DA:96,79
DA:99,18
DA:100,3
DA:103,18
DA:104,3
DA:107,18
DA:108,2
DA:111,18
DA:112,4
DA:115,18
DA:116,35
DA:119,18
DA:120,1
DA:123,18
DA:124,1
DA:127,18
DA:128,111
DA:129,111
DA:130,111
DA:132,111
DA:134,18
DA:144,18
DA:148,12
DA:151,18
DA:152,13
DA:154,18
LF:57
LH:57
BRDA:28,0,0,49
BRDA:36,1,0,4
BRDA:37,2,0,34
BRDA:39,3,0,2
BRDA:43,4,0,2
BRDA:57,5,0,41
BRDA:57,5,1,8
BRDA:63,6,0,2
BRDA:70,7,0,3
BRDA:83,8,0,81
BRDA:116,9,0,28
BRDA:116,9,1,7
BRF:12
BRH:12
end_of_record
TN:
SF:src/validation/arrayType.ts
FN:10,(anonymous_0)
FN:13,ArrayType
FN:21,(anonymous_2)
FN:25,(anonymous_3)
FN:29,(anonymous_4)
FNF:5
FNH:5
FNDA:42,(anonymous_0)
FNDA:371,ArrayType
FNDA:3,(anonymous_2)
FNDA:241,(anonymous_3)
FNDA:183,(anonymous_4)
DA:1,42
DA:2,42
DA:10,42
DA:13,380
DA:14,371
DA:21,42
DA:22,3
DA:25,42
DA:26,241
DA:29,202
DA:30,183
DA:31,8
DA:38,175
DA:39,175
DA:41,175
DA:42,12
DA:51,163
DA:52,12
DA:61,151
DA:62,2
DA:65,149
DA:66,250
DA:69,42
LF:23
LH:23
BRDA:13,0,0,9
BRDA:16,1,0,151
BRDA:16,1,1,220
BRDA:16,2,0,371
BRDA:16,2,1,371
BRDA:17,3,0,267
BRDA:17,3,1,104
BRDA:17,4,0,371
BRDA:17,4,1,371
BRDA:29,5,0,19
BRDA:30,6,0,8
BRDA:41,7,0,12
BRDA:41,8,0,175
BRDA:41,8,1,89
BRDA:43,9,0,0
BRDA:43,9,1,12
BRDA:44,10,0,12
BRDA:44,10,1,0
BRDA:51,11,0,12
BRDA:51,12,0,163
BRDA:51,12,1,82
BRDA:53,13,0,2
BRDA:53,13,1,10
BRDA:54,14,0,4
BRDA:54,14,1,8
BRDA:61,15,0,2
BRF:26
BRH:24
end_of_record
TN:
SF:src/validation/booleanType.ts
FN:4,(anonymous_0)
FN:5,(anonymous_2)
FN:9,(anonymous_3)
FN:13,(anonymous_4)
FNF:4
FNH:4
FNDA:434,(anonymous_0)
FNDA:13,(anonymous_2)
FNDA:398,(anonymous_3)
FNDA:215,(anonymous_4)
DA:1,42
DA:2,42
DA:4,42
DA:5,42
DA:6,13
DA:9,42
DA:10,398
DA:13,227
DA:14,215
DA:15,20
DA:22,42
LF:11
LH:11
BRDA:13,0,0,12
BRDA:14,1,0,20
BRF:2
BRH:2
end_of_record
TN:
SF:src/validation/functionType.ts
FN:4,(anonymous_0)
FN:5,(anonymous_2)
FN:9,(anonymous_3)
FN:13,(anonymous_4)
FNF:4
FNH:4
FNDA:230,(anonymous_0)
FNDA:1,(anonymous_2)
FNDA:81,(anonymous_3)
FNDA:74,(anonymous_4)
DA:1,42
DA:2,42
DA:4,42
DA:5,42
DA:6,1
DA:9,42
DA:10,81
DA:13,86
DA:14,74
DA:15,18
DA:22,42
LF:11
LH:11
BRDA:13,0,0,12
BRDA:14,1,0,18
BRF:2
BRH:2
end_of_record
TN:
SF:src/validation/index.ts
FN:3,(anonymous_0)
FN:4,(anonymous_1)
FN:5,(anonymous_2)
FN:6,(anonymous_3)
FN:6,(anonymous_4)
FN:6,(anonymous_5)
FN:6,(anonymous_6)
FN:7,(anonymous_7)
FN:8,(anonymous_8)
FN:9,(anonymous_9)
FN:10,(anonymous_10)
FN:11,(anonymous_11)
FN:12,(anonymous_12)
FNF:13
FNH:13
FNDA:371,(anonymous_0)
FNDA:392,(anonymous_1)
FNDA:188,(anonymous_2)
FNDA:20,(anonymous_3)
FNDA:50,(anonymous_4)
FNDA:110,(anonymous_5)
FNDA:144,(anonymous_6)
FNDA:1,(anonymous_7)
FNDA:276,(anonymous_8)
FNDA:1258,(anonymous_9)
FNDA:1356,(anonymous_10)
FNDA:2768,(anonymous_11)
FNDA:397,(anonymous_12)
DA:1,42
DA:2,42
DA:3,413
DA:4,434
DA:5,230
DA:6,186
DA:7,43
DA:8,318
DA:9,1300
DA:10,1398
DA:11,2810
DA:12,439
LF:12
LH:12
BRF:0
BRH:0
end_of_record
TN:
SF:src/validation/jsonType.ts
FN:5,isJsonPrimitive
FN:9,isJsonArray
FN:13,isJsonValue
FN:17,isJsonObject
FN:22,isPlainObject
FN:31,(anonymous_5)
FN:34,JsonObjectType
FN:38,(anonymous_7)
FN:42,(anonymous_8)
FN:46,(anonymous_9)
FN:77,(anonymous_10)
FN:80,JsonArrayType
FN:84,(anonymous_12)
FN:88,(anonymous_13)
FN:92,(anonymous_14)
FN:111,(anonymous_15)
FN:112,(anonymous_17)
FN:116,(anonymous_18)
FN:120,(anonymous_19)
FN:131,(anonymous_20)
FN:132,(anonymous_22)
FN:136,(anonymous_23)
FN:140,(anonymous_24)
FNF:23
FNH:23
FNDA:807,isJsonPrimitive
FNDA:146,isJsonArray
FNDA:395,isJsonValue
FNDA:179,isJsonObject
FNDA:299,isPlainObject
FNDA:42,(anonymous_5)
FNDA:110,JsonObjectType
FNDA:23,(anonymous_7)
FNDA:118,(anonymous_8)
FNDA:116,(anonymous_9)
FNDA:42,(anonymous_10)
FNDA:50,JsonArrayType
FNDA:23,(anonymous_12)
FNDA:139,(anonymous_13)
FNDA:43,(anonymous_14)
FNDA:186,(anonymous_15)
FNDA:55,(anonymous_17)
FNDA:404,(anonymous_18)
FNDA:212,(anonymous_19)
FNDA:62,(anonymous_20)
FNDA:3,(anonymous_22)
FNDA:8,(anonymous_23)
FNDA:11,(anonymous_24)
DA:2,42
DA:3,42
DA:6,807
DA:10,146
DA:14,395
DA:18,179
DA:23,299
DA:31,42
DA:34,159
DA:35,110
DA:38,42
DA:39,23
DA:42,42
DA:43,118
DA:46,140
DA:47,116
DA:48,18
DA:55,98
DA:56,5
DA:59,163
DA:60,163
DA:62,163
DA:63,160
DA:66,141
DA:67,140
DA:71,42
DA:77,42
DA:80,69
DA:81,50
DA:84,42
DA:85,23
DA:88,42
DA:89,139
DA:92,64
DA:93,43
DA:94,16
DA:101,27
DA:102,2
DA:105,25
DA:106,69
DA:109,42
DA:111,42
DA:112,42
DA:113,55
DA:116,42
DA:117,404
DA:120,227
DA:121,212
DA:122,44
DA:129,42
DA:131,42
DA:132,42
DA:133,3
DA:136,42
DA:137,8
DA:140,42
DA:141,11
DA:142,2
DA:149,42
LF:59
LH:59
BRDA:6,0,0,807
BRDA:6,0,1,727
BRDA:6,0,2,545
BRDA:6,0,3,463
BRDA:10,1,0,146
BRDA:10,1,1,67
BRDA:14,2,0,395
BRDA:14,2,1,103
BRDA:14,2,2,63
BRDA:18,3,0,179
BRDA:18,3,1,159
BRDA:34,4,0,49
BRDA:46,5,0,24
BRDA:47,6,0,18
BRDA:55,7,0,5
BRDA:55,8,0,98
BRDA:55,8,1,8
BRDA:62,9,0,160
BRDA:66,10,0,140
BRDA:80,11,0,19
BRDA:92,12,0,21
BRDA:93,13,0,16
BRDA:101,14,0,2
BRDA:120,15,0,15
BRDA:121,16,0,44
BRDA:137,17,0,8
BRDA:137,17,1,3
BRDA:137,17,2,2
BRDA:140,18,0,11
BRDA:141,19,0,2
BRF:30
BRH:30
end_of_record
TN:
SF:src/validation/mixedSchema.ts
FN:3,(anonymous_0)
FN:4,(anonymous_2)
FNF:2
FNH:2
FNDA:1222,(anonymous_0)
FNDA:3882,(anonymous_2)
DA:3,42
DA:4,42
DA:7,42
LF:3
LH:3
BRF:0
BRH:0
end_of_record
TN:
SF:src/validation/nullType.ts
FN:4,(anonymous_0)
FN:5,(anonymous_2)
FN:9,(anonymous_3)
FN:13,(anonymous_4)
FNF:4
FNH:4
FNDA:318,(anonymous_0)
FNDA:15,(anonymous_2)
FNDA:192,(anonymous_3)
FNDA:24,(anonymous_4)
DA:1,42
DA:2,42
DA:4,42
DA:5,42
DA:6,15
DA:9,42
DA:10,192
DA:13,42
DA:14,24
DA:15,10
DA:22,42
LF:11
LH:11
BRDA:13,0,0,11
BRDA:14,1,0,10
BRF:2
BRH:2
end_of_record
TN:
SF:src/validation/numberType.ts
FN:10,(anonymous_0)
FN:13,NumberType
FN:22,(anonymous_2)
FN:26,(anonymous_3)
FN:30,(anonymous_4)
FNF:5
FNH:5
FNDA:42,(anonymous_0)
FNDA:1258,NumberType
FNDA:98,(anonymous_2)
FNDA:1018,(anonymous_3)
FNDA:849,(anonymous_4)
DA:1,42
DA:2,42
DA:10,42
DA:13,1791
DA:14,1258
DA:22,42
DA:23,98
DA:26,42
DA:27,1018
DA:30,867
DA:31,849
DA:32,76
DA:34,76
DA:41,773
DA:42,50
DA:50,723
DA:51,2
DA:59,42
LF:18
LH:18
BRDA:13,0,0,533
BRDA:16,1,0,61
BRDA:16,1,1,1197
BRDA:16,2,0,1258
BRDA:16,2,1,1258
BRDA:17,3,0,698
BRDA:17,3,1,560
BRDA:17,4,0,1258
BRDA:17,4,1,1258
BRDA:18,5,0,2
BRDA:18,5,1,1256
BRDA:18,6,0,1258
BRDA:18,6,1,1258
BRDA:23,7,0,8
BRDA:23,7,1,90
BRDA:27,8,0,1018
BRDA:27,8,1,844
BRDA:27,8,2,38
BRDA:30,9,0,18
BRDA:31,10,0,76
BRDA:41,11,0,50
BRDA:50,12,0,2
BRF:22
BRH:22
end_of_record
TN:
SF:src/validation/objectType.ts
FN:19,(anonymous_0)
FN:22,ObjectType
FN:34,(anonymous_2)
FN:42,(anonymous_3)
FN:50,(anonymous_4)
FNF:5
FNH:5
FNDA:42,(anonymous_0)
FNDA:1356,ObjectType
FNDA:35,(anonymous_2)
FNDA:1759,(anonymous_3)
FNDA:1725,(anonymous_4)
DA:1,42
DA:2,42
DA:3,42
DA:19,42
DA:22,1366
DA:23,1356
DA:34,42
DA:35,35
DA:36,4
DA:39,31
DA:42,42
DA:43,1759
DA:44,6
DA:47,1753
DA:50,2833
DA:51,1725
DA:52,34
DA:54,34
DA:62,1691
DA:64,1691
DA:66,1691
DA:67,10
DA:76,1681
DA:77,12
DA:86,1669
DA:88,3114
DA:89,3114
DA:90,99
DA:96,4035
DA:97,4035
DA:99,4035
DA:101,4017
DA:103,4017
DA:104,3851
DA:106,3175
DA:108,3175
DA:111,166
DA:112,4
DA:117,162
DA:118,154
DA:122,824
DA:124,824
DA:125,8
DA:127,8
DA:128,8
DA:132,42
LF:46
LH:46
BRDA:22,0,0,10
BRDA:25,1,0,1039
BRDA:25,1,1,317
BRDA:25,2,0,1356
BRDA:25,2,1,1356
BRDA:26,3,0,933
BRDA:26,3,1,423
BRDA:26,4,0,1356
BRDA:26,4,1,1356
BRDA:27,5,0,337
BRDA:27,5,1,1019
BRDA:27,6,0,1356
BRDA:27,6,1,1356
BRDA:28,7,0,177
BRDA:28,7,1,1179
BRDA:28,8,0,1356
BRDA:28,8,1,1356
BRDA:29,9,0,119
BRDA:29,9,1,1237
BRDA:29,10,0,1356
BRDA:29,10,1,1356
BRDA:30,11,0,177
BRDA:30,11,1,1179
BRDA:30,12,0,1356
BRDA:30,12,1,1356
BRDA:35,13,0,4
BRDA:43,14,0,6
BRDA:50,15,0,1108
BRDA:51,16,0,34
BRDA:66,17,0,10
BRDA:66,18,0,1691
BRDA:66,18,1,25
BRDA:68,19,0,0
BRDA:68,19,1,10
BRDA:69,20,0,10
BRDA:69,20,1,0
BRDA:76,21,0,12
BRDA:76,22,0,1681
BRDA:76,22,1,114
BRDA:78,23,0,2
BRDA:78,23,1,10
BRDA:79,24,0,4
BRDA:79,24,1,8
BRDA:89,25,0,99
BRDA:103,26,0,3851
BRDA:111,27,0,4
BRDA:117,28,0,154
BRDA:124,29,0,8
BRDA:127,30,0,8
BRDA:127,31,0,8
BRDA:127,31,1,8
BRF:51
BRH:49
end_of_record
TN:
SF:src/validation/schema.ts
FN:11,(anonymous_0)
FN:16,Violation
FNF:2
FNH:2
FNDA:42,(anonymous_0)
FNDA:959,Violation
DA:11,42
DA:17,959
DA:18,959
DA:19,959
DA:21,42
LF:5
LH:5
BRDA:17,0,0,959
BRDA:17,0,1,0
BRF:2
BRH:1
end_of_record
TN:
SF:src/validation/stringType.ts
FN:9,pointer
FN:12,identifier
FN:15,uuid
FN:18,date
FN:21,url
FN:31,uriReference
FN:53,(anonymous_6)
FN:56,StringType
FN:65,(anonymous_8)
FN:69,(anonymous_9)
FN:73,(anonymous_10)
FNF:11
FNH:11
FNDA:243,pointer
FNDA:314,identifier
FNDA:287,uuid
FNDA:12,date
FNDA:125,url
FNDA:9,uriReference
FNDA:42,(anonymous_6)
FNDA:2768,StringType
FNDA:26,(anonymous_8)
FNDA:2913,(anonymous_9)
FNDA:2686,(anonymous_10)
DA:1,42
DA:2,42
DA:8,42
DA:10,243
DA:13,314
DA:16,287
DA:19,12
DA:22,125
DA:24,125
DA:26,36
DA:29,89
DA:32,9
DA:36,9
DA:38,0
DA:41,9
DA:53,42
DA:56,3000
DA:57,2768
DA:65,42
DA:66,26
DA:69,42
DA:70,2913
DA:73,2822
DA:74,2686
DA:75,58
DA:82,2628
DA:84,2628
DA:85,96
DA:94,2532
DA:95,120
DA:104,2412
DA:106,2412
DA:107,12
DA:120,2400
DA:122,2400
DA:123,168
DA:126,2232
DA:127,10
DA:130,42
LF:39
LH:38
BRDA:56,0,0,232
BRDA:59,1,0,1431
BRDA:59,1,1,1337
BRDA:59,2,0,2768
BRDA:59,2,1,2768
BRDA:60,3,0,1722
BRDA:60,3,1,1046
BRDA:60,4,0,2768
BRDA:60,4,1,2768
BRDA:61,5,0,95
BRDA:61,5,1,2673
BRDA:61,6,0,2768
BRDA:61,6,1,2768
BRDA:73,7,0,136
BRDA:74,8,0,58
BRDA:84,9,0,96
BRDA:84,10,0,2628
BRDA:84,10,1,957
BRDA:86,11,0,0
BRDA:86,11,1,96
BRDA:87,12,0,94
BRDA:87,12,1,2
BRDA:94,13,0,120
BRDA:94,14,0,2532
BRDA:94,14,1,1117
BRDA:96,15,0,2
BRDA:96,15,1,118
BRDA:97,16,0,0
BRDA:97,16,1,120
BRDA:106,17,0,12
BRDA:106,18,0,2412
BRDA:106,18,1,99
BRDA:110,19,0,0
BRDA:110,19,1,12
BRDA:122,20,0,168
BRDA:122,21,0,2400
BRDA:122,21,1,990
BRDA:126,22,0,10
BRDA:126,23,0,2232
BRDA:126,23,1,51
BRF:40
BRH:37
end_of_record
TN:
SF:src/validation/unionType.ts
FN:4,(anonymous_0)
FN:7,UnionType
FN:11,(anonymous_2)
FN:25,(anonymous_3)
FN:35,(anonymous_4)
FNF:5
FNH:5
FNDA:42,(anonymous_0)
FNDA:397,UnionType
FNDA:47,(anonymous_2)
FNDA:8,(anonymous_3)
FNDA:511,(anonymous_4)
DA:1,42
DA:2,42
DA:4,42
DA:7,1490
DA:8,397
DA:11,42
DA:12,47
DA:14,128
DA:15,158
DA:16,158
DA:17,158
DA:22,47
DA:25,42
DA:26,15
DA:27,15
DA:28,3
DA:32,5
DA:35,522
DA:36,1199
DA:37,1199
DA:38,465
DA:40,355
DA:44,46
DA:46,46
DA:53,42
LF:25
LH:25
BRDA:16,0,0,158
BRDA:27,1,0,3
BRDA:35,2,0,11
BRDA:37,3,0,465
BRF:4
BRH:4
end_of_record
TN:
SF:src/validation/violation.ts
FN:1,describe
FN:22,formatPath
FNF:2
FNH:2
FNDA:359,describe
FNDA:958,formatPath
DA:1,43
DA:2,359
DA:3,65
DA:6,294
DA:7,61
DA:10,233
DA:11,70
DA:14,163
DA:16,73
DA:19,90
DA:22,43
DA:23,958
LF:12
LH:12
BRDA:2,0,0,65
BRDA:6,1,0,61
BRDA:10,2,0,70
BRDA:11,3,0,55
BRDA:11,3,1,15
BRDA:14,4,0,73
BRF:6
BRH:6
end_of_record
TN:
SF:test/utils/dumbStorage.ts
FN:1,(anonymous_0)
FN:6,DumbStorage
FN:10,(anonymous_2)
FN:14,(anonymous_3)
FN:18,(anonymous_4)
FN:30,(anonymous_5)
FN:40,(anonymous_6)
FN:44,(anonymous_7)
FNF:8
FNH:7
FNDA:4,(anonymous_0)
FNDA:40,DumbStorage
FNDA:0,(anonymous_2)
FNDA:20,(anonymous_3)
FNDA:52,(anonymous_4)
FNDA:15,(anonymous_5)
FNDA:21,(anonymous_6)
FNDA:33,(anonymous_7)
DA:1,4
DA:2,40
DA:4,40
DA:6,79
DA:7,40
DA:10,4
DA:11,0
DA:14,4
DA:15,20
DA:18,4
DA:19,52
DA:20,1
DA:23,51
DA:24,43
DA:27,8
DA:30,4
DA:31,15
DA:33,15
DA:34,1
DA:37,14
DA:40,4
DA:41,21
DA:44,4
DA:45,33
DA:47,4
LF:25
LH:24
BRDA:6,0,0,39
BRDA:19,1,0,1
BRDA:23,2,0,43
BRDA:33,3,0,1
BRF:4
BRH:4
end_of_record
TN:
SF:test/utils/tabEventEmulator.ts
FN:3,(anonymous_0)
FN:12,(anonymous_2)
FN:15,(anonymous_3)
FN:21,(anonymous_4)
FN:26,(anonymous_5)
FN:30,(anonymous_6)
FN:34,(anonymous_7)
FN:44,(anonymous_8)
FN:56,(anonymous_9)
FN:60,(anonymous_10)
FN:64,(anonymous_11)
FN:73,(anonymous_12)
FN:77,(anonymous_13)
FN:85,(anonymous_14)
FNF:14
FNH:14
FNDA:8,(anonymous_0)
FNDA:90,(anonymous_2)
FNDA:520,(anonymous_3)
FNDA:100,(anonymous_4)
FNDA:620,(anonymous_5)
FNDA:1,(anonymous_6)
FNDA:11,(anonymous_7)
FNDA:5,(anonymous_8)
FNDA:4,(anonymous_9)
FNDA:4,(anonymous_10)
FNDA:21,(anonymous_11)
FNDA:2,(anonymous_12)
FNDA:39,(anonymous_13)
FNDA:90,(anonymous_14)
DA:3,4
DA:4,4
DA:6,4
DA:12,90
DA:13,90
DA:15,90
DA:16,520
DA:19,90
DA:21,90
DA:22,100
DA:26,4
DA:27,620
DA:30,4
DA:31,1
DA:34,4
DA:35,11
DA:37,11
DA:39,11
DA:41,11
DA:44,4
DA:45,5
DA:46,0
DA:49,5
DA:51,5
DA:53,5
DA:56,4
DA:57,4
DA:60,4
DA:61,4
DA:64,4
DA:65,21
DA:70,21
DA:73,4
DA:74,2
DA:77,76
DA:78,221
DA:79,221
DA:80,35
DA:85,4
DA:86,90
DA:87,90
DA:88,90
DA:91,90
DA:92,90
DA:93,90
DA:96,90
DA:97,90
DA:99,4
LF:48
LH:47
BRDA:45,0,0,0
BRDA:67,1,0,5
BRDA:67,1,1,16
BRDA:77,2,0,37
BRDA:79,3,0,35
BRDA:79,4,0,221
BRDA:79,4,1,101
BRDA:86,5,0,90
BRDA:91,6,0,90
BRF:9
BRH:8
end_of_record
